Steiner Tree LP/MIP Solver

program path  : /home/robert/Documents/studies/discrete_mathematics/steiner-trees/cmake-build-debug/steiner_trees
instance path : instances/integrality_gaps/3_terminals_2k
instance name : 3_terminals_2k

instances/integrality_gaps/3_terminals_2k/3_terminals_2k.json
{
    "graph": {
        "directed": false,
        "edges": [
            {
                "head": 3,
                "tail": 0,
                "weight": 4
            },
            {
                "head": 4,
                "tail": 0,
                "weight": 4
            },
            {
                "head": 5,
                "tail": 0,
                "weight": 4
            },
            {
                "head": 3,
                "tail": 1,
                "weight": 4
            },
            {
                "head": 8,
                "tail": 1,
                "weight": 4
            },
            {
                "head": 9,
                "tail": 1,
                "weight": 6
            },
            {
                "head": 8,
                "tail": 2,
                "weight": 6
            },
            {
                "head": 9,
                "tail": 2,
                "weight": 4
            },
            {
                "head": 5,
                "tail": 2,
                "weight": 4
            },
            {
                "head": 3,
                "tail": 6,
                "weight": 1
            },
            {
                "head": 4,
                "tail": 6,
                "weight": 1
            },
            {
                "head": 8,
                "tail": 6,
                "weight": 1
            },
            {
                "head": 4,
                "tail": 7,
                "weight": 1
            },
            {
                "head": 5,
                "tail": 7,
                "weight": 1
            },
            {
                "head": 9,
                "tail": 7,
                "weight": 1
            }
        ],
        "nodes": [
            {
                "id": 0
            },
            {
                "id": 1
            },
            {
                "id": 2
            },
            {
                "id": 3
            },
            {
                "id": 4
            },
            {
                "id": 5
            },
            {
                "id": 6
            },
            {
                "id": 7
            },
            {
                "id": 8
            },
            {
                "id": 9
            }
        ]
    },
    "nets": [
        {
            "name": "net_0",
            "terminals": [
                0,
                1,
                2
            ]
        }
    ]
}

Graph with 10 nodes and 15 edges

Node 0 with weight 0 and 3 incident edges
[0] = 0 --( 4 )-- 3
[1] = 0 --( 4 )-- 4
[2] = 0 --( 4 )-- 5

Node 1 with weight 0 and 3 incident edges
[3] = 1 --( 4 )-- 3
[4] = 1 --( 4 )-- 8
[5] = 1 --( 6 )-- 9

Node 2 with weight 0 and 3 incident edges
[6] = 2 --( 6 )-- 8
[7] = 2 --( 4 )-- 9
[8] = 2 --( 4 )-- 5

Node 3 with weight 0 and 3 incident edges
[0] = 0 --( 4 )-- 3
[3] = 1 --( 4 )-- 3
[9] = 6 --( 1 )-- 3

Node 4 with weight 0 and 3 incident edges
[1] = 0 --( 4 )-- 4
[10] = 6 --( 1 )-- 4
[12] = 7 --( 1 )-- 4

Node 5 with weight 0 and 3 incident edges
[2] = 0 --( 4 )-- 5
[8] = 2 --( 4 )-- 5
[13] = 7 --( 1 )-- 5

Node 6 with weight 0 and 3 incident edges
[9] = 6 --( 1 )-- 3
[10] = 6 --( 1 )-- 4
[11] = 6 --( 1 )-- 8

Node 7 with weight 0 and 3 incident edges
[12] = 7 --( 1 )-- 4
[13] = 7 --( 1 )-- 5
[14] = 7 --( 1 )-- 9

Node 8 with weight 0 and 3 incident edges
[4] = 1 --( 4 )-- 8
[6] = 2 --( 6 )-- 8
[11] = 6 --( 1 )-- 8

Node 9 with weight 0 and 3 incident edges
[5] = 1 --( 6 )-- 9
[7] = 2 --( 4 )-- 9
[14] = 7 --( 1 )-- 9

Nodes
[0] = (weight = 0)
[1] = (weight = 0)
[2] = (weight = 0)
[3] = (weight = 0)
[4] = (weight = 0)
[5] = (weight = 0)
[6] = (weight = 0)
[7] = (weight = 0)
[8] = (weight = 0)
[9] = (weight = 0)

Edges
[0] = 0 --( 4 )-- 3
[1] = 0 --( 4 )-- 4
[2] = 0 --( 4 )-- 5
[3] = 1 --( 4 )-- 3
[4] = 1 --( 4 )-- 8
[5] = 1 --( 6 )-- 9
[6] = 2 --( 6 )-- 8
[7] = 2 --( 4 )-- 9
[8] = 2 --( 4 )-- 5
[9] = 6 --( 1 )-- 3
[10] = 6 --( 1 )-- 4
[11] = 6 --( 1 )-- 8
[12] = 7 --( 1 )-- 4
[13] = 7 --( 1 )-- 5
[14] = 7 --( 1 )-- 9
[GroupManager] add group GroupSimplexEmbedding
\ Generated by MPModelProtoExporter
\   Name             : SteinerTreeMIP
\   Format           : Free
\   Constraints      : 115
\   Variables        : 76
\     Binary         : 0
\     Integer        : 0
\     Continuous     : 76
Maximize
 Obj: -1 simplex_variable +1 node_0,_terminal_0 +1 node_1,_terminal_1 +1 node_2,_terminal_2 
Subject to
 simplex_embedding_for_node_0: -1 simplex_variable +1 node_0,_terminal_0 +1 node_0,_terminal_1 +1 node_0,_terminal_2  = 0
 simplex_embedding_for_node_1: -1 simplex_variable +1 node_1,_terminal_0 +1 node_1,_terminal_1 +1 node_1,_terminal_2  = 0
 simplex_embedding_for_node_2: -1 simplex_variable +1 node_2,_terminal_0 +1 node_2,_terminal_1 +1 node_2,_terminal_2  = 0
 simplex_embedding_for_node_3: -1 simplex_variable +1 node_3,_terminal_0 +1 node_3,_terminal_1 +1 node_3,_terminal_2  = 0
 simplex_embedding_for_node_4: -1 simplex_variable +1 node_4,_terminal_0 +1 node_4,_terminal_1 +1 node_4,_terminal_2  = 0
 simplex_embedding_for_node_5: -1 simplex_variable +1 node_5,_terminal_0 +1 node_5,_terminal_1 +1 node_5,_terminal_2  = 0
 simplex_embedding_for_node_6: -1 simplex_variable +1 node_6,_terminal_0 +1 node_6,_terminal_1 +1 node_6,_terminal_2  = 0
 simplex_embedding_for_node_7: -1 simplex_variable +1 node_7,_terminal_0 +1 node_7,_terminal_1 +1 node_7,_terminal_2  = 0
 simplex_embedding_for_node_8: -1 simplex_variable +1 node_8,_terminal_0 +1 node_8,_terminal_1 +1 node_8,_terminal_2  = 0
 simplex_embedding_for_node_9: -1 simplex_variable +1 node_9,_terminal_0 +1 node_9,_terminal_1 +1 node_9,_terminal_2  = 0
 cost_bound_for_edge_Edge[0]___{(0,_3),_weight___4.000000}: +1 edge_Edge[0]___{(0,_3),_weight___4.000000},_terminal_0 +1 edge_Edge[0]___{(0,_3),_weight___4.000000},_terminal_1 +1 edge_Edge[0]___{(0,_3),_weight___4.000000},_terminal_2  <= 8
 _1._norm_bound_for_edge_Edge[0]___{(0,_3),_weight___4.000000}_and_terminal_0: +1 node_0,_terminal_0 -1 node_3,_terminal_0 -1 edge_Edge[0]___{(0,_3),_weight___4.000000},_terminal_0  <= 0
 _2._norm_bound_for_edge_Edge[0]___{(0,_3),_weight___4.000000}_and_terminal_0: -1 node_0,_terminal_0 +1 node_3,_terminal_0 -1 edge_Edge[0]___{(0,_3),_weight___4.000000},_terminal_0  <= 0
 _1._norm_bound_for_edge_Edge[0]___{(0,_3),_weight___4.000000}_and_terminal_1: +1 node_0,_terminal_1 -1 node_3,_terminal_1 -1 edge_Edge[0]___{(0,_3),_weight___4.000000},_terminal_1  <= 0
 _2._norm_bound_for_edge_Edge[0]___{(0,_3),_weight___4.000000}_and_terminal_1: -1 node_0,_terminal_1 +1 node_3,_terminal_1 -1 edge_Edge[0]___{(0,_3),_weight___4.000000},_terminal_1  <= 0
 _1._norm_bound_for_edge_Edge[0]___{(0,_3),_weight___4.000000}_and_terminal_2: +1 node_0,_terminal_2 -1 node_3,_terminal_2 -1 edge_Edge[0]___{(0,_3),_weight___4.000000},_terminal_2  <= 0
 _2._norm_bound_for_edge_Edge[0]___{(0,_3),_weight___4.000000}_and_terminal_2: -1 node_0,_terminal_2 +1 node_3,_terminal_2 -1 edge_Edge[0]___{(0,_3),_weight___4.000000},_terminal_2  <= 0
 cost_bound_for_edge_Edge[1]___{(0,_4),_weight___4.000000}: +1 edge_Edge[1]___{(0,_4),_weight___4.000000},_terminal_0 +1 edge_Edge[1]___{(0,_4),_weight___4.000000},_terminal_1 +1 edge_Edge[1]___{(0,_4),_weight___4.000000},_terminal_2  <= 8
 _1._norm_bound_for_edge_Edge[1]___{(0,_4),_weight___4.000000}_and_terminal_0: +1 node_0,_terminal_0 -1 node_4,_terminal_0 -1 edge_Edge[1]___{(0,_4),_weight___4.000000},_terminal_0  <= 0
 _2._norm_bound_for_edge_Edge[1]___{(0,_4),_weight___4.000000}_and_terminal_0: -1 node_0,_terminal_0 +1 node_4,_terminal_0 -1 edge_Edge[1]___{(0,_4),_weight___4.000000},_terminal_0  <= 0
 _1._norm_bound_for_edge_Edge[1]___{(0,_4),_weight___4.000000}_and_terminal_1: +1 node_0,_terminal_1 -1 node_4,_terminal_1 -1 edge_Edge[1]___{(0,_4),_weight___4.000000},_terminal_1  <= 0
 _2._norm_bound_for_edge_Edge[1]___{(0,_4),_weight___4.000000}_and_terminal_1: -1 node_0,_terminal_1 +1 node_4,_terminal_1 -1 edge_Edge[1]___{(0,_4),_weight___4.000000},_terminal_1  <= 0
 _1._norm_bound_for_edge_Edge[1]___{(0,_4),_weight___4.000000}_and_terminal_2: +1 node_0,_terminal_2 -1 node_4,_terminal_2 -1 edge_Edge[1]___{(0,_4),_weight___4.000000},_terminal_2  <= 0
 _2._norm_bound_for_edge_Edge[1]___{(0,_4),_weight___4.000000}_and_terminal_2: -1 node_0,_terminal_2 +1 node_4,_terminal_2 -1 edge_Edge[1]___{(0,_4),_weight___4.000000},_terminal_2  <= 0
 cost_bound_for_edge_Edge[2]___{(0,_5),_weight___4.000000}: +1 edge_Edge[2]___{(0,_5),_weight___4.000000},_terminal_0 +1 edge_Edge[2]___{(0,_5),_weight___4.000000},_terminal_1 +1 edge_Edge[2]___{(0,_5),_weight___4.000000},_terminal_2  <= 8
 _1._norm_bound_for_edge_Edge[2]___{(0,_5),_weight___4.000000}_and_terminal_0: +1 node_0,_terminal_0 -1 node_5,_terminal_0 -1 edge_Edge[2]___{(0,_5),_weight___4.000000},_terminal_0  <= 0
 _2._norm_bound_for_edge_Edge[2]___{(0,_5),_weight___4.000000}_and_terminal_0: -1 node_0,_terminal_0 +1 node_5,_terminal_0 -1 edge_Edge[2]___{(0,_5),_weight___4.000000},_terminal_0  <= 0
 _1._norm_bound_for_edge_Edge[2]___{(0,_5),_weight___4.000000}_and_terminal_1: +1 node_0,_terminal_1 -1 node_5,_terminal_1 -1 edge_Edge[2]___{(0,_5),_weight___4.000000},_terminal_1  <= 0
 _2._norm_bound_for_edge_Edge[2]___{(0,_5),_weight___4.000000}_and_terminal_1: -1 node_0,_terminal_1 +1 node_5,_terminal_1 -1 edge_Edge[2]___{(0,_5),_weight___4.000000},_terminal_1  <= 0
 _1._norm_bound_for_edge_Edge[2]___{(0,_5),_weight___4.000000}_and_terminal_2: +1 node_0,_terminal_2 -1 node_5,_terminal_2 -1 edge_Edge[2]___{(0,_5),_weight___4.000000},_terminal_2  <= 0
 _2._norm_bound_for_edge_Edge[2]___{(0,_5),_weight___4.000000}_and_terminal_2: -1 node_0,_terminal_2 +1 node_5,_terminal_2 -1 edge_Edge[2]___{(0,_5),_weight___4.000000},_terminal_2  <= 0
 cost_bound_for_edge_Edge[3]___{(1,_3),_weight___4.000000}: +1 edge_Edge[3]___{(1,_3),_weight___4.000000},_terminal_0 +1 edge_Edge[3]___{(1,_3),_weight___4.000000},_terminal_1 +1 edge_Edge[3]___{(1,_3),_weight___4.000000},_terminal_2  <= 8
 _1._norm_bound_for_edge_Edge[3]___{(1,_3),_weight___4.000000}_and_terminal_0: +1 node_1,_terminal_0 -1 node_3,_terminal_0 -1 edge_Edge[3]___{(1,_3),_weight___4.000000},_terminal_0  <= 0
 _2._norm_bound_for_edge_Edge[3]___{(1,_3),_weight___4.000000}_and_terminal_0: -1 node_1,_terminal_0 +1 node_3,_terminal_0 -1 edge_Edge[3]___{(1,_3),_weight___4.000000},_terminal_0  <= 0
 _1._norm_bound_for_edge_Edge[3]___{(1,_3),_weight___4.000000}_and_terminal_1: +1 node_1,_terminal_1 -1 node_3,_terminal_1 -1 edge_Edge[3]___{(1,_3),_weight___4.000000},_terminal_1  <= 0
 _2._norm_bound_for_edge_Edge[3]___{(1,_3),_weight___4.000000}_and_terminal_1: -1 node_1,_terminal_1 +1 node_3,_terminal_1 -1 edge_Edge[3]___{(1,_3),_weight___4.000000},_terminal_1  <= 0
 _1._norm_bound_for_edge_Edge[3]___{(1,_3),_weight___4.000000}_and_terminal_2: +1 node_1,_terminal_2 -1 node_3,_terminal_2 -1 edge_Edge[3]___{(1,_3),_weight___4.000000},_terminal_2  <= 0
 _2._norm_bound_for_edge_Edge[3]___{(1,_3),_weight___4.000000}_and_terminal_2: -1 node_1,_terminal_2 +1 node_3,_terminal_2 -1 edge_Edge[3]___{(1,_3),_weight___4.000000},_terminal_2  <= 0
 cost_bound_for_edge_Edge[4]___{(1,_8),_weight___4.000000}: +1 edge_Edge[4]___{(1,_8),_weight___4.000000},_terminal_0 +1 edge_Edge[4]___{(1,_8),_weight___4.000000},_terminal_1 +1 edge_Edge[4]___{(1,_8),_weight___4.000000},_terminal_2  <= 8
 _1._norm_bound_for_edge_Edge[4]___{(1,_8),_weight___4.000000}_and_terminal_0: +1 node_1,_terminal_0 -1 node_8,_terminal_0 -1 edge_Edge[4]___{(1,_8),_weight___4.000000},_terminal_0  <= 0
 _2._norm_bound_for_edge_Edge[4]___{(1,_8),_weight___4.000000}_and_terminal_0: -1 node_1,_terminal_0 +1 node_8,_terminal_0 -1 edge_Edge[4]___{(1,_8),_weight___4.000000},_terminal_0  <= 0
 _1._norm_bound_for_edge_Edge[4]___{(1,_8),_weight___4.000000}_and_terminal_1: +1 node_1,_terminal_1 -1 node_8,_terminal_1 -1 edge_Edge[4]___{(1,_8),_weight___4.000000},_terminal_1  <= 0
 _2._norm_bound_for_edge_Edge[4]___{(1,_8),_weight___4.000000}_and_terminal_1: -1 node_1,_terminal_1 +1 node_8,_terminal_1 -1 edge_Edge[4]___{(1,_8),_weight___4.000000},_terminal_1  <= 0
 _1._norm_bound_for_edge_Edge[4]___{(1,_8),_weight___4.000000}_and_terminal_2: +1 node_1,_terminal_2 -1 node_8,_terminal_2 -1 edge_Edge[4]___{(1,_8),_weight___4.000000},_terminal_2  <= 0
 _2._norm_bound_for_edge_Edge[4]___{(1,_8),_weight___4.000000}_and_terminal_2: -1 node_1,_terminal_2 +1 node_8,_terminal_2 -1 edge_Edge[4]___{(1,_8),_weight___4.000000},_terminal_2  <= 0
 cost_bound_for_edge_Edge[5]___{(1,_9),_weight___6.000000}: +1 edge_Edge[5]___{(1,_9),_weight___6.000000},_terminal_0 +1 edge_Edge[5]___{(1,_9),_weight___6.000000},_terminal_1 +1 edge_Edge[5]___{(1,_9),_weight___6.000000},_terminal_2  <= 12
 _1._norm_bound_for_edge_Edge[5]___{(1,_9),_weight___6.000000}_and_terminal_0: +1 node_1,_terminal_0 -1 node_9,_terminal_0 -1 edge_Edge[5]___{(1,_9),_weight___6.000000},_terminal_0  <= 0
 _2._norm_bound_for_edge_Edge[5]___{(1,_9),_weight___6.000000}_and_terminal_0: -1 node_1,_terminal_0 +1 node_9,_terminal_0 -1 edge_Edge[5]___{(1,_9),_weight___6.000000},_terminal_0  <= 0
 _1._norm_bound_for_edge_Edge[5]___{(1,_9),_weight___6.000000}_and_terminal_1: +1 node_1,_terminal_1 -1 node_9,_terminal_1 -1 edge_Edge[5]___{(1,_9),_weight___6.000000},_terminal_1  <= 0
 _2._norm_bound_for_edge_Edge[5]___{(1,_9),_weight___6.000000}_and_terminal_1: -1 node_1,_terminal_1 +1 node_9,_terminal_1 -1 edge_Edge[5]___{(1,_9),_weight___6.000000},_terminal_1  <= 0
 _1._norm_bound_for_edge_Edge[5]___{(1,_9),_weight___6.000000}_and_terminal_2: +1 node_1,_terminal_2 -1 node_9,_terminal_2 -1 edge_Edge[5]___{(1,_9),_weight___6.000000},_terminal_2  <= 0
 _2._norm_bound_for_edge_Edge[5]___{(1,_9),_weight___6.000000}_and_terminal_2: -1 node_1,_terminal_2 +1 node_9,_terminal_2 -1 edge_Edge[5]___{(1,_9),_weight___6.000000},_terminal_2  <= 0
 cost_bound_for_edge_Edge[6]___{(2,_8),_weight___6.000000}: +1 edge_Edge[6]___{(2,_8),_weight___6.000000},_terminal_0 +1 edge_Edge[6]___{(2,_8),_weight___6.000000},_terminal_1 +1 edge_Edge[6]___{(2,_8),_weight___6.000000},_terminal_2  <= 12
 _1._norm_bound_for_edge_Edge[6]___{(2,_8),_weight___6.000000}_and_terminal_0: +1 node_2,_terminal_0 -1 node_8,_terminal_0 -1 edge_Edge[6]___{(2,_8),_weight___6.000000},_terminal_0  <= 0
 _2._norm_bound_for_edge_Edge[6]___{(2,_8),_weight___6.000000}_and_terminal_0: -1 node_2,_terminal_0 +1 node_8,_terminal_0 -1 edge_Edge[6]___{(2,_8),_weight___6.000000},_terminal_0  <= 0
 _1._norm_bound_for_edge_Edge[6]___{(2,_8),_weight___6.000000}_and_terminal_1: +1 node_2,_terminal_1 -1 node_8,_terminal_1 -1 edge_Edge[6]___{(2,_8),_weight___6.000000},_terminal_1  <= 0
 _2._norm_bound_for_edge_Edge[6]___{(2,_8),_weight___6.000000}_and_terminal_1: -1 node_2,_terminal_1 +1 node_8,_terminal_1 -1 edge_Edge[6]___{(2,_8),_weight___6.000000},_terminal_1  <= 0
 _1._norm_bound_for_edge_Edge[6]___{(2,_8),_weight___6.000000}_and_terminal_2: +1 node_2,_terminal_2 -1 node_8,_terminal_2 -1 edge_Edge[6]___{(2,_8),_weight___6.000000},_terminal_2  <= 0
 _2._norm_bound_for_edge_Edge[6]___{(2,_8),_weight___6.000000}_and_terminal_2: -1 node_2,_terminal_2 +1 node_8,_terminal_2 -1 edge_Edge[6]___{(2,_8),_weight___6.000000},_terminal_2  <= 0
 cost_bound_for_edge_Edge[7]___{(2,_9),_weight___4.000000}: +1 edge_Edge[7]___{(2,_9),_weight___4.000000},_terminal_0 +1 edge_Edge[7]___{(2,_9),_weight___4.000000},_terminal_1 +1 edge_Edge[7]___{(2,_9),_weight___4.000000},_terminal_2  <= 8
 _1._norm_bound_for_edge_Edge[7]___{(2,_9),_weight___4.000000}_and_terminal_0: +1 node_2,_terminal_0 -1 node_9,_terminal_0 -1 edge_Edge[7]___{(2,_9),_weight___4.000000},_terminal_0  <= 0
 _2._norm_bound_for_edge_Edge[7]___{(2,_9),_weight___4.000000}_and_terminal_0: -1 node_2,_terminal_0 +1 node_9,_terminal_0 -1 edge_Edge[7]___{(2,_9),_weight___4.000000},_terminal_0  <= 0
 _1._norm_bound_for_edge_Edge[7]___{(2,_9),_weight___4.000000}_and_terminal_1: +1 node_2,_terminal_1 -1 node_9,_terminal_1 -1 edge_Edge[7]___{(2,_9),_weight___4.000000},_terminal_1  <= 0
 _2._norm_bound_for_edge_Edge[7]___{(2,_9),_weight___4.000000}_and_terminal_1: -1 node_2,_terminal_1 +1 node_9,_terminal_1 -1 edge_Edge[7]___{(2,_9),_weight___4.000000},_terminal_1  <= 0
 _1._norm_bound_for_edge_Edge[7]___{(2,_9),_weight___4.000000}_and_terminal_2: +1 node_2,_terminal_2 -1 node_9,_terminal_2 -1 edge_Edge[7]___{(2,_9),_weight___4.000000},_terminal_2  <= 0
 _2._norm_bound_for_edge_Edge[7]___{(2,_9),_weight___4.000000}_and_terminal_2: -1 node_2,_terminal_2 +1 node_9,_terminal_2 -1 edge_Edge[7]___{(2,_9),_weight___4.000000},_terminal_2  <= 0
 cost_bound_for_edge_Edge[8]___{(2,_5),_weight___4.000000}: +1 edge_Edge[8]___{(2,_5),_weight___4.000000},_terminal_0 +1 edge_Edge[8]___{(2,_5),_weight___4.000000},_terminal_1 +1 edge_Edge[8]___{(2,_5),_weight___4.000000},_terminal_2  <= 8
 _1._norm_bound_for_edge_Edge[8]___{(2,_5),_weight___4.000000}_and_terminal_0: +1 node_2,_terminal_0 -1 node_5,_terminal_0 -1 edge_Edge[8]___{(2,_5),_weight___4.000000},_terminal_0  <= 0
 _2._norm_bound_for_edge_Edge[8]___{(2,_5),_weight___4.000000}_and_terminal_0: -1 node_2,_terminal_0 +1 node_5,_terminal_0 -1 edge_Edge[8]___{(2,_5),_weight___4.000000},_terminal_0  <= 0
 _1._norm_bound_for_edge_Edge[8]___{(2,_5),_weight___4.000000}_and_terminal_1: +1 node_2,_terminal_1 -1 node_5,_terminal_1 -1 edge_Edge[8]___{(2,_5),_weight___4.000000},_terminal_1  <= 0
 _2._norm_bound_for_edge_Edge[8]___{(2,_5),_weight___4.000000}_and_terminal_1: -1 node_2,_terminal_1 +1 node_5,_terminal_1 -1 edge_Edge[8]___{(2,_5),_weight___4.000000},_terminal_1  <= 0
 _1._norm_bound_for_edge_Edge[8]___{(2,_5),_weight___4.000000}_and_terminal_2: +1 node_2,_terminal_2 -1 node_5,_terminal_2 -1 edge_Edge[8]___{(2,_5),_weight___4.000000},_terminal_2  <= 0
 _2._norm_bound_for_edge_Edge[8]___{(2,_5),_weight___4.000000}_and_terminal_2: -1 node_2,_terminal_2 +1 node_5,_terminal_2 -1 edge_Edge[8]___{(2,_5),_weight___4.000000},_terminal_2  <= 0
 cost_bound_for_edge_Edge[9]___{(6,_3),_weight___1.000000}: +1 edge_Edge[9]___{(6,_3),_weight___1.000000},_terminal_0 +1 edge_Edge[9]___{(6,_3),_weight___1.000000},_terminal_1 +1 edge_Edge[9]___{(6,_3),_weight___1.000000},_terminal_2  <= 2
 _1._norm_bound_for_edge_Edge[9]___{(6,_3),_weight___1.000000}_and_terminal_0: -1 node_3,_terminal_0 +1 node_6,_terminal_0 -1 edge_Edge[9]___{(6,_3),_weight___1.000000},_terminal_0  <= 0
 _2._norm_bound_for_edge_Edge[9]___{(6,_3),_weight___1.000000}_and_terminal_0: +1 node_3,_terminal_0 -1 node_6,_terminal_0 -1 edge_Edge[9]___{(6,_3),_weight___1.000000},_terminal_0  <= 0
 _1._norm_bound_for_edge_Edge[9]___{(6,_3),_weight___1.000000}_and_terminal_1: -1 node_3,_terminal_1 +1 node_6,_terminal_1 -1 edge_Edge[9]___{(6,_3),_weight___1.000000},_terminal_1  <= 0
 _2._norm_bound_for_edge_Edge[9]___{(6,_3),_weight___1.000000}_and_terminal_1: +1 node_3,_terminal_1 -1 node_6,_terminal_1 -1 edge_Edge[9]___{(6,_3),_weight___1.000000},_terminal_1  <= 0
 _1._norm_bound_for_edge_Edge[9]___{(6,_3),_weight___1.000000}_and_terminal_2: -1 node_3,_terminal_2 +1 node_6,_terminal_2 -1 edge_Edge[9]___{(6,_3),_weight___1.000000},_terminal_2  <= 0
 _2._norm_bound_for_edge_Edge[9]___{(6,_3),_weight___1.000000}_and_terminal_2: +1 node_3,_terminal_2 -1 node_6,_terminal_2 -1 edge_Edge[9]___{(6,_3),_weight___1.000000},_terminal_2  <= 0
 cost_bound_for_edge_Edge[10]___{(6,_4),_weight___1.000000}: +1 edge_Edge[10]___{(6,_4),_weight___1.000000},_terminal_0 +1 edge_Edge[10]___{(6,_4),_weight___1.000000},_terminal_1 +1 edge_Edge[10]___{(6,_4),_weight___1.000000},_terminal_2  <= 2
 _1._norm_bound_for_edge_Edge[10]___{(6,_4),_weight___1.000000}_and_terminal_0: -1 node_4,_terminal_0 +1 node_6,_terminal_0 -1 edge_Edge[10]___{(6,_4),_weight___1.000000},_terminal_0  <= 0
 _2._norm_bound_for_edge_Edge[10]___{(6,_4),_weight___1.000000}_and_terminal_0: +1 node_4,_terminal_0 -1 node_6,_terminal_0 -1 edge_Edge[10]___{(6,_4),_weight___1.000000},_terminal_0  <= 0
 _1._norm_bound_for_edge_Edge[10]___{(6,_4),_weight___1.000000}_and_terminal_1: -1 node_4,_terminal_1 +1 node_6,_terminal_1 -1 edge_Edge[10]___{(6,_4),_weight___1.000000},_terminal_1  <= 0
 _2._norm_bound_for_edge_Edge[10]___{(6,_4),_weight___1.000000}_and_terminal_1: +1 node_4,_terminal_1 -1 node_6,_terminal_1 -1 edge_Edge[10]___{(6,_4),_weight___1.000000},_terminal_1  <= 0
 _1._norm_bound_for_edge_Edge[10]___{(6,_4),_weight___1.000000}_and_terminal_2: -1 node_4,_terminal_2 +1 node_6,_terminal_2 -1 edge_Edge[10]___{(6,_4),_weight___1.000000},_terminal_2  <= 0
 _2._norm_bound_for_edge_Edge[10]___{(6,_4),_weight___1.000000}_and_terminal_2: +1 node_4,_terminal_2 -1 node_6,_terminal_2 -1 edge_Edge[10]___{(6,_4),_weight___1.000000},_terminal_2  <= 0
 cost_bound_for_edge_Edge[11]___{(6,_8),_weight___1.000000}: +1 edge_Edge[11]___{(6,_8),_weight___1.000000},_terminal_0 +1 edge_Edge[11]___{(6,_8),_weight___1.000000},_terminal_1 +1 edge_Edge[11]___{(6,_8),_weight___1.000000},_terminal_2  <= 2
 _1._norm_bound_for_edge_Edge[11]___{(6,_8),_weight___1.000000}_and_terminal_0: +1 node_6,_terminal_0 -1 node_8,_terminal_0 -1 edge_Edge[11]___{(6,_8),_weight___1.000000},_terminal_0  <= 0
 _2._norm_bound_for_edge_Edge[11]___{(6,_8),_weight___1.000000}_and_terminal_0: -1 node_6,_terminal_0 +1 node_8,_terminal_0 -1 edge_Edge[11]___{(6,_8),_weight___1.000000},_terminal_0  <= 0
 _1._norm_bound_for_edge_Edge[11]___{(6,_8),_weight___1.000000}_and_terminal_1: +1 node_6,_terminal_1 -1 node_8,_terminal_1 -1 edge_Edge[11]___{(6,_8),_weight___1.000000},_terminal_1  <= 0
 _2._norm_bound_for_edge_Edge[11]___{(6,_8),_weight___1.000000}_and_terminal_1: -1 node_6,_terminal_1 +1 node_8,_terminal_1 -1 edge_Edge[11]___{(6,_8),_weight___1.000000},_terminal_1  <= 0
 _1._norm_bound_for_edge_Edge[11]___{(6,_8),_weight___1.000000}_and_terminal_2: +1 node_6,_terminal_2 -1 node_8,_terminal_2 -1 edge_Edge[11]___{(6,_8),_weight___1.000000},_terminal_2  <= 0
 _2._norm_bound_for_edge_Edge[11]___{(6,_8),_weight___1.000000}_and_terminal_2: -1 node_6,_terminal_2 +1 node_8,_terminal_2 -1 edge_Edge[11]___{(6,_8),_weight___1.000000},_terminal_2  <= 0
 cost_bound_for_edge_Edge[12]___{(7,_4),_weight___1.000000}: +1 edge_Edge[12]___{(7,_4),_weight___1.000000},_terminal_0 +1 edge_Edge[12]___{(7,_4),_weight___1.000000},_terminal_1 +1 edge_Edge[12]___{(7,_4),_weight___1.000000},_terminal_2  <= 2
 _1._norm_bound_for_edge_Edge[12]___{(7,_4),_weight___1.000000}_and_terminal_0: -1 node_4,_terminal_0 +1 node_7,_terminal_0 -1 edge_Edge[12]___{(7,_4),_weight___1.000000},_terminal_0  <= 0
 _2._norm_bound_for_edge_Edge[12]___{(7,_4),_weight___1.000000}_and_terminal_0: +1 node_4,_terminal_0 -1 node_7,_terminal_0 -1 edge_Edge[12]___{(7,_4),_weight___1.000000},_terminal_0  <= 0
 _1._norm_bound_for_edge_Edge[12]___{(7,_4),_weight___1.000000}_and_terminal_1: -1 node_4,_terminal_1 +1 node_7,_terminal_1 -1 edge_Edge[12]___{(7,_4),_weight___1.000000},_terminal_1  <= 0
 _2._norm_bound_for_edge_Edge[12]___{(7,_4),_weight___1.000000}_and_terminal_1: +1 node_4,_terminal_1 -1 node_7,_terminal_1 -1 edge_Edge[12]___{(7,_4),_weight___1.000000},_terminal_1  <= 0
 _1._norm_bound_for_edge_Edge[12]___{(7,_4),_weight___1.000000}_and_terminal_2: -1 node_4,_terminal_2 +1 node_7,_terminal_2 -1 edge_Edge[12]___{(7,_4),_weight___1.000000},_terminal_2  <= 0
 _2._norm_bound_for_edge_Edge[12]___{(7,_4),_weight___1.000000}_and_terminal_2: +1 node_4,_terminal_2 -1 node_7,_terminal_2 -1 edge_Edge[12]___{(7,_4),_weight___1.000000},_terminal_2  <= 0
 cost_bound_for_edge_Edge[13]___{(7,_5),_weight___1.000000}: +1 edge_Edge[13]___{(7,_5),_weight___1.000000},_terminal_0 +1 edge_Edge[13]___{(7,_5),_weight___1.000000},_terminal_1 +1 edge_Edge[13]___{(7,_5),_weight___1.000000},_terminal_2  <= 2
 _1._norm_bound_for_edge_Edge[13]___{(7,_5),_weight___1.000000}_and_terminal_0: -1 node_5,_terminal_0 +1 node_7,_terminal_0 -1 edge_Edge[13]___{(7,_5),_weight___1.000000},_terminal_0  <= 0
 _2._norm_bound_for_edge_Edge[13]___{(7,_5),_weight___1.000000}_and_terminal_0: +1 node_5,_terminal_0 -1 node_7,_terminal_0 -1 edge_Edge[13]___{(7,_5),_weight___1.000000},_terminal_0  <= 0
 _1._norm_bound_for_edge_Edge[13]___{(7,_5),_weight___1.000000}_and_terminal_1: -1 node_5,_terminal_1 +1 node_7,_terminal_1 -1 edge_Edge[13]___{(7,_5),_weight___1.000000},_terminal_1  <= 0
 _2._norm_bound_for_edge_Edge[13]___{(7,_5),_weight___1.000000}_and_terminal_1: +1 node_5,_terminal_1 -1 node_7,_terminal_1 -1 edge_Edge[13]___{(7,_5),_weight___1.000000},_terminal_1  <= 0
 _1._norm_bound_for_edge_Edge[13]___{(7,_5),_weight___1.000000}_and_terminal_2: -1 node_5,_terminal_2 +1 node_7,_terminal_2 -1 edge_Edge[13]___{(7,_5),_weight___1.000000},_terminal_2  <= 0
 _2._norm_bound_for_edge_Edge[13]___{(7,_5),_weight___1.000000}_and_terminal_2: +1 node_5,_terminal_2 -1 node_7,_terminal_2 -1 edge_Edge[13]___{(7,_5),_weight___1.000000},_terminal_2  <= 0
 cost_bound_for_edge_Edge[14]___{(7,_9),_weight___1.000000}: +1 edge_Edge[14]___{(7,_9),_weight___1.000000},_terminal_0 +1 edge_Edge[14]___{(7,_9),_weight___1.000000},_terminal_1 +1 edge_Edge[14]___{(7,_9),_weight___1.000000},_terminal_2  <= 2
 _1._norm_bound_for_edge_Edge[14]___{(7,_9),_weight___1.000000}_and_terminal_0: +1 node_7,_terminal_0 -1 node_9,_terminal_0 -1 edge_Edge[14]___{(7,_9),_weight___1.000000},_terminal_0  <= 0
 _2._norm_bound_for_edge_Edge[14]___{(7,_9),_weight___1.000000}_and_terminal_0: -1 node_7,_terminal_0 +1 node_9,_terminal_0 -1 edge_Edge[14]___{(7,_9),_weight___1.000000},_terminal_0  <= 0
 _1._norm_bound_for_edge_Edge[14]___{(7,_9),_weight___1.000000}_and_terminal_1: +1 node_7,_terminal_1 -1 node_9,_terminal_1 -1 edge_Edge[14]___{(7,_9),_weight___1.000000},_terminal_1  <= 0
 _2._norm_bound_for_edge_Edge[14]___{(7,_9),_weight___1.000000}_and_terminal_1: -1 node_7,_terminal_1 +1 node_9,_terminal_1 -1 edge_Edge[14]___{(7,_9),_weight___1.000000},_terminal_1  <= 0
 _1._norm_bound_for_edge_Edge[14]___{(7,_9),_weight___1.000000}_and_terminal_2: +1 node_7,_terminal_2 -1 node_9,_terminal_2 -1 edge_Edge[14]___{(7,_9),_weight___1.000000},_terminal_2  <= 0
 _2._norm_bound_for_edge_Edge[14]___{(7,_9),_weight___1.000000}_and_terminal_2: -1 node_7,_terminal_2 +1 node_9,_terminal_2 -1 edge_Edge[14]___{(7,_9),_weight___1.000000},_terminal_2  <= 0
Bounds
 0 <= simplex_variable
 0 <= node_0,_terminal_0
 0 <= node_1,_terminal_0
 0 <= node_2,_terminal_0
 0 <= node_3,_terminal_0
 0 <= node_4,_terminal_0
 0 <= node_5,_terminal_0
 0 <= node_6,_terminal_0
 0 <= node_7,_terminal_0
 0 <= node_8,_terminal_0
 0 <= node_9,_terminal_0
 0 <= edge_Edge[0]___{(0,_3),_weight___4.000000},_terminal_0
 0 <= edge_Edge[1]___{(0,_4),_weight___4.000000},_terminal_0
 0 <= edge_Edge[2]___{(0,_5),_weight___4.000000},_terminal_0
 0 <= edge_Edge[3]___{(1,_3),_weight___4.000000},_terminal_0
 0 <= edge_Edge[4]___{(1,_8),_weight___4.000000},_terminal_0
 0 <= edge_Edge[5]___{(1,_9),_weight___6.000000},_terminal_0
 0 <= edge_Edge[6]___{(2,_8),_weight___6.000000},_terminal_0
 0 <= edge_Edge[7]___{(2,_9),_weight___4.000000},_terminal_0
 0 <= edge_Edge[8]___{(2,_5),_weight___4.000000},_terminal_0
 0 <= edge_Edge[9]___{(6,_3),_weight___1.000000},_terminal_0
 0 <= edge_Edge[10]___{(6,_4),_weight___1.000000},_terminal_0
 0 <= edge_Edge[11]___{(6,_8),_weight___1.000000},_terminal_0
 0 <= edge_Edge[12]___{(7,_4),_weight___1.000000},_terminal_0
 0 <= edge_Edge[13]___{(7,_5),_weight___1.000000},_terminal_0
 0 <= edge_Edge[14]___{(7,_9),_weight___1.000000},_terminal_0
 0 <= node_0,_terminal_1
 0 <= node_1,_terminal_1
 0 <= node_2,_terminal_1
 0 <= node_3,_terminal_1
 0 <= node_4,_terminal_1
 0 <= node_5,_terminal_1
 0 <= node_6,_terminal_1
 0 <= node_7,_terminal_1
 0 <= node_8,_terminal_1
 0 <= node_9,_terminal_1
 0 <= edge_Edge[0]___{(0,_3),_weight___4.000000},_terminal_1
 0 <= edge_Edge[1]___{(0,_4),_weight___4.000000},_terminal_1
 0 <= edge_Edge[2]___{(0,_5),_weight___4.000000},_terminal_1
 0 <= edge_Edge[3]___{(1,_3),_weight___4.000000},_terminal_1
 0 <= edge_Edge[4]___{(1,_8),_weight___4.000000},_terminal_1
 0 <= edge_Edge[5]___{(1,_9),_weight___6.000000},_terminal_1
 0 <= edge_Edge[6]___{(2,_8),_weight___6.000000},_terminal_1
 0 <= edge_Edge[7]___{(2,_9),_weight___4.000000},_terminal_1
 0 <= edge_Edge[8]___{(2,_5),_weight___4.000000},_terminal_1
 0 <= edge_Edge[9]___{(6,_3),_weight___1.000000},_terminal_1
 0 <= edge_Edge[10]___{(6,_4),_weight___1.000000},_terminal_1
 0 <= edge_Edge[11]___{(6,_8),_weight___1.000000},_terminal_1
 0 <= edge_Edge[12]___{(7,_4),_weight___1.000000},_terminal_1
 0 <= edge_Edge[13]___{(7,_5),_weight___1.000000},_terminal_1
 0 <= edge_Edge[14]___{(7,_9),_weight___1.000000},_terminal_1
 0 <= node_0,_terminal_2
 0 <= node_1,_terminal_2
 0 <= node_2,_terminal_2
 0 <= node_3,_terminal_2
 0 <= node_4,_terminal_2
 0 <= node_5,_terminal_2
 0 <= node_6,_terminal_2
 0 <= node_7,_terminal_2
 0 <= node_8,_terminal_2
 0 <= node_9,_terminal_2
 0 <= edge_Edge[0]___{(0,_3),_weight___4.000000},_terminal_2
 0 <= edge_Edge[1]___{(0,_4),_weight___4.000000},_terminal_2
 0 <= edge_Edge[2]___{(0,_5),_weight___4.000000},_terminal_2
 0 <= edge_Edge[3]___{(1,_3),_weight___4.000000},_terminal_2
 0 <= edge_Edge[4]___{(1,_8),_weight___4.000000},_terminal_2
 0 <= edge_Edge[5]___{(1,_9),_weight___6.000000},_terminal_2
 0 <= edge_Edge[6]___{(2,_8),_weight___6.000000},_terminal_2
 0 <= edge_Edge[7]___{(2,_9),_weight___4.000000},_terminal_2
 0 <= edge_Edge[8]___{(2,_5),_weight___4.000000},_terminal_2
 0 <= edge_Edge[9]___{(6,_3),_weight___1.000000},_terminal_2
 0 <= edge_Edge[10]___{(6,_4),_weight___1.000000},_terminal_2
 0 <= edge_Edge[11]___{(6,_8),_weight___1.000000},_terminal_2
 0 <= edge_Edge[12]___{(7,_4),_weight___1.000000},_terminal_2
 0 <= edge_Edge[13]___{(7,_5),_weight___1.000000},_terminal_2
 0 <= edge_Edge[14]___{(7,_9),_weight___1.000000},_terminal_2
End
[MIPSolver] number of variables   = 76
[MIPSolver] number of constraints = 115
[MIPSolver] Problem solved in 57 milliseconds.
[MIPSolver] optimal objective value = 15.3333
[GroupManager] compute solution for group GroupSimplexEmbedding
[GroupManager] add group GroupSimplexEmbedding
\ Generated by MPModelProtoExporter
\   Name             : SteinerTreeMIP
\   Format           : Free
\   Constraints      : 115
\   Variables        : 76
\     Binary         : 0
\     Integer        : 0
\     Continuous     : 76
Maximize
 Obj: -1 simplex_variable +1 node_0,_terminal_0 +1 node_1,_terminal_1 +1 node_2,_terminal_2 
Subject to
 simplex_embedding_for_node_0: -1 simplex_variable +1 node_0,_terminal_0 +1 node_0,_terminal_1 +1 node_0,_terminal_2  = 0
 simplex_embedding_for_node_1: -1 simplex_variable +1 node_1,_terminal_0 +1 node_1,_terminal_1 +1 node_1,_terminal_2  = 0
 simplex_embedding_for_node_2: -1 simplex_variable +1 node_2,_terminal_0 +1 node_2,_terminal_1 +1 node_2,_terminal_2  = 0
 simplex_embedding_for_node_3: -1 simplex_variable +1 node_3,_terminal_0 +1 node_3,_terminal_1 +1 node_3,_terminal_2  = 0
 simplex_embedding_for_node_4: -1 simplex_variable +1 node_4,_terminal_0 +1 node_4,_terminal_1 +1 node_4,_terminal_2  = 0
 simplex_embedding_for_node_5: -1 simplex_variable +1 node_5,_terminal_0 +1 node_5,_terminal_1 +1 node_5,_terminal_2  = 0
 simplex_embedding_for_node_6: -1 simplex_variable +1 node_6,_terminal_0 +1 node_6,_terminal_1 +1 node_6,_terminal_2  = 0
 simplex_embedding_for_node_7: -1 simplex_variable +1 node_7,_terminal_0 +1 node_7,_terminal_1 +1 node_7,_terminal_2  = 0
 simplex_embedding_for_node_8: -1 simplex_variable +1 node_8,_terminal_0 +1 node_8,_terminal_1 +1 node_8,_terminal_2  = 0
 simplex_embedding_for_node_9: -1 simplex_variable +1 node_9,_terminal_0 +1 node_9,_terminal_1 +1 node_9,_terminal_2  = 0
 cost_bound_for_edge_Edge[0]___{(0,_3),_weight___4.000000}: +1 edge_Edge[0]___{(0,_3),_weight___4.000000},_terminal_0 +1 edge_Edge[0]___{(0,_3),_weight___4.000000},_terminal_1 +1 edge_Edge[0]___{(0,_3),_weight___4.000000},_terminal_2  <= 8
 _1._norm_bound_for_edge_Edge[0]___{(0,_3),_weight___4.000000}_and_terminal_0: +1 node_0,_terminal_0 -1 node_3,_terminal_0 -1 edge_Edge[0]___{(0,_3),_weight___4.000000},_terminal_0  <= 0
 _2._norm_bound_for_edge_Edge[0]___{(0,_3),_weight___4.000000}_and_terminal_0: -1 node_0,_terminal_0 +1 node_3,_terminal_0 -1 edge_Edge[0]___{(0,_3),_weight___4.000000},_terminal_0  <= 0
 _1._norm_bound_for_edge_Edge[0]___{(0,_3),_weight___4.000000}_and_terminal_1: +1 node_0,_terminal_1 -1 node_3,_terminal_1 -1 edge_Edge[0]___{(0,_3),_weight___4.000000},_terminal_1  <= 0
 _2._norm_bound_for_edge_Edge[0]___{(0,_3),_weight___4.000000}_and_terminal_1: -1 node_0,_terminal_1 +1 node_3,_terminal_1 -1 edge_Edge[0]___{(0,_3),_weight___4.000000},_terminal_1  <= 0
 _1._norm_bound_for_edge_Edge[0]___{(0,_3),_weight___4.000000}_and_terminal_2: +1 node_0,_terminal_2 -1 node_3,_terminal_2 -1 edge_Edge[0]___{(0,_3),_weight___4.000000},_terminal_2  <= 0
 _2._norm_bound_for_edge_Edge[0]___{(0,_3),_weight___4.000000}_and_terminal_2: -1 node_0,_terminal_2 +1 node_3,_terminal_2 -1 edge_Edge[0]___{(0,_3),_weight___4.000000},_terminal_2  <= 0
 cost_bound_for_edge_Edge[1]___{(0,_4),_weight___4.000000}: +1 edge_Edge[1]___{(0,_4),_weight___4.000000},_terminal_0 +1 edge_Edge[1]___{(0,_4),_weight___4.000000},_terminal_1 +1 edge_Edge[1]___{(0,_4),_weight___4.000000},_terminal_2  <= 8
 _1._norm_bound_for_edge_Edge[1]___{(0,_4),_weight___4.000000}_and_terminal_0: +1 node_0,_terminal_0 -1 node_4,_terminal_0 -1 edge_Edge[1]___{(0,_4),_weight___4.000000},_terminal_0  <= 0
 _2._norm_bound_for_edge_Edge[1]___{(0,_4),_weight___4.000000}_and_terminal_0: -1 node_0,_terminal_0 +1 node_4,_terminal_0 -1 edge_Edge[1]___{(0,_4),_weight___4.000000},_terminal_0  <= 0
 _1._norm_bound_for_edge_Edge[1]___{(0,_4),_weight___4.000000}_and_terminal_1: +1 node_0,_terminal_1 -1 node_4,_terminal_1 -1 edge_Edge[1]___{(0,_4),_weight___4.000000},_terminal_1  <= 0
 _2._norm_bound_for_edge_Edge[1]___{(0,_4),_weight___4.000000}_and_terminal_1: -1 node_0,_terminal_1 +1 node_4,_terminal_1 -1 edge_Edge[1]___{(0,_4),_weight___4.000000},_terminal_1  <= 0
 _1._norm_bound_for_edge_Edge[1]___{(0,_4),_weight___4.000000}_and_terminal_2: +1 node_0,_terminal_2 -1 node_4,_terminal_2 -1 edge_Edge[1]___{(0,_4),_weight___4.000000},_terminal_2  <= 0
 _2._norm_bound_for_edge_Edge[1]___{(0,_4),_weight___4.000000}_and_terminal_2: -1 node_0,_terminal_2 +1 node_4,_terminal_2 -1 edge_Edge[1]___{(0,_4),_weight___4.000000},_terminal_2  <= 0
 cost_bound_for_edge_Edge[2]___{(0,_5),_weight___4.000000}: +1 edge_Edge[2]___{(0,_5),_weight___4.000000},_terminal_0 +1 edge_Edge[2]___{(0,_5),_weight___4.000000},_terminal_1 +1 edge_Edge[2]___{(0,_5),_weight___4.000000},_terminal_2  <= 8
 _1._norm_bound_for_edge_Edge[2]___{(0,_5),_weight___4.000000}_and_terminal_0: +1 node_0,_terminal_0 -1 node_5,_terminal_0 -1 edge_Edge[2]___{(0,_5),_weight___4.000000},_terminal_0  <= 0
 _2._norm_bound_for_edge_Edge[2]___{(0,_5),_weight___4.000000}_and_terminal_0: -1 node_0,_terminal_0 +1 node_5,_terminal_0 -1 edge_Edge[2]___{(0,_5),_weight___4.000000},_terminal_0  <= 0
 _1._norm_bound_for_edge_Edge[2]___{(0,_5),_weight___4.000000}_and_terminal_1: +1 node_0,_terminal_1 -1 node_5,_terminal_1 -1 edge_Edge[2]___{(0,_5),_weight___4.000000},_terminal_1  <= 0
 _2._norm_bound_for_edge_Edge[2]___{(0,_5),_weight___4.000000}_and_terminal_1: -1 node_0,_terminal_1 +1 node_5,_terminal_1 -1 edge_Edge[2]___{(0,_5),_weight___4.000000},_terminal_1  <= 0
 _1._norm_bound_for_edge_Edge[2]___{(0,_5),_weight___4.000000}_and_terminal_2: +1 node_0,_terminal_2 -1 node_5,_terminal_2 -1 edge_Edge[2]___{(0,_5),_weight___4.000000},_terminal_2  <= 0
 _2._norm_bound_for_edge_Edge[2]___{(0,_5),_weight___4.000000}_and_terminal_2: -1 node_0,_terminal_2 +1 node_5,_terminal_2 -1 edge_Edge[2]___{(0,_5),_weight___4.000000},_terminal_2  <= 0
 cost_bound_for_edge_Edge[3]___{(1,_3),_weight___4.000000}: +1 edge_Edge[3]___{(1,_3),_weight___4.000000},_terminal_0 +1 edge_Edge[3]___{(1,_3),_weight___4.000000},_terminal_1 +1 edge_Edge[3]___{(1,_3),_weight___4.000000},_terminal_2  <= 8
 _1._norm_bound_for_edge_Edge[3]___{(1,_3),_weight___4.000000}_and_terminal_0: +1 node_1,_terminal_0 -1 node_3,_terminal_0 -1 edge_Edge[3]___{(1,_3),_weight___4.000000},_terminal_0  <= 0
 _2._norm_bound_for_edge_Edge[3]___{(1,_3),_weight___4.000000}_and_terminal_0: -1 node_1,_terminal_0 +1 node_3,_terminal_0 -1 edge_Edge[3]___{(1,_3),_weight___4.000000},_terminal_0  <= 0
 _1._norm_bound_for_edge_Edge[3]___{(1,_3),_weight___4.000000}_and_terminal_1: +1 node_1,_terminal_1 -1 node_3,_terminal_1 -1 edge_Edge[3]___{(1,_3),_weight___4.000000},_terminal_1  <= 0
 _2._norm_bound_for_edge_Edge[3]___{(1,_3),_weight___4.000000}_and_terminal_1: -1 node_1,_terminal_1 +1 node_3,_terminal_1 -1 edge_Edge[3]___{(1,_3),_weight___4.000000},_terminal_1  <= 0
 _1._norm_bound_for_edge_Edge[3]___{(1,_3),_weight___4.000000}_and_terminal_2: +1 node_1,_terminal_2 -1 node_3,_terminal_2 -1 edge_Edge[3]___{(1,_3),_weight___4.000000},_terminal_2  <= 0
 _2._norm_bound_for_edge_Edge[3]___{(1,_3),_weight___4.000000}_and_terminal_2: -1 node_1,_terminal_2 +1 node_3,_terminal_2 -1 edge_Edge[3]___{(1,_3),_weight___4.000000},_terminal_2  <= 0
 cost_bound_for_edge_Edge[4]___{(1,_8),_weight___4.000000}: +1 edge_Edge[4]___{(1,_8),_weight___4.000000},_terminal_0 +1 edge_Edge[4]___{(1,_8),_weight___4.000000},_terminal_1 +1 edge_Edge[4]___{(1,_8),_weight___4.000000},_terminal_2  <= 8
 _1._norm_bound_for_edge_Edge[4]___{(1,_8),_weight___4.000000}_and_terminal_0: +1 node_1,_terminal_0 -1 node_8,_terminal_0 -1 edge_Edge[4]___{(1,_8),_weight___4.000000},_terminal_0  <= 0
 _2._norm_bound_for_edge_Edge[4]___{(1,_8),_weight___4.000000}_and_terminal_0: -1 node_1,_terminal_0 +1 node_8,_terminal_0 -1 edge_Edge[4]___{(1,_8),_weight___4.000000},_terminal_0  <= 0
 _1._norm_bound_for_edge_Edge[4]___{(1,_8),_weight___4.000000}_and_terminal_1: +1 node_1,_terminal_1 -1 node_8,_terminal_1 -1 edge_Edge[4]___{(1,_8),_weight___4.000000},_terminal_1  <= 0
 _2._norm_bound_for_edge_Edge[4]___{(1,_8),_weight___4.000000}_and_terminal_1: -1 node_1,_terminal_1 +1 node_8,_terminal_1 -1 edge_Edge[4]___{(1,_8),_weight___4.000000},_terminal_1  <= 0
 _1._norm_bound_for_edge_Edge[4]___{(1,_8),_weight___4.000000}_and_terminal_2: +1 node_1,_terminal_2 -1 node_8,_terminal_2 -1 edge_Edge[4]___{(1,_8),_weight___4.000000},_terminal_2  <= 0
 _2._norm_bound_for_edge_Edge[4]___{(1,_8),_weight___4.000000}_and_terminal_2: -1 node_1,_terminal_2 +1 node_8,_terminal_2 -1 edge_Edge[4]___{(1,_8),_weight___4.000000},_terminal_2  <= 0
 cost_bound_for_edge_Edge[5]___{(1,_9),_weight___6.000000}: +1 edge_Edge[5]___{(1,_9),_weight___6.000000},_terminal_0 +1 edge_Edge[5]___{(1,_9),_weight___6.000000},_terminal_1 +1 edge_Edge[5]___{(1,_9),_weight___6.000000},_terminal_2  <= 12
 _1._norm_bound_for_edge_Edge[5]___{(1,_9),_weight___6.000000}_and_terminal_0: +1 node_1,_terminal_0 -1 node_9,_terminal_0 -1 edge_Edge[5]___{(1,_9),_weight___6.000000},_terminal_0  <= 0
 _2._norm_bound_for_edge_Edge[5]___{(1,_9),_weight___6.000000}_and_terminal_0: -1 node_1,_terminal_0 +1 node_9,_terminal_0 -1 edge_Edge[5]___{(1,_9),_weight___6.000000},_terminal_0  <= 0
 _1._norm_bound_for_edge_Edge[5]___{(1,_9),_weight___6.000000}_and_terminal_1: +1 node_1,_terminal_1 -1 node_9,_terminal_1 -1 edge_Edge[5]___{(1,_9),_weight___6.000000},_terminal_1  <= 0
 _2._norm_bound_for_edge_Edge[5]___{(1,_9),_weight___6.000000}_and_terminal_1: -1 node_1,_terminal_1 +1 node_9,_terminal_1 -1 edge_Edge[5]___{(1,_9),_weight___6.000000},_terminal_1  <= 0
 _1._norm_bound_for_edge_Edge[5]___{(1,_9),_weight___6.000000}_and_terminal_2: +1 node_1,_terminal_2 -1 node_9,_terminal_2 -1 edge_Edge[5]___{(1,_9),_weight___6.000000},_terminal_2  <= 0
 _2._norm_bound_for_edge_Edge[5]___{(1,_9),_weight___6.000000}_and_terminal_2: -1 node_1,_terminal_2 +1 node_9,_terminal_2 -1 edge_Edge[5]___{(1,_9),_weight___6.000000},_terminal_2  <= 0
 cost_bound_for_edge_Edge[6]___{(2,_8),_weight___6.000000}: +1 edge_Edge[6]___{(2,_8),_weight___6.000000},_terminal_0 +1 edge_Edge[6]___{(2,_8),_weight___6.000000},_terminal_1 +1 edge_Edge[6]___{(2,_8),_weight___6.000000},_terminal_2  <= 12
 _1._norm_bound_for_edge_Edge[6]___{(2,_8),_weight___6.000000}_and_terminal_0: +1 node_2,_terminal_0 -1 node_8,_terminal_0 -1 edge_Edge[6]___{(2,_8),_weight___6.000000},_terminal_0  <= 0
 _2._norm_bound_for_edge_Edge[6]___{(2,_8),_weight___6.000000}_and_terminal_0: -1 node_2,_terminal_0 +1 node_8,_terminal_0 -1 edge_Edge[6]___{(2,_8),_weight___6.000000},_terminal_0  <= 0
 _1._norm_bound_for_edge_Edge[6]___{(2,_8),_weight___6.000000}_and_terminal_1: +1 node_2,_terminal_1 -1 node_8,_terminal_1 -1 edge_Edge[6]___{(2,_8),_weight___6.000000},_terminal_1  <= 0
 _2._norm_bound_for_edge_Edge[6]___{(2,_8),_weight___6.000000}_and_terminal_1: -1 node_2,_terminal_1 +1 node_8,_terminal_1 -1 edge_Edge[6]___{(2,_8),_weight___6.000000},_terminal_1  <= 0
 _1._norm_bound_for_edge_Edge[6]___{(2,_8),_weight___6.000000}_and_terminal_2: +1 node_2,_terminal_2 -1 node_8,_terminal_2 -1 edge_Edge[6]___{(2,_8),_weight___6.000000},_terminal_2  <= 0
 _2._norm_bound_for_edge_Edge[6]___{(2,_8),_weight___6.000000}_and_terminal_2: -1 node_2,_terminal_2 +1 node_8,_terminal_2 -1 edge_Edge[6]___{(2,_8),_weight___6.000000},_terminal_2  <= 0
 cost_bound_for_edge_Edge[7]___{(2,_9),_weight___4.000000}: +1 edge_Edge[7]___{(2,_9),_weight___4.000000},_terminal_0 +1 edge_Edge[7]___{(2,_9),_weight___4.000000},_terminal_1 +1 edge_Edge[7]___{(2,_9),_weight___4.000000},_terminal_2  <= 8
 _1._norm_bound_for_edge_Edge[7]___{(2,_9),_weight___4.000000}_and_terminal_0: +1 node_2,_terminal_0 -1 node_9,_terminal_0 -1 edge_Edge[7]___{(2,_9),_weight___4.000000},_terminal_0  <= 0
 _2._norm_bound_for_edge_Edge[7]___{(2,_9),_weight___4.000000}_and_terminal_0: -1 node_2,_terminal_0 +1 node_9,_terminal_0 -1 edge_Edge[7]___{(2,_9),_weight___4.000000},_terminal_0  <= 0
 _1._norm_bound_for_edge_Edge[7]___{(2,_9),_weight___4.000000}_and_terminal_1: +1 node_2,_terminal_1 -1 node_9,_terminal_1 -1 edge_Edge[7]___{(2,_9),_weight___4.000000},_terminal_1  <= 0
 _2._norm_bound_for_edge_Edge[7]___{(2,_9),_weight___4.000000}_and_terminal_1: -1 node_2,_terminal_1 +1 node_9,_terminal_1 -1 edge_Edge[7]___{(2,_9),_weight___4.000000},_terminal_1  <= 0
 _1._norm_bound_for_edge_Edge[7]___{(2,_9),_weight___4.000000}_and_terminal_2: +1 node_2,_terminal_2 -1 node_9,_terminal_2 -1 edge_Edge[7]___{(2,_9),_weight___4.000000},_terminal_2  <= 0
 _2._norm_bound_for_edge_Edge[7]___{(2,_9),_weight___4.000000}_and_terminal_2: -1 node_2,_terminal_2 +1 node_9,_terminal_2 -1 edge_Edge[7]___{(2,_9),_weight___4.000000},_terminal_2  <= 0
 cost_bound_for_edge_Edge[8]___{(2,_5),_weight___4.000000}: +1 edge_Edge[8]___{(2,_5),_weight___4.000000},_terminal_0 +1 edge_Edge[8]___{(2,_5),_weight___4.000000},_terminal_1 +1 edge_Edge[8]___{(2,_5),_weight___4.000000},_terminal_2  <= 8
 _1._norm_bound_for_edge_Edge[8]___{(2,_5),_weight___4.000000}_and_terminal_0: +1 node_2,_terminal_0 -1 node_5,_terminal_0 -1 edge_Edge[8]___{(2,_5),_weight___4.000000},_terminal_0  <= 0
 _2._norm_bound_for_edge_Edge[8]___{(2,_5),_weight___4.000000}_and_terminal_0: -1 node_2,_terminal_0 +1 node_5,_terminal_0 -1 edge_Edge[8]___{(2,_5),_weight___4.000000},_terminal_0  <= 0
 _1._norm_bound_for_edge_Edge[8]___{(2,_5),_weight___4.000000}_and_terminal_1: +1 node_2,_terminal_1 -1 node_5,_terminal_1 -1 edge_Edge[8]___{(2,_5),_weight___4.000000},_terminal_1  <= 0
 _2._norm_bound_for_edge_Edge[8]___{(2,_5),_weight___4.000000}_and_terminal_1: -1 node_2,_terminal_1 +1 node_5,_terminal_1 -1 edge_Edge[8]___{(2,_5),_weight___4.000000},_terminal_1  <= 0
 _1._norm_bound_for_edge_Edge[8]___{(2,_5),_weight___4.000000}_and_terminal_2: +1 node_2,_terminal_2 -1 node_5,_terminal_2 -1 edge_Edge[8]___{(2,_5),_weight___4.000000},_terminal_2  <= 0
 _2._norm_bound_for_edge_Edge[8]___{(2,_5),_weight___4.000000}_and_terminal_2: -1 node_2,_terminal_2 +1 node_5,_terminal_2 -1 edge_Edge[8]___{(2,_5),_weight___4.000000},_terminal_2  <= 0
 cost_bound_for_edge_Edge[9]___{(6,_3),_weight___1.000000}: +1 edge_Edge[9]___{(6,_3),_weight___1.000000},_terminal_0 +1 edge_Edge[9]___{(6,_3),_weight___1.000000},_terminal_1 +1 edge_Edge[9]___{(6,_3),_weight___1.000000},_terminal_2  <= 2
 _1._norm_bound_for_edge_Edge[9]___{(6,_3),_weight___1.000000}_and_terminal_0: -1 node_3,_terminal_0 +1 node_6,_terminal_0 -1 edge_Edge[9]___{(6,_3),_weight___1.000000},_terminal_0  <= 0
 _2._norm_bound_for_edge_Edge[9]___{(6,_3),_weight___1.000000}_and_terminal_0: +1 node_3,_terminal_0 -1 node_6,_terminal_0 -1 edge_Edge[9]___{(6,_3),_weight___1.000000},_terminal_0  <= 0
 _1._norm_bound_for_edge_Edge[9]___{(6,_3),_weight___1.000000}_and_terminal_1: -1 node_3,_terminal_1 +1 node_6,_terminal_1 -1 edge_Edge[9]___{(6,_3),_weight___1.000000},_terminal_1  <= 0
 _2._norm_bound_for_edge_Edge[9]___{(6,_3),_weight___1.000000}_and_terminal_1: +1 node_3,_terminal_1 -1 node_6,_terminal_1 -1 edge_Edge[9]___{(6,_3),_weight___1.000000},_terminal_1  <= 0
 _1._norm_bound_for_edge_Edge[9]___{(6,_3),_weight___1.000000}_and_terminal_2: -1 node_3,_terminal_2 +1 node_6,_terminal_2 -1 edge_Edge[9]___{(6,_3),_weight___1.000000},_terminal_2  <= 0
 _2._norm_bound_for_edge_Edge[9]___{(6,_3),_weight___1.000000}_and_terminal_2: +1 node_3,_terminal_2 -1 node_6,_terminal_2 -1 edge_Edge[9]___{(6,_3),_weight___1.000000},_terminal_2  <= 0
 cost_bound_for_edge_Edge[10]___{(6,_4),_weight___1.000000}: +1 edge_Edge[10]___{(6,_4),_weight___1.000000},_terminal_0 +1 edge_Edge[10]___{(6,_4),_weight___1.000000},_terminal_1 +1 edge_Edge[10]___{(6,_4),_weight___1.000000},_terminal_2  <= 2
 _1._norm_bound_for_edge_Edge[10]___{(6,_4),_weight___1.000000}_and_terminal_0: -1 node_4,_terminal_0 +1 node_6,_terminal_0 -1 edge_Edge[10]___{(6,_4),_weight___1.000000},_terminal_0  <= 0
 _2._norm_bound_for_edge_Edge[10]___{(6,_4),_weight___1.000000}_and_terminal_0: +1 node_4,_terminal_0 -1 node_6,_terminal_0 -1 edge_Edge[10]___{(6,_4),_weight___1.000000},_terminal_0  <= 0
 _1._norm_bound_for_edge_Edge[10]___{(6,_4),_weight___1.000000}_and_terminal_1: -1 node_4,_terminal_1 +1 node_6,_terminal_1 -1 edge_Edge[10]___{(6,_4),_weight___1.000000},_terminal_1  <= 0
 _2._norm_bound_for_edge_Edge[10]___{(6,_4),_weight___1.000000}_and_terminal_1: +1 node_4,_terminal_1 -1 node_6,_terminal_1 -1 edge_Edge[10]___{(6,_4),_weight___1.000000},_terminal_1  <= 0
 _1._norm_bound_for_edge_Edge[10]___{(6,_4),_weight___1.000000}_and_terminal_2: -1 node_4,_terminal_2 +1 node_6,_terminal_2 -1 edge_Edge[10]___{(6,_4),_weight___1.000000},_terminal_2  <= 0
 _2._norm_bound_for_edge_Edge[10]___{(6,_4),_weight___1.000000}_and_terminal_2: +1 node_4,_terminal_2 -1 node_6,_terminal_2 -1 edge_Edge[10]___{(6,_4),_weight___1.000000},_terminal_2  <= 0
 cost_bound_for_edge_Edge[11]___{(6,_8),_weight___1.000000}: +1 edge_Edge[11]___{(6,_8),_weight___1.000000},_terminal_0 +1 edge_Edge[11]___{(6,_8),_weight___1.000000},_terminal_1 +1 edge_Edge[11]___{(6,_8),_weight___1.000000},_terminal_2  <= 2
 _1._norm_bound_for_edge_Edge[11]___{(6,_8),_weight___1.000000}_and_terminal_0: +1 node_6,_terminal_0 -1 node_8,_terminal_0 -1 edge_Edge[11]___{(6,_8),_weight___1.000000},_terminal_0  <= 0
 _2._norm_bound_for_edge_Edge[11]___{(6,_8),_weight___1.000000}_and_terminal_0: -1 node_6,_terminal_0 +1 node_8,_terminal_0 -1 edge_Edge[11]___{(6,_8),_weight___1.000000},_terminal_0  <= 0
 _1._norm_bound_for_edge_Edge[11]___{(6,_8),_weight___1.000000}_and_terminal_1: +1 node_6,_terminal_1 -1 node_8,_terminal_1 -1 edge_Edge[11]___{(6,_8),_weight___1.000000},_terminal_1  <= 0
 _2._norm_bound_for_edge_Edge[11]___{(6,_8),_weight___1.000000}_and_terminal_1: -1 node_6,_terminal_1 +1 node_8,_terminal_1 -1 edge_Edge[11]___{(6,_8),_weight___1.000000},_terminal_1  <= 0
 _1._norm_bound_for_edge_Edge[11]___{(6,_8),_weight___1.000000}_and_terminal_2: +1 node_6,_terminal_2 -1 node_8,_terminal_2 -1 edge_Edge[11]___{(6,_8),_weight___1.000000},_terminal_2  <= 0
 _2._norm_bound_for_edge_Edge[11]___{(6,_8),_weight___1.000000}_and_terminal_2: -1 node_6,_terminal_2 +1 node_8,_terminal_2 -1 edge_Edge[11]___{(6,_8),_weight___1.000000},_terminal_2  <= 0
 cost_bound_for_edge_Edge[12]___{(7,_4),_weight___1.000000}: +1 edge_Edge[12]___{(7,_4),_weight___1.000000},_terminal_0 +1 edge_Edge[12]___{(7,_4),_weight___1.000000},_terminal_1 +1 edge_Edge[12]___{(7,_4),_weight___1.000000},_terminal_2  <= 2
 _1._norm_bound_for_edge_Edge[12]___{(7,_4),_weight___1.000000}_and_terminal_0: -1 node_4,_terminal_0 +1 node_7,_terminal_0 -1 edge_Edge[12]___{(7,_4),_weight___1.000000},_terminal_0  <= 0
 _2._norm_bound_for_edge_Edge[12]___{(7,_4),_weight___1.000000}_and_terminal_0: +1 node_4,_terminal_0 -1 node_7,_terminal_0 -1 edge_Edge[12]___{(7,_4),_weight___1.000000},_terminal_0  <= 0
 _1._norm_bound_for_edge_Edge[12]___{(7,_4),_weight___1.000000}_and_terminal_1: -1 node_4,_terminal_1 +1 node_7,_terminal_1 -1 edge_Edge[12]___{(7,_4),_weight___1.000000},_terminal_1  <= 0
 _2._norm_bound_for_edge_Edge[12]___{(7,_4),_weight___1.000000}_and_terminal_1: +1 node_4,_terminal_1 -1 node_7,_terminal_1 -1 edge_Edge[12]___{(7,_4),_weight___1.000000},_terminal_1  <= 0
 _1._norm_bound_for_edge_Edge[12]___{(7,_4),_weight___1.000000}_and_terminal_2: -1 node_4,_terminal_2 +1 node_7,_terminal_2 -1 edge_Edge[12]___{(7,_4),_weight___1.000000},_terminal_2  <= 0
 _2._norm_bound_for_edge_Edge[12]___{(7,_4),_weight___1.000000}_and_terminal_2: +1 node_4,_terminal_2 -1 node_7,_terminal_2 -1 edge_Edge[12]___{(7,_4),_weight___1.000000},_terminal_2  <= 0
 cost_bound_for_edge_Edge[13]___{(7,_5),_weight___1.000000}: +1 edge_Edge[13]___{(7,_5),_weight___1.000000},_terminal_0 +1 edge_Edge[13]___{(7,_5),_weight___1.000000},_terminal_1 +1 edge_Edge[13]___{(7,_5),_weight___1.000000},_terminal_2  <= 2
 _1._norm_bound_for_edge_Edge[13]___{(7,_5),_weight___1.000000}_and_terminal_0: -1 node_5,_terminal_0 +1 node_7,_terminal_0 -1 edge_Edge[13]___{(7,_5),_weight___1.000000},_terminal_0  <= 0
 _2._norm_bound_for_edge_Edge[13]___{(7,_5),_weight___1.000000}_and_terminal_0: +1 node_5,_terminal_0 -1 node_7,_terminal_0 -1 edge_Edge[13]___{(7,_5),_weight___1.000000},_terminal_0  <= 0
 _1._norm_bound_for_edge_Edge[13]___{(7,_5),_weight___1.000000}_and_terminal_1: -1 node_5,_terminal_1 +1 node_7,_terminal_1 -1 edge_Edge[13]___{(7,_5),_weight___1.000000},_terminal_1  <= 0
 _2._norm_bound_for_edge_Edge[13]___{(7,_5),_weight___1.000000}_and_terminal_1: +1 node_5,_terminal_1 -1 node_7,_terminal_1 -1 edge_Edge[13]___{(7,_5),_weight___1.000000},_terminal_1  <= 0
 _1._norm_bound_for_edge_Edge[13]___{(7,_5),_weight___1.000000}_and_terminal_2: -1 node_5,_terminal_2 +1 node_7,_terminal_2 -1 edge_Edge[13]___{(7,_5),_weight___1.000000},_terminal_2  <= 0
 _2._norm_bound_for_edge_Edge[13]___{(7,_5),_weight___1.000000}_and_terminal_2: +1 node_5,_terminal_2 -1 node_7,_terminal_2 -1 edge_Edge[13]___{(7,_5),_weight___1.000000},_terminal_2  <= 0
 cost_bound_for_edge_Edge[14]___{(7,_9),_weight___1.000000}: +1 edge_Edge[14]___{(7,_9),_weight___1.000000},_terminal_0 +1 edge_Edge[14]___{(7,_9),_weight___1.000000},_terminal_1 +1 edge_Edge[14]___{(7,_9),_weight___1.000000},_terminal_2  <= 2
 _1._norm_bound_for_edge_Edge[14]___{(7,_9),_weight___1.000000}_and_terminal_0: +1 node_7,_terminal_0 -1 node_9,_terminal_0 -1 edge_Edge[14]___{(7,_9),_weight___1.000000},_terminal_0  <= 0
 _2._norm_bound_for_edge_Edge[14]___{(7,_9),_weight___1.000000}_and_terminal_0: -1 node_7,_terminal_0 +1 node_9,_terminal_0 -1 edge_Edge[14]___{(7,_9),_weight___1.000000},_terminal_0  <= 0
 _1._norm_bound_for_edge_Edge[14]___{(7,_9),_weight___1.000000}_and_terminal_1: +1 node_7,_terminal_1 -1 node_9,_terminal_1 -1 edge_Edge[14]___{(7,_9),_weight___1.000000},_terminal_1  <= 0
 _2._norm_bound_for_edge_Edge[14]___{(7,_9),_weight___1.000000}_and_terminal_1: -1 node_7,_terminal_1 +1 node_9,_terminal_1 -1 edge_Edge[14]___{(7,_9),_weight___1.000000},_terminal_1  <= 0
 _1._norm_bound_for_edge_Edge[14]___{(7,_9),_weight___1.000000}_and_terminal_2: +1 node_7,_terminal_2 -1 node_9,_terminal_2 -1 edge_Edge[14]___{(7,_9),_weight___1.000000},_terminal_2  <= 0
 _2._norm_bound_for_edge_Edge[14]___{(7,_9),_weight___1.000000}_and_terminal_2: -1 node_7,_terminal_2 +1 node_9,_terminal_2 -1 edge_Edge[14]___{(7,_9),_weight___1.000000},_terminal_2  <= 0
Bounds
 0 <= simplex_variable
 0 <= node_0,_terminal_0
 0 <= node_1,_terminal_0
 0 <= node_2,_terminal_0
 0 <= node_3,_terminal_0
 0 <= node_4,_terminal_0
 0 <= node_5,_terminal_0
 0 <= node_6,_terminal_0
 0 <= node_7,_terminal_0
 0 <= node_8,_terminal_0
 0 <= node_9,_terminal_0
 0 <= edge_Edge[0]___{(0,_3),_weight___4.000000},_terminal_0
 0 <= edge_Edge[1]___{(0,_4),_weight___4.000000},_terminal_0
 0 <= edge_Edge[2]___{(0,_5),_weight___4.000000},_terminal_0
 0 <= edge_Edge[3]___{(1,_3),_weight___4.000000},_terminal_0
 0 <= edge_Edge[4]___{(1,_8),_weight___4.000000},_terminal_0
 0 <= edge_Edge[5]___{(1,_9),_weight___6.000000},_terminal_0
 0 <= edge_Edge[6]___{(2,_8),_weight___6.000000},_terminal_0
 0 <= edge_Edge[7]___{(2,_9),_weight___4.000000},_terminal_0
 0 <= edge_Edge[8]___{(2,_5),_weight___4.000000},_terminal_0
 0 <= edge_Edge[9]___{(6,_3),_weight___1.000000},_terminal_0
 0 <= edge_Edge[10]___{(6,_4),_weight___1.000000},_terminal_0
 0 <= edge_Edge[11]___{(6,_8),_weight___1.000000},_terminal_0
 0 <= edge_Edge[12]___{(7,_4),_weight___1.000000},_terminal_0
 0 <= edge_Edge[13]___{(7,_5),_weight___1.000000},_terminal_0
 0 <= edge_Edge[14]___{(7,_9),_weight___1.000000},_terminal_0
 0 <= node_0,_terminal_1
 0 <= node_1,_terminal_1
 0 <= node_2,_terminal_1
 0 <= node_3,_terminal_1
 0 <= node_4,_terminal_1
 0 <= node_5,_terminal_1
 0 <= node_6,_terminal_1
 0 <= node_7,_terminal_1
 0 <= node_8,_terminal_1
 0 <= node_9,_terminal_1
 0 <= edge_Edge[0]___{(0,_3),_weight___4.000000},_terminal_1
 0 <= edge_Edge[1]___{(0,_4),_weight___4.000000},_terminal_1
 0 <= edge_Edge[2]___{(0,_5),_weight___4.000000},_terminal_1
 0 <= edge_Edge[3]___{(1,_3),_weight___4.000000},_terminal_1
 0 <= edge_Edge[4]___{(1,_8),_weight___4.000000},_terminal_1
 0 <= edge_Edge[5]___{(1,_9),_weight___6.000000},_terminal_1
 0 <= edge_Edge[6]___{(2,_8),_weight___6.000000},_terminal_1
 0 <= edge_Edge[7]___{(2,_9),_weight___4.000000},_terminal_1
 0 <= edge_Edge[8]___{(2,_5),_weight___4.000000},_terminal_1
 0 <= edge_Edge[9]___{(6,_3),_weight___1.000000},_terminal_1
 0 <= edge_Edge[10]___{(6,_4),_weight___1.000000},_terminal_1
 0 <= edge_Edge[11]___{(6,_8),_weight___1.000000},_terminal_1
 0 <= edge_Edge[12]___{(7,_4),_weight___1.000000},_terminal_1
 0 <= edge_Edge[13]___{(7,_5),_weight___1.000000},_terminal_1
 0 <= edge_Edge[14]___{(7,_9),_weight___1.000000},_terminal_1
 0 <= node_0,_terminal_2
 0 <= node_1,_terminal_2
 0 <= node_2,_terminal_2
 0 <= node_3,_terminal_2
 0 <= node_4,_terminal_2
 0 <= node_5,_terminal_2
 0 <= node_6,_terminal_2
 0 <= node_7,_terminal_2
 0 <= node_8,_terminal_2
 0 <= node_9,_terminal_2
 0 <= edge_Edge[0]___{(0,_3),_weight___4.000000},_terminal_2
 0 <= edge_Edge[1]___{(0,_4),_weight___4.000000},_terminal_2
 0 <= edge_Edge[2]___{(0,_5),_weight___4.000000},_terminal_2
 0 <= edge_Edge[3]___{(1,_3),_weight___4.000000},_terminal_2
 0 <= edge_Edge[4]___{(1,_8),_weight___4.000000},_terminal_2
 0 <= edge_Edge[5]___{(1,_9),_weight___6.000000},_terminal_2
 0 <= edge_Edge[6]___{(2,_8),_weight___6.000000},_terminal_2
 0 <= edge_Edge[7]___{(2,_9),_weight___4.000000},_terminal_2
 0 <= edge_Edge[8]___{(2,_5),_weight___4.000000},_terminal_2
 0 <= edge_Edge[9]___{(6,_3),_weight___1.000000},_terminal_2
 0 <= edge_Edge[10]___{(6,_4),_weight___1.000000},_terminal_2
 0 <= edge_Edge[11]___{(6,_8),_weight___1.000000},_terminal_2
 0 <= edge_Edge[12]___{(7,_4),_weight___1.000000},_terminal_2
 0 <= edge_Edge[13]___{(7,_5),_weight___1.000000},_terminal_2
 0 <= edge_Edge[14]___{(7,_9),_weight___1.000000},_terminal_2
End
[MIPSolver] number of variables   = 76
[MIPSolver] number of constraints = 115
[MIPSolver] Problem solved in 14 milliseconds.
[MIPSolver] optimal objective value = 15.3333
[GroupManager] compute solution for group GroupSimplexEmbedding
instances/integrality_gaps/3_terminals_2k/solution_3_terminals_2k.json
{
    "solution": {
        "continuous": {
            "optimization": {
                "objective_value": 15.3333333333333,
                "problem": "LP",
                "type": "max"
            },
            "variables": {
                "GroupSimplexEmbedding": {
                    "nodes": [
                        {
                            "node": "0",
                            "value_per_terminal": [
                                5.33333333333333,
                                2.0,
                                2.66666666666667
                            ]
                        },
                        {
                            "node": "1",
                            "value_per_terminal": [
                                0.0,
                                10.0,
                                0.0
                            ]
                        },
                        {
                            "node": "2",
                            "value_per_terminal": [
                                0.0,
                                0.0,
                                10.0
                            ]
                        },
                        {
                            "node": "3",
                            "value_per_terminal": [
                                1.33333333333333,
                                6.0,
                                2.66666666666667
                            ]
                        },
                        {
                            "node": "4",
                            "value_per_terminal": [
                                1.33333333333333,
                                4.33333333333333,
                                4.33333333333333
                            ]
                        },
                        {
                            "node": "5",
                            "value_per_terminal": [
                                1.33333333333333,
                                2.66666666666667,
                                6.0
                            ]
                        },
                        {
                            "node": "6",
                            "value_per_terminal": [
                                1.0,
                                5.33333333333333,
                                3.66666666666667
                            ]
                        },
                        {
                            "node": "7",
                            "value_per_terminal": [
                                1.0,
                                3.66666666666667,
                                5.33333333333333
                            ]
                        },
                        {
                            "node": "8",
                            "value_per_terminal": [
                                0.0,
                                6.0,
                                4.0
                            ]
                        },
                        {
                            "node": "9",
                            "value_per_terminal": [
                                0.0,
                                4.0,
                                6.0
                            ]
                        }
                    ],
                    "simplex": 10.0
                }
            }
        },
        "integer": {
            "optimization": {
                "objective_value": 15.3333333333333,
                "problem": "MIP",
                "type": "max"
            },
            "variables": {
                "GroupSimplexEmbedding": {
                    "nodes": [
                        {
                            "node": "0",
                            "value_per_terminal": [
                                8.0,
                                0.0,
                                0.0
                            ]
                        },
                        {
                            "node": "1",
                            "value_per_terminal": [
                                0.0,
                                8.0,
                                0.0
                            ]
                        },
                        {
                            "node": "2",
                            "value_per_terminal": [
                                0.666666666666666,
                                0.0,
                                7.33333333333333
                            ]
                        },
                        {
                            "node": "3",
                            "value_per_terminal": [
                                4.0,
                                4.0,
                                0.0
                            ]
                        },
                        {
                            "node": "4",
                            "value_per_terminal": [
                                4.0,
                                2.33333333333333,
                                1.66666666666667
                            ]
                        },
                        {
                            "node": "5",
                            "value_per_terminal": [
                                4.0,
                                0.666666666666667,
                                3.33333333333333
                            ]
                        },
                        {
                            "node": "6",
                            "value_per_terminal": [
                                3.66666666666667,
                                3.33333333333333,
                                1.0
                            ]
                        },
                        {
                            "node": "7",
                            "value_per_terminal": [
                                3.66666666666667,
                                1.66666666666667,
                                2.66666666666667
                            ]
                        },
                        {
                            "node": "8",
                            "value_per_terminal": [
                                2.66666666666667,
                                4.0,
                                1.33333333333333
                            ]
                        },
                        {
                            "node": "9",
                            "value_per_terminal": [
                                2.66666666666667,
                                2.0,
                                3.33333333333333
                            ]
                        }
                    ],
                    "simplex": 8.0
                }
            }
        }
    }
}

