Steiner Tree LP/MIP Solver

program path  : /home/robert/Documents/studies/discrete_mathematics/steiner-trees/cmake-build-debug/steiner_trees
instance path : instances/graphs/3_terminals_star
instance name : 3_terminals_star

instances/graphs/3_terminals_star/3_terminals_star.json
{
    "graph": {
        "directed": false,
        "edges": [
            {
                "head": 3,
                "tail": 0,
                "weight": 1
            },
            {
                "head": 3,
                "tail": 1,
                "weight": 1
            },
            {
                "head": 3,
                "tail": 2,
                "weight": 1
            }
        ],
        "nodes": [
            {
                "id": 0
            },
            {
                "id": 1
            },
            {
                "id": 2
            },
            {
                "id": 3
            }
        ]
    },
    "nets": [
        {
            "name": "net_0",
            "terminals": [
                0,
                1,
                2
            ]
        }
    ]
}

Directed Graph with 4 nodes and 6 edges

Node 0 with weight 0 and 1 incoming edges and 1 outgoing edges
incoming:
[1] = 3 --( 1 )--> 0
outgoing:
[0] = 0 --( 1 )--> 3

Node 1 with weight 0 and 1 incoming edges and 1 outgoing edges
incoming:
[3] = 3 --( 1 )--> 1
outgoing:
[2] = 1 --( 1 )--> 3

Node 2 with weight 0 and 1 incoming edges and 1 outgoing edges
incoming:
[5] = 3 --( 1 )--> 2
outgoing:
[4] = 2 --( 1 )--> 3

Node 3 with weight 0 and 3 incoming edges and 3 outgoing edges
incoming:
[0] = 0 --( 1 )--> 3
[2] = 1 --( 1 )--> 3
[4] = 2 --( 1 )--> 3
outgoing:
[1] = 3 --( 1 )--> 0
[3] = 3 --( 1 )--> 1
[5] = 3 --( 1 )--> 2

Nodes
[0] = (weight = 0)
[1] = (weight = 0)
[2] = (weight = 0)
[3] = (weight = 0)

Edges
[0] = 0 --( 1 )--> 3
[1] = 3 --( 1 )--> 0
[2] = 1 --( 1 )--> 3
[3] = 3 --( 1 )--> 1
[4] = 2 --( 1 )--> 3
[5] = 3 --( 1 )--> 2
[GroupManager] add group GroupEdges
[GroupManager] add group GroupMultiCommodityFlow
[GroupManager] add group GroupEdgesMultiCommodityFlow
[GroupManager] add group GroupMultiCommodityDual
[GroupManager] add group GroupCommonFlow
[GroupManager] add group GroupDynamicGraph
[MIPSolver] number of variables   = 140
[MIPSolver] number of constraints = 200
[MIPSolver] Problem solved in 63 milliseconds.
[MIPSolver] optimal objective value = 0
[GroupManager] compute solution for group GroupEdges

Solution GroupEdges
Edge[0] = {(0, 3), weight = 1.000000} (0), Net[0] = {name = net_0, terminals = {0, 1, 2}, weight = 1.000000} : 1
Edge[1] = {(3, 0), weight = 1.000000} (1), Net[0] = {name = net_0, terminals = {0, 1, 2}, weight = 1.000000} : 1
Edge[2] = {(3, 0), weight = 1.000000} (2), Net[0] = {name = net_0, terminals = {0, 1, 2}, weight = 1.000000} : 1
Edge[3] = {(0, 3), weight = 1.000000} (3), Net[0] = {name = net_0, terminals = {0, 1, 2}, weight = 1.000000} : 1
Edge[4] = {(1, 3), weight = 1.000000} (4), Net[0] = {name = net_0, terminals = {0, 1, 2}, weight = 1.000000} : 1
Edge[5] = {(3, 1), weight = 1.000000} (5), Net[0] = {name = net_0, terminals = {0, 1, 2}, weight = 1.000000} : 1
Edge[6] = {(3, 1), weight = 1.000000} (6), Net[0] = {name = net_0, terminals = {0, 1, 2}, weight = 1.000000} : 1
Edge[7] = {(1, 3), weight = 1.000000} (7), Net[0] = {name = net_0, terminals = {0, 1, 2}, weight = 1.000000} : 1
Edge[8] = {(2, 3), weight = 1.000000} (8), Net[0] = {name = net_0, terminals = {0, 1, 2}, weight = 1.000000} : 1
Edge[9] = {(3, 2), weight = 1.000000} (9), Net[0] = {name = net_0, terminals = {0, 1, 2}, weight = 1.000000} : 1
Edge[10] = {(3, 2), weight = 1.000000} (10), Net[0] = {name = net_0, terminals = {0, 1, 2}, weight = 1.000000} : 1
Edge[11] = {(2, 3), weight = 1.000000} (11), Net[0] = {name = net_0, terminals = {0, 1, 2}, weight = 1.000000} : 1

[GroupManager] compute solution for group GroupMultiCommodityFlow
[GroupManager] compute solution for group GroupEdgesMultiCommodityFlow
[GroupManager] compute solution for group GroupMultiCommodityDual
[GroupManager] compute solution for group GroupCommonFlow
[GroupManager] compute solution for group GroupDynamicGraph
[GroupManager] add group GroupEdges
[GroupManager] add group GroupMultiCommodityFlow
[GroupManager] add group GroupEdgesMultiCommodityFlow
[GroupManager] add group GroupMultiCommodityDual
[GroupManager] add group GroupCommonFlow
[GroupManager] add group GroupDynamicGraph
[MIPSolver] number of variables   = 140
[MIPSolver] number of constraints = 200
[MIPSolver] Problem solved in 78 milliseconds.
[MIPSolver] optimal objective value = 0
[GroupManager] compute solution for group GroupEdges

Solution GroupEdges
Edge[0] = {(0, 3), weight = 1.000000} (0), Net[0] = {name = net_0, terminals = {0, 1, 2}, weight = 1.000000} : 1
Edge[1] = {(3, 0), weight = 1.000000} (1), Net[0] = {name = net_0, terminals = {0, 1, 2}, weight = 1.000000} : 1
Edge[2] = {(3, 0), weight = 1.000000} (2), Net[0] = {name = net_0, terminals = {0, 1, 2}, weight = 1.000000} : 1
Edge[3] = {(0, 3), weight = 1.000000} (3), Net[0] = {name = net_0, terminals = {0, 1, 2}, weight = 1.000000} : 1
Edge[4] = {(1, 3), weight = 1.000000} (4), Net[0] = {name = net_0, terminals = {0, 1, 2}, weight = 1.000000} : 1
Edge[5] = {(3, 1), weight = 1.000000} (5), Net[0] = {name = net_0, terminals = {0, 1, 2}, weight = 1.000000} : 1
Edge[6] = {(3, 1), weight = 1.000000} (6), Net[0] = {name = net_0, terminals = {0, 1, 2}, weight = 1.000000} : 1
Edge[7] = {(1, 3), weight = 1.000000} (7), Net[0] = {name = net_0, terminals = {0, 1, 2}, weight = 1.000000} : 1
Edge[8] = {(2, 3), weight = 1.000000} (8), Net[0] = {name = net_0, terminals = {0, 1, 2}, weight = 1.000000} : 1
Edge[9] = {(3, 2), weight = 1.000000} (9), Net[0] = {name = net_0, terminals = {0, 1, 2}, weight = 1.000000} : 1
Edge[10] = {(3, 2), weight = 1.000000} (10), Net[0] = {name = net_0, terminals = {0, 1, 2}, weight = 1.000000} : 1
Edge[11] = {(2, 3), weight = 1.000000} (11), Net[0] = {name = net_0, terminals = {0, 1, 2}, weight = 1.000000} : 1

[GroupManager] compute solution for group GroupMultiCommodityFlow
[GroupManager] compute solution for group GroupEdgesMultiCommodityFlow
[GroupManager] compute solution for group GroupMultiCommodityDual
[GroupManager] compute solution for group GroupCommonFlow
[GroupManager] compute solution for group GroupDynamicGraph
instances/graphs/3_terminals_star/solution_3_terminals_star.json
{
    "solution": {
        "continuous": {
            "optimization": {
                "objective_value": 0.0,
                "problem": "LP",
                "type": "max"
            },
            "variables": {
                "GroupCommonFlow": null,
                "GroupDynamicGraph": null,
                "GroupEdges": {
                    "edges": {
                        "0": 1.0,
                        "1": 1.0,
                        "10": 1.0,
                        "11": 1.0,
                        "2": 1.0,
                        "3": 1.0,
                        "4": 1.0,
                        "5": 1.0,
                        "6": 1.0,
                        "7": 1.0,
                        "8": 1.0,
                        "9": 1.0
                    }
                },
                "GroupEdgesMultiCommodityFlow": null,
                "GroupMultiCommodityDual": {
                    "nodes": [
                        {
                            "net": "net_0",
                            "node": 0,
                            "terminal": 1,
                            "value": 0.0
                        },
                        {
                            "net": "net_0",
                            "node": 0,
                            "terminal": 2,
                            "value": 0.0
                        },
                        {
                            "net": "net_0",
                            "node": 1,
                            "terminal": 1,
                            "value": 0.0
                        },
                        {
                            "net": "net_0",
                            "node": 1,
                            "terminal": 2,
                            "value": 0.0
                        },
                        {
                            "net": "net_0",
                            "node": 2,
                            "terminal": 1,
                            "value": 0.0
                        },
                        {
                            "net": "net_0",
                            "node": 2,
                            "terminal": 2,
                            "value": 0.0
                        },
                        {
                            "net": "net_0",
                            "node": 3,
                            "terminal": 1,
                            "value": 0.0
                        },
                        {
                            "net": "net_0",
                            "node": 3,
                            "terminal": 2,
                            "value": 0.0
                        }
                    ]
                },
                "GroupMultiCommodityFlow": null
            }
        },
        "integer": {
            "optimization": {
                "objective_value": 0.0,
                "problem": "MIP",
                "type": "max"
            },
            "variables": {
                "GroupCommonFlow": null,
                "GroupDynamicGraph": null,
                "GroupEdges": {
                    "edges": {
                        "0": 1.0,
                        "1": 1.0,
                        "10": 1.0,
                        "11": 1.0,
                        "2": 1.0,
                        "3": 1.0,
                        "4": 1.0,
                        "5": 1.0,
                        "6": 1.0,
                        "7": 1.0,
                        "8": 1.0,
                        "9": 1.0
                    }
                },
                "GroupEdgesMultiCommodityFlow": null,
                "GroupMultiCommodityDual": {
                    "nodes": [
                        {
                            "net": "net_0",
                            "node": 0,
                            "terminal": 1,
                            "value": 0.0
                        },
                        {
                            "net": "net_0",
                            "node": 0,
                            "terminal": 2,
                            "value": 0.0
                        },
                        {
                            "net": "net_0",
                            "node": 1,
                            "terminal": 1,
                            "value": 0.0
                        },
                        {
                            "net": "net_0",
                            "node": 1,
                            "terminal": 2,
                            "value": 1.0
                        },
                        {
                            "net": "net_0",
                            "node": 2,
                            "terminal": 1,
                            "value": 1.0
                        },
                        {
                            "net": "net_0",
                            "node": 2,
                            "terminal": 2,
                            "value": 0.0
                        },
                        {
                            "net": "net_0",
                            "node": 3,
                            "terminal": 1,
                            "value": 0.0
                        },
                        {
                            "net": "net_0",
                            "node": 3,
                            "terminal": 2,
                            "value": 0.0
                        }
                    ]
                },
                "GroupMultiCommodityFlow": null
            }
        }
    }
}

