Steiner Tree LP/MIP Solver

program path  : /home/robert/Documents/studies/discrete_mathematics/steiner-trees/cmake-build-debug/steiner_trees
instance path : instances/directed_cut_based_01
instance name : directed_cut_based_01

instances/directed_cut_based_01/directed_cut_based_01.json
{
    "graph": {
        "directed": false,
        "edges": [
            {
                "head": 1,
                "tail": 0,
                "weight": 1
            },
            {
                "head": 2,
                "tail": 1,
                "weight": 1
            },
            {
                "head": 3,
                "tail": 2,
                "weight": 1
            },
            {
                "head": 0,
                "tail": 3,
                "weight": 1
            },
            {
                "head": 5,
                "tail": 4,
                "weight": 1
            },
            {
                "head": 6,
                "tail": 5,
                "weight": 1
            },
            {
                "head": 7,
                "tail": 6,
                "weight": 1
            },
            {
                "head": 4,
                "tail": 7,
                "weight": 1
            },
            {
                "head": 4,
                "tail": 0,
                "weight": 1
            },
            {
                "head": 5,
                "tail": 1,
                "weight": 1
            },
            {
                "head": 6,
                "tail": 2,
                "weight": 1
            },
            {
                "head": 7,
                "tail": 3,
                "weight": 1
            },
            {
                "head": 8,
                "tail": 0,
                "weight": 4
            },
            {
                "head": 9,
                "tail": 1,
                "weight": 4
            },
            {
                "head": 10,
                "tail": 2,
                "weight": 4
            },
            {
                "head": 11,
                "tail": 3,
                "weight": 4
            },
            {
                "head": 12,
                "tail": 4,
                "weight": 4
            },
            {
                "head": 13,
                "tail": 5,
                "weight": 4
            },
            {
                "head": 14,
                "tail": 6,
                "weight": 4
            },
            {
                "head": 15,
                "tail": 7,
                "weight": 4
            },
            {
                "head": 9,
                "tail": 8,
                "weight": 1
            },
            {
                "head": 10,
                "tail": 9,
                "weight": 1
            },
            {
                "head": 11,
                "tail": 10,
                "weight": 1
            },
            {
                "head": 8,
                "tail": 11,
                "weight": 1
            },
            {
                "head": 13,
                "tail": 12,
                "weight": 1
            },
            {
                "head": 14,
                "tail": 13,
                "weight": 1
            },
            {
                "head": 15,
                "tail": 14,
                "weight": 1
            },
            {
                "head": 12,
                "tail": 15,
                "weight": 1
            },
            {
                "head": 12,
                "tail": 8,
                "weight": 1
            },
            {
                "head": 13,
                "tail": 9,
                "weight": 1
            },
            {
                "head": 14,
                "tail": 10,
                "weight": 1
            },
            {
                "head": 15,
                "tail": 11,
                "weight": 1
            },
            {
                "head": 16,
                "tail": 8,
                "weight": 4
            },
            {
                "head": 17,
                "tail": 9,
                "weight": 4
            },
            {
                "head": 18,
                "tail": 10,
                "weight": 4
            },
            {
                "head": 19,
                "tail": 11,
                "weight": 4
            },
            {
                "head": 20,
                "tail": 12,
                "weight": 4
            },
            {
                "head": 21,
                "tail": 13,
                "weight": 4
            },
            {
                "head": 22,
                "tail": 14,
                "weight": 4
            },
            {
                "head": 23,
                "tail": 15,
                "weight": 4
            },
            {
                "head": 17,
                "tail": 16,
                "weight": 1
            },
            {
                "head": 18,
                "tail": 17,
                "weight": 1
            },
            {
                "head": 19,
                "tail": 18,
                "weight": 1
            },
            {
                "head": 16,
                "tail": 19,
                "weight": 1
            },
            {
                "head": 21,
                "tail": 20,
                "weight": 1
            },
            {
                "head": 22,
                "tail": 21,
                "weight": 1
            },
            {
                "head": 23,
                "tail": 22,
                "weight": 1
            },
            {
                "head": 20,
                "tail": 23,
                "weight": 1
            },
            {
                "head": 20,
                "tail": 16,
                "weight": 1
            },
            {
                "head": 21,
                "tail": 17,
                "weight": 1
            },
            {
                "head": 22,
                "tail": 18,
                "weight": 1
            },
            {
                "head": 23,
                "tail": 19,
                "weight": 1
            }
        ],
        "weighted": true
    },
    "nets": [
        {
            "name": "net_0",
            "terminals": [
                0,
                2,
                5,
                7,
                9,
                11,
                12,
                14,
                16,
                18,
                21,
                23
            ]
        }
    ]
}

Directed Weighted Graph with 24 nodes and 104 edges

Node 0 with 4 incoming edges and 4 outgoing edges
[1] = 1 --( 1 )--> 0
[6] = 3 --( 1 )--> 0
[17] = 4 --( 1 )--> 0
[25] = 8 --( 4 )--> 0
[0] = 0 --( 1 )--> 1
[7] = 0 --( 1 )--> 3
[16] = 0 --( 1 )--> 4
[24] = 0 --( 4 )--> 8

Node 1 with 4 incoming edges and 4 outgoing edges
[0] = 0 --( 1 )--> 1
[3] = 2 --( 1 )--> 1
[19] = 5 --( 1 )--> 1
[27] = 9 --( 4 )--> 1
[1] = 1 --( 1 )--> 0
[2] = 1 --( 1 )--> 2
[18] = 1 --( 1 )--> 5
[26] = 1 --( 4 )--> 9

Node 2 with 4 incoming edges and 4 outgoing edges
[2] = 1 --( 1 )--> 2
[5] = 3 --( 1 )--> 2
[21] = 6 --( 1 )--> 2
[29] = 10 --( 4 )--> 2
[3] = 2 --( 1 )--> 1
[4] = 2 --( 1 )--> 3
[20] = 2 --( 1 )--> 6
[28] = 2 --( 4 )--> 10

Node 3 with 4 incoming edges and 4 outgoing edges
[4] = 2 --( 1 )--> 3
[7] = 0 --( 1 )--> 3
[23] = 7 --( 1 )--> 3
[31] = 11 --( 4 )--> 3
[5] = 3 --( 1 )--> 2
[6] = 3 --( 1 )--> 0
[22] = 3 --( 1 )--> 7
[30] = 3 --( 4 )--> 11

Node 4 with 4 incoming edges and 4 outgoing edges
[9] = 5 --( 1 )--> 4
[14] = 7 --( 1 )--> 4
[16] = 0 --( 1 )--> 4
[33] = 12 --( 4 )--> 4
[8] = 4 --( 1 )--> 5
[15] = 4 --( 1 )--> 7
[17] = 4 --( 1 )--> 0
[32] = 4 --( 4 )--> 12

Node 5 with 4 incoming edges and 4 outgoing edges
[8] = 4 --( 1 )--> 5
[11] = 6 --( 1 )--> 5
[18] = 1 --( 1 )--> 5
[35] = 13 --( 4 )--> 5
[9] = 5 --( 1 )--> 4
[10] = 5 --( 1 )--> 6
[19] = 5 --( 1 )--> 1
[34] = 5 --( 4 )--> 13

Node 6 with 4 incoming edges and 4 outgoing edges
[10] = 5 --( 1 )--> 6
[13] = 7 --( 1 )--> 6
[20] = 2 --( 1 )--> 6
[37] = 14 --( 4 )--> 6
[11] = 6 --( 1 )--> 5
[12] = 6 --( 1 )--> 7
[21] = 6 --( 1 )--> 2
[36] = 6 --( 4 )--> 14

Node 7 with 4 incoming edges and 4 outgoing edges
[12] = 6 --( 1 )--> 7
[15] = 4 --( 1 )--> 7
[22] = 3 --( 1 )--> 7
[39] = 15 --( 4 )--> 7
[13] = 7 --( 1 )--> 6
[14] = 7 --( 1 )--> 4
[23] = 7 --( 1 )--> 3
[38] = 7 --( 4 )--> 15

Node 8 with 5 incoming edges and 5 outgoing edges
[24] = 0 --( 4 )--> 8
[41] = 9 --( 1 )--> 8
[46] = 11 --( 1 )--> 8
[57] = 12 --( 1 )--> 8
[65] = 16 --( 4 )--> 8
[25] = 8 --( 4 )--> 0
[40] = 8 --( 1 )--> 9
[47] = 8 --( 1 )--> 11
[56] = 8 --( 1 )--> 12
[64] = 8 --( 4 )--> 16

Node 9 with 5 incoming edges and 5 outgoing edges
[26] = 1 --( 4 )--> 9
[40] = 8 --( 1 )--> 9
[43] = 10 --( 1 )--> 9
[59] = 13 --( 1 )--> 9
[67] = 17 --( 4 )--> 9
[27] = 9 --( 4 )--> 1
[41] = 9 --( 1 )--> 8
[42] = 9 --( 1 )--> 10
[58] = 9 --( 1 )--> 13
[66] = 9 --( 4 )--> 17

Node 10 with 5 incoming edges and 5 outgoing edges
[28] = 2 --( 4 )--> 10
[42] = 9 --( 1 )--> 10
[45] = 11 --( 1 )--> 10
[61] = 14 --( 1 )--> 10
[69] = 18 --( 4 )--> 10
[29] = 10 --( 4 )--> 2
[43] = 10 --( 1 )--> 9
[44] = 10 --( 1 )--> 11
[60] = 10 --( 1 )--> 14
[68] = 10 --( 4 )--> 18

Node 11 with 5 incoming edges and 5 outgoing edges
[30] = 3 --( 4 )--> 11
[44] = 10 --( 1 )--> 11
[47] = 8 --( 1 )--> 11
[63] = 15 --( 1 )--> 11
[71] = 19 --( 4 )--> 11
[31] = 11 --( 4 )--> 3
[45] = 11 --( 1 )--> 10
[46] = 11 --( 1 )--> 8
[62] = 11 --( 1 )--> 15
[70] = 11 --( 4 )--> 19

Node 12 with 5 incoming edges and 5 outgoing edges
[32] = 4 --( 4 )--> 12
[49] = 13 --( 1 )--> 12
[54] = 15 --( 1 )--> 12
[56] = 8 --( 1 )--> 12
[73] = 20 --( 4 )--> 12
[33] = 12 --( 4 )--> 4
[48] = 12 --( 1 )--> 13
[55] = 12 --( 1 )--> 15
[57] = 12 --( 1 )--> 8
[72] = 12 --( 4 )--> 20

Node 13 with 5 incoming edges and 5 outgoing edges
[34] = 5 --( 4 )--> 13
[48] = 12 --( 1 )--> 13
[51] = 14 --( 1 )--> 13
[58] = 9 --( 1 )--> 13
[75] = 21 --( 4 )--> 13
[35] = 13 --( 4 )--> 5
[49] = 13 --( 1 )--> 12
[50] = 13 --( 1 )--> 14
[59] = 13 --( 1 )--> 9
[74] = 13 --( 4 )--> 21

Node 14 with 5 incoming edges and 5 outgoing edges
[36] = 6 --( 4 )--> 14
[50] = 13 --( 1 )--> 14
[53] = 15 --( 1 )--> 14
[60] = 10 --( 1 )--> 14
[77] = 22 --( 4 )--> 14
[37] = 14 --( 4 )--> 6
[51] = 14 --( 1 )--> 13
[52] = 14 --( 1 )--> 15
[61] = 14 --( 1 )--> 10
[76] = 14 --( 4 )--> 22

Node 15 with 5 incoming edges and 5 outgoing edges
[38] = 7 --( 4 )--> 15
[52] = 14 --( 1 )--> 15
[55] = 12 --( 1 )--> 15
[62] = 11 --( 1 )--> 15
[79] = 23 --( 4 )--> 15
[39] = 15 --( 4 )--> 7
[53] = 15 --( 1 )--> 14
[54] = 15 --( 1 )--> 12
[63] = 15 --( 1 )--> 11
[78] = 15 --( 4 )--> 23

Node 16 with 4 incoming edges and 4 outgoing edges
[64] = 8 --( 4 )--> 16
[81] = 17 --( 1 )--> 16
[86] = 19 --( 1 )--> 16
[97] = 20 --( 1 )--> 16
[65] = 16 --( 4 )--> 8
[80] = 16 --( 1 )--> 17
[87] = 16 --( 1 )--> 19
[96] = 16 --( 1 )--> 20

Node 17 with 4 incoming edges and 4 outgoing edges
[66] = 9 --( 4 )--> 17
[80] = 16 --( 1 )--> 17
[83] = 18 --( 1 )--> 17
[99] = 21 --( 1 )--> 17
[67] = 17 --( 4 )--> 9
[81] = 17 --( 1 )--> 16
[82] = 17 --( 1 )--> 18
[98] = 17 --( 1 )--> 21

Node 18 with 4 incoming edges and 4 outgoing edges
[68] = 10 --( 4 )--> 18
[82] = 17 --( 1 )--> 18
[85] = 19 --( 1 )--> 18
[101] = 22 --( 1 )--> 18
[69] = 18 --( 4 )--> 10
[83] = 18 --( 1 )--> 17
[84] = 18 --( 1 )--> 19
[100] = 18 --( 1 )--> 22

Node 19 with 4 incoming edges and 4 outgoing edges
[70] = 11 --( 4 )--> 19
[84] = 18 --( 1 )--> 19
[87] = 16 --( 1 )--> 19
[103] = 23 --( 1 )--> 19
[71] = 19 --( 4 )--> 11
[85] = 19 --( 1 )--> 18
[86] = 19 --( 1 )--> 16
[102] = 19 --( 1 )--> 23

Node 20 with 4 incoming edges and 4 outgoing edges
[72] = 12 --( 4 )--> 20
[89] = 21 --( 1 )--> 20
[94] = 23 --( 1 )--> 20
[96] = 16 --( 1 )--> 20
[73] = 20 --( 4 )--> 12
[88] = 20 --( 1 )--> 21
[95] = 20 --( 1 )--> 23
[97] = 20 --( 1 )--> 16

Node 21 with 4 incoming edges and 4 outgoing edges
[74] = 13 --( 4 )--> 21
[88] = 20 --( 1 )--> 21
[91] = 22 --( 1 )--> 21
[98] = 17 --( 1 )--> 21
[75] = 21 --( 4 )--> 13
[89] = 21 --( 1 )--> 20
[90] = 21 --( 1 )--> 22
[99] = 21 --( 1 )--> 17

Node 22 with 4 incoming edges and 4 outgoing edges
[76] = 14 --( 4 )--> 22
[90] = 21 --( 1 )--> 22
[93] = 23 --( 1 )--> 22
[100] = 18 --( 1 )--> 22
[77] = 22 --( 4 )--> 14
[91] = 22 --( 1 )--> 21
[92] = 22 --( 1 )--> 23
[101] = 22 --( 1 )--> 18

Node 23 with 4 incoming edges and 4 outgoing edges
[78] = 15 --( 4 )--> 23
[92] = 22 --( 1 )--> 23
[95] = 20 --( 1 )--> 23
[102] = 19 --( 1 )--> 23
[79] = 23 --( 4 )--> 15
[93] = 23 --( 1 )--> 22
[94] = 23 --( 1 )--> 20
[103] = 23 --( 1 )--> 19

Edges
[0] = 0 --( 1 )--> 1
[1] = 1 --( 1 )--> 0
[2] = 1 --( 1 )--> 2
[3] = 2 --( 1 )--> 1
[4] = 2 --( 1 )--> 3
[5] = 3 --( 1 )--> 2
[6] = 3 --( 1 )--> 0
[7] = 0 --( 1 )--> 3
[8] = 4 --( 1 )--> 5
[9] = 5 --( 1 )--> 4
[10] = 5 --( 1 )--> 6
[11] = 6 --( 1 )--> 5
[12] = 6 --( 1 )--> 7
[13] = 7 --( 1 )--> 6
[14] = 7 --( 1 )--> 4
[15] = 4 --( 1 )--> 7
[16] = 0 --( 1 )--> 4
[17] = 4 --( 1 )--> 0
[18] = 1 --( 1 )--> 5
[19] = 5 --( 1 )--> 1
[20] = 2 --( 1 )--> 6
[21] = 6 --( 1 )--> 2
[22] = 3 --( 1 )--> 7
[23] = 7 --( 1 )--> 3
[24] = 0 --( 4 )--> 8
[25] = 8 --( 4 )--> 0
[26] = 1 --( 4 )--> 9
[27] = 9 --( 4 )--> 1
[28] = 2 --( 4 )--> 10
[29] = 10 --( 4 )--> 2
[30] = 3 --( 4 )--> 11
[31] = 11 --( 4 )--> 3
[32] = 4 --( 4 )--> 12
[33] = 12 --( 4 )--> 4
[34] = 5 --( 4 )--> 13
[35] = 13 --( 4 )--> 5
[36] = 6 --( 4 )--> 14
[37] = 14 --( 4 )--> 6
[38] = 7 --( 4 )--> 15
[39] = 15 --( 4 )--> 7
[40] = 8 --( 1 )--> 9
[41] = 9 --( 1 )--> 8
[42] = 9 --( 1 )--> 10
[43] = 10 --( 1 )--> 9
[44] = 10 --( 1 )--> 11
[45] = 11 --( 1 )--> 10
[46] = 11 --( 1 )--> 8
[47] = 8 --( 1 )--> 11
[48] = 12 --( 1 )--> 13
[49] = 13 --( 1 )--> 12
[50] = 13 --( 1 )--> 14
[51] = 14 --( 1 )--> 13
[52] = 14 --( 1 )--> 15
[53] = 15 --( 1 )--> 14
[54] = 15 --( 1 )--> 12
[55] = 12 --( 1 )--> 15
[56] = 8 --( 1 )--> 12
[57] = 12 --( 1 )--> 8
[58] = 9 --( 1 )--> 13
[59] = 13 --( 1 )--> 9
[60] = 10 --( 1 )--> 14
[61] = 14 --( 1 )--> 10
[62] = 11 --( 1 )--> 15
[63] = 15 --( 1 )--> 11
[64] = 8 --( 4 )--> 16
[65] = 16 --( 4 )--> 8
[66] = 9 --( 4 )--> 17
[67] = 17 --( 4 )--> 9
[68] = 10 --( 4 )--> 18
[69] = 18 --( 4 )--> 10
[70] = 11 --( 4 )--> 19
[71] = 19 --( 4 )--> 11
[72] = 12 --( 4 )--> 20
[73] = 20 --( 4 )--> 12
[74] = 13 --( 4 )--> 21
[75] = 21 --( 4 )--> 13
[76] = 14 --( 4 )--> 22
[77] = 22 --( 4 )--> 14
[78] = 15 --( 4 )--> 23
[79] = 23 --( 4 )--> 15
[80] = 16 --( 1 )--> 17
[81] = 17 --( 1 )--> 16
[82] = 17 --( 1 )--> 18
[83] = 18 --( 1 )--> 17
[84] = 18 --( 1 )--> 19
[85] = 19 --( 1 )--> 18
[86] = 19 --( 1 )--> 16
[87] = 16 --( 1 )--> 19
[88] = 20 --( 1 )--> 21
[89] = 21 --( 1 )--> 20
[90] = 21 --( 1 )--> 22
[91] = 22 --( 1 )--> 21
[92] = 22 --( 1 )--> 23
[93] = 23 --( 1 )--> 22
[94] = 23 --( 1 )--> 20
[95] = 20 --( 1 )--> 23
[96] = 16 --( 1 )--> 20
[97] = 20 --( 1 )--> 16
[98] = 17 --( 1 )--> 21
[99] = 21 --( 1 )--> 17
[100] = 18 --( 1 )--> 22
[101] = 22 --( 1 )--> 18
[102] = 19 --( 1 )--> 23
[103] = 23 --( 1 )--> 19
[GroupManager] add group GroupEdges
[GroupManager] add group GroupMultiCommodityFlow
[GroupManager] add group GroupEdgesMultiCommodityFlow
[MIPSolver] number of variables   = 1352
[MIPSolver] number of constraints = 1408
[MIPSolver] Problem solved in 62 milliseconds.
[MIPSolver] optimal objective value = 21.5
[GroupManager] compute solution for group GroupEdges

Solution GroupEdges
Edge[0] = {(0, 1), weight = 1.000000} (0), Net[0] = {name = net_0, terminals = {0, 2, 5, 7, 9, 11, 12, 14, 16, 18, 21, 23}, weight = 1.000000} : 0.25
Edge[1] = {(1, 0), weight = 1.000000} (1), Net[0] = {name = net_0, terminals = {0, 2, 5, 7, 9, 11, 12, 14, 16, 18, 21, 23}, weight = 1.000000} : 0
Edge[2] = {(1, 2), weight = 1.000000} (2), Net[0] = {name = net_0, terminals = {0, 2, 5, 7, 9, 11, 12, 14, 16, 18, 21, 23}, weight = 1.000000} : 0.25
Edge[3] = {(2, 1), weight = 1.000000} (3), Net[0] = {name = net_0, terminals = {0, 2, 5, 7, 9, 11, 12, 14, 16, 18, 21, 23}, weight = 1.000000} : 0
Edge[4] = {(2, 3), weight = 1.000000} (4), Net[0] = {name = net_0, terminals = {0, 2, 5, 7, 9, 11, 12, 14, 16, 18, 21, 23}, weight = 1.000000} : 0
Edge[5] = {(3, 2), weight = 1.000000} (5), Net[0] = {name = net_0, terminals = {0, 2, 5, 7, 9, 11, 12, 14, 16, 18, 21, 23}, weight = 1.000000} : 0.5
Edge[6] = {(3, 0), weight = 1.000000} (6), Net[0] = {name = net_0, terminals = {0, 2, 5, 7, 9, 11, 12, 14, 16, 18, 21, 23}, weight = 1.000000} : 0
Edge[7] = {(0, 3), weight = 1.000000} (7), Net[0] = {name = net_0, terminals = {0, 2, 5, 7, 9, 11, 12, 14, 16, 18, 21, 23}, weight = 1.000000} : 0.5
Edge[8] = {(4, 5), weight = 1.000000} (8), Net[0] = {name = net_0, terminals = {0, 2, 5, 7, 9, 11, 12, 14, 16, 18, 21, 23}, weight = 1.000000} : 0.5
Edge[9] = {(5, 4), weight = 1.000000} (9), Net[0] = {name = net_0, terminals = {0, 2, 5, 7, 9, 11, 12, 14, 16, 18, 21, 23}, weight = 1.000000} : 0
Edge[10] = {(5, 6), weight = 1.000000} (10), Net[0] = {name = net_0, terminals = {0, 2, 5, 7, 9, 11, 12, 14, 16, 18, 21, 23}, weight = 1.000000} : 0
Edge[11] = {(6, 5), weight = 1.000000} (11), Net[0] = {name = net_0, terminals = {0, 2, 5, 7, 9, 11, 12, 14, 16, 18, 21, 23}, weight = 1.000000} : 0.25
Edge[12] = {(6, 7), weight = 1.000000} (12), Net[0] = {name = net_0, terminals = {0, 2, 5, 7, 9, 11, 12, 14, 16, 18, 21, 23}, weight = 1.000000} : 0
Edge[13] = {(7, 6), weight = 1.000000} (13), Net[0] = {name = net_0, terminals = {0, 2, 5, 7, 9, 11, 12, 14, 16, 18, 21, 23}, weight = 1.000000} : 0.25
Edge[14] = {(7, 4), weight = 1.000000} (14), Net[0] = {name = net_0, terminals = {0, 2, 5, 7, 9, 11, 12, 14, 16, 18, 21, 23}, weight = 1.000000} : 0
Edge[15] = {(4, 7), weight = 1.000000} (15), Net[0] = {name = net_0, terminals = {0, 2, 5, 7, 9, 11, 12, 14, 16, 18, 21, 23}, weight = 1.000000} : 0.5
Edge[16] = {(0, 4), weight = 1.000000} (16), Net[0] = {name = net_0, terminals = {0, 2, 5, 7, 9, 11, 12, 14, 16, 18, 21, 23}, weight = 1.000000} : 0.5
Edge[17] = {(4, 0), weight = 1.000000} (17), Net[0] = {name = net_0, terminals = {0, 2, 5, 7, 9, 11, 12, 14, 16, 18, 21, 23}, weight = 1.000000} : 0
Edge[18] = {(1, 5), weight = 1.000000} (18), Net[0] = {name = net_0, terminals = {0, 2, 5, 7, 9, 11, 12, 14, 16, 18, 21, 23}, weight = 1.000000} : 0.25
Edge[19] = {(5, 1), weight = 1.000000} (19), Net[0] = {name = net_0, terminals = {0, 2, 5, 7, 9, 11, 12, 14, 16, 18, 21, 23}, weight = 1.000000} : 0
Edge[20] = {(2, 6), weight = 1.000000} (20), Net[0] = {name = net_0, terminals = {0, 2, 5, 7, 9, 11, 12, 14, 16, 18, 21, 23}, weight = 1.000000} : 0
Edge[21] = {(6, 2), weight = 1.000000} (21), Net[0] = {name = net_0, terminals = {0, 2, 5, 7, 9, 11, 12, 14, 16, 18, 21, 23}, weight = 1.000000} : 0.25
Edge[22] = {(3, 7), weight = 1.000000} (22), Net[0] = {name = net_0, terminals = {0, 2, 5, 7, 9, 11, 12, 14, 16, 18, 21, 23}, weight = 1.000000} : 0.5
Edge[23] = {(7, 3), weight = 1.000000} (23), Net[0] = {name = net_0, terminals = {0, 2, 5, 7, 9, 11, 12, 14, 16, 18, 21, 23}, weight = 1.000000} : 0
Edge[24] = {(0, 8), weight = 4.000000} (24), Net[0] = {name = net_0, terminals = {0, 2, 5, 7, 9, 11, 12, 14, 16, 18, 21, 23}, weight = 1.000000} : 0.25
Edge[25] = {(8, 0), weight = 4.000000} (25), Net[0] = {name = net_0, terminals = {0, 2, 5, 7, 9, 11, 12, 14, 16, 18, 21, 23}, weight = 1.000000} : 0
Edge[26] = {(1, 9), weight = 4.000000} (26), Net[0] = {name = net_0, terminals = {0, 2, 5, 7, 9, 11, 12, 14, 16, 18, 21, 23}, weight = 1.000000} : 0.25
Edge[27] = {(9, 1), weight = 4.000000} (27), Net[0] = {name = net_0, terminals = {0, 2, 5, 7, 9, 11, 12, 14, 16, 18, 21, 23}, weight = 1.000000} : 0
Edge[28] = {(2, 10), weight = 4.000000} (28), Net[0] = {name = net_0, terminals = {0, 2, 5, 7, 9, 11, 12, 14, 16, 18, 21, 23}, weight = 1.000000} : 0
Edge[29] = {(10, 2), weight = 4.000000} (29), Net[0] = {name = net_0, terminals = {0, 2, 5, 7, 9, 11, 12, 14, 16, 18, 21, 23}, weight = 1.000000} : 0
Edge[30] = {(3, 11), weight = 4.000000} (30), Net[0] = {name = net_0, terminals = {0, 2, 5, 7, 9, 11, 12, 14, 16, 18, 21, 23}, weight = 1.000000} : 0
Edge[31] = {(11, 3), weight = 4.000000} (31), Net[0] = {name = net_0, terminals = {0, 2, 5, 7, 9, 11, 12, 14, 16, 18, 21, 23}, weight = 1.000000} : 0
Edge[32] = {(4, 12), weight = 4.000000} (32), Net[0] = {name = net_0, terminals = {0, 2, 5, 7, 9, 11, 12, 14, 16, 18, 21, 23}, weight = 1.000000} : 0
Edge[33] = {(12, 4), weight = 4.000000} (33), Net[0] = {name = net_0, terminals = {0, 2, 5, 7, 9, 11, 12, 14, 16, 18, 21, 23}, weight = 1.000000} : 0
Edge[34] = {(5, 13), weight = 4.000000} (34), Net[0] = {name = net_0, terminals = {0, 2, 5, 7, 9, 11, 12, 14, 16, 18, 21, 23}, weight = 1.000000} : 0.25
Edge[35] = {(13, 5), weight = 4.000000} (35), Net[0] = {name = net_0, terminals = {0, 2, 5, 7, 9, 11, 12, 14, 16, 18, 21, 23}, weight = 1.000000} : 0
Edge[36] = {(6, 14), weight = 4.000000} (36), Net[0] = {name = net_0, terminals = {0, 2, 5, 7, 9, 11, 12, 14, 16, 18, 21, 23}, weight = 1.000000} : 0
Edge[37] = {(14, 6), weight = 4.000000} (37), Net[0] = {name = net_0, terminals = {0, 2, 5, 7, 9, 11, 12, 14, 16, 18, 21, 23}, weight = 1.000000} : 0
Edge[38] = {(7, 15), weight = 4.000000} (38), Net[0] = {name = net_0, terminals = {0, 2, 5, 7, 9, 11, 12, 14, 16, 18, 21, 23}, weight = 1.000000} : 0.25
Edge[39] = {(15, 7), weight = 4.000000} (39), Net[0] = {name = net_0, terminals = {0, 2, 5, 7, 9, 11, 12, 14, 16, 18, 21, 23}, weight = 1.000000} : 0
Edge[40] = {(8, 9), weight = 1.000000} (40), Net[0] = {name = net_0, terminals = {0, 2, 5, 7, 9, 11, 12, 14, 16, 18, 21, 23}, weight = 1.000000} : 0.25
Edge[41] = {(9, 8), weight = 1.000000} (41), Net[0] = {name = net_0, terminals = {0, 2, 5, 7, 9, 11, 12, 14, 16, 18, 21, 23}, weight = 1.000000} : 0
Edge[42] = {(9, 10), weight = 1.000000} (42), Net[0] = {name = net_0, terminals = {0, 2, 5, 7, 9, 11, 12, 14, 16, 18, 21, 23}, weight = 1.000000} : 0.25
Edge[43] = {(10, 9), weight = 1.000000} (43), Net[0] = {name = net_0, terminals = {0, 2, 5, 7, 9, 11, 12, 14, 16, 18, 21, 23}, weight = 1.000000} : 0.25
Edge[44] = {(10, 11), weight = 1.000000} (44), Net[0] = {name = net_0, terminals = {0, 2, 5, 7, 9, 11, 12, 14, 16, 18, 21, 23}, weight = 1.000000} : 0.25
Edge[45] = {(11, 10), weight = 1.000000} (45), Net[0] = {name = net_0, terminals = {0, 2, 5, 7, 9, 11, 12, 14, 16, 18, 21, 23}, weight = 1.000000} : 0.25
Edge[46] = {(11, 8), weight = 1.000000} (46), Net[0] = {name = net_0, terminals = {0, 2, 5, 7, 9, 11, 12, 14, 16, 18, 21, 23}, weight = 1.000000} : 5.55112e-17
Edge[47] = {(8, 11), weight = 1.000000} (47), Net[0] = {name = net_0, terminals = {0, 2, 5, 7, 9, 11, 12, 14, 16, 18, 21, 23}, weight = 1.000000} : 0.25
Edge[48] = {(12, 13), weight = 1.000000} (48), Net[0] = {name = net_0, terminals = {0, 2, 5, 7, 9, 11, 12, 14, 16, 18, 21, 23}, weight = 1.000000} : 0
Edge[49] = {(13, 12), weight = 1.000000} (49), Net[0] = {name = net_0, terminals = {0, 2, 5, 7, 9, 11, 12, 14, 16, 18, 21, 23}, weight = 1.000000} : 0.25
Edge[50] = {(13, 14), weight = 1.000000} (50), Net[0] = {name = net_0, terminals = {0, 2, 5, 7, 9, 11, 12, 14, 16, 18, 21, 23}, weight = 1.000000} : 0.25
Edge[51] = {(14, 13), weight = 1.000000} (51), Net[0] = {name = net_0, terminals = {0, 2, 5, 7, 9, 11, 12, 14, 16, 18, 21, 23}, weight = 1.000000} : 0
Edge[52] = {(14, 15), weight = 1.000000} (52), Net[0] = {name = net_0, terminals = {0, 2, 5, 7, 9, 11, 12, 14, 16, 18, 21, 23}, weight = 1.000000} : 0.25
Edge[53] = {(15, 14), weight = 1.000000} (53), Net[0] = {name = net_0, terminals = {0, 2, 5, 7, 9, 11, 12, 14, 16, 18, 21, 23}, weight = 1.000000} : 0.25
Edge[54] = {(15, 12), weight = 1.000000} (54), Net[0] = {name = net_0, terminals = {0, 2, 5, 7, 9, 11, 12, 14, 16, 18, 21, 23}, weight = 1.000000} : 0.5
Edge[55] = {(12, 15), weight = 1.000000} (55), Net[0] = {name = net_0, terminals = {0, 2, 5, 7, 9, 11, 12, 14, 16, 18, 21, 23}, weight = 1.000000} : 0
Edge[56] = {(8, 12), weight = 1.000000} (56), Net[0] = {name = net_0, terminals = {0, 2, 5, 7, 9, 11, 12, 14, 16, 18, 21, 23}, weight = 1.000000} : 0.25
Edge[57] = {(12, 8), weight = 1.000000} (57), Net[0] = {name = net_0, terminals = {0, 2, 5, 7, 9, 11, 12, 14, 16, 18, 21, 23}, weight = 1.000000} : 0
Edge[58] = {(9, 13), weight = 1.000000} (58), Net[0] = {name = net_0, terminals = {0, 2, 5, 7, 9, 11, 12, 14, 16, 18, 21, 23}, weight = 1.000000} : 0
Edge[59] = {(13, 9), weight = 1.000000} (59), Net[0] = {name = net_0, terminals = {0, 2, 5, 7, 9, 11, 12, 14, 16, 18, 21, 23}, weight = 1.000000} : 0.25
Edge[60] = {(10, 14), weight = 1.000000} (60), Net[0] = {name = net_0, terminals = {0, 2, 5, 7, 9, 11, 12, 14, 16, 18, 21, 23}, weight = 1.000000} : 0.5
Edge[61] = {(14, 10), weight = 1.000000} (61), Net[0] = {name = net_0, terminals = {0, 2, 5, 7, 9, 11, 12, 14, 16, 18, 21, 23}, weight = 1.000000} : 0
Edge[62] = {(11, 15), weight = 1.000000} (62), Net[0] = {name = net_0, terminals = {0, 2, 5, 7, 9, 11, 12, 14, 16, 18, 21, 23}, weight = 1.000000} : 0
Edge[63] = {(15, 11), weight = 1.000000} (63), Net[0] = {name = net_0, terminals = {0, 2, 5, 7, 9, 11, 12, 14, 16, 18, 21, 23}, weight = 1.000000} : 0.5
Edge[64] = {(8, 16), weight = 4.000000} (64), Net[0] = {name = net_0, terminals = {0, 2, 5, 7, 9, 11, 12, 14, 16, 18, 21, 23}, weight = 1.000000} : 0
Edge[65] = {(16, 8), weight = 4.000000} (65), Net[0] = {name = net_0, terminals = {0, 2, 5, 7, 9, 11, 12, 14, 16, 18, 21, 23}, weight = 1.000000} : 0
Edge[66] = {(9, 17), weight = 4.000000} (66), Net[0] = {name = net_0, terminals = {0, 2, 5, 7, 9, 11, 12, 14, 16, 18, 21, 23}, weight = 1.000000} : 0.5
Edge[67] = {(17, 9), weight = 4.000000} (67), Net[0] = {name = net_0, terminals = {0, 2, 5, 7, 9, 11, 12, 14, 16, 18, 21, 23}, weight = 1.000000} : 0
Edge[68] = {(10, 18), weight = 4.000000} (68), Net[0] = {name = net_0, terminals = {0, 2, 5, 7, 9, 11, 12, 14, 16, 18, 21, 23}, weight = 1.000000} : 0
Edge[69] = {(18, 10), weight = 4.000000} (69), Net[0] = {name = net_0, terminals = {0, 2, 5, 7, 9, 11, 12, 14, 16, 18, 21, 23}, weight = 1.000000} : 0
Edge[70] = {(11, 19), weight = 4.000000} (70), Net[0] = {name = net_0, terminals = {0, 2, 5, 7, 9, 11, 12, 14, 16, 18, 21, 23}, weight = 1.000000} : 0
Edge[71] = {(19, 11), weight = 4.000000} (71), Net[0] = {name = net_0, terminals = {0, 2, 5, 7, 9, 11, 12, 14, 16, 18, 21, 23}, weight = 1.000000} : 0
Edge[72] = {(12, 20), weight = 4.000000} (72), Net[0] = {name = net_0, terminals = {0, 2, 5, 7, 9, 11, 12, 14, 16, 18, 21, 23}, weight = 1.000000} : 0
Edge[73] = {(20, 12), weight = 4.000000} (73), Net[0] = {name = net_0, terminals = {0, 2, 5, 7, 9, 11, 12, 14, 16, 18, 21, 23}, weight = 1.000000} : 0
Edge[74] = {(13, 21), weight = 4.000000} (74), Net[0] = {name = net_0, terminals = {0, 2, 5, 7, 9, 11, 12, 14, 16, 18, 21, 23}, weight = 1.000000} : 0
Edge[75] = {(21, 13), weight = 4.000000} (75), Net[0] = {name = net_0, terminals = {0, 2, 5, 7, 9, 11, 12, 14, 16, 18, 21, 23}, weight = 1.000000} : 0
Edge[76] = {(14, 22), weight = 4.000000} (76), Net[0] = {name = net_0, terminals = {0, 2, 5, 7, 9, 11, 12, 14, 16, 18, 21, 23}, weight = 1.000000} : 0
Edge[77] = {(22, 14), weight = 4.000000} (77), Net[0] = {name = net_0, terminals = {0, 2, 5, 7, 9, 11, 12, 14, 16, 18, 21, 23}, weight = 1.000000} : 0
Edge[78] = {(15, 23), weight = 4.000000} (78), Net[0] = {name = net_0, terminals = {0, 2, 5, 7, 9, 11, 12, 14, 16, 18, 21, 23}, weight = 1.000000} : 0.5
Edge[79] = {(23, 15), weight = 4.000000} (79), Net[0] = {name = net_0, terminals = {0, 2, 5, 7, 9, 11, 12, 14, 16, 18, 21, 23}, weight = 1.000000} : 0
Edge[80] = {(16, 17), weight = 1.000000} (80), Net[0] = {name = net_0, terminals = {0, 2, 5, 7, 9, 11, 12, 14, 16, 18, 21, 23}, weight = 1.000000} : 0
Edge[81] = {(17, 16), weight = 1.000000} (81), Net[0] = {name = net_0, terminals = {0, 2, 5, 7, 9, 11, 12, 14, 16, 18, 21, 23}, weight = 1.000000} : 0.5
Edge[82] = {(17, 18), weight = 1.000000} (82), Net[0] = {name = net_0, terminals = {0, 2, 5, 7, 9, 11, 12, 14, 16, 18, 21, 23}, weight = 1.000000} : 0.5
Edge[83] = {(18, 17), weight = 1.000000} (83), Net[0] = {name = net_0, terminals = {0, 2, 5, 7, 9, 11, 12, 14, 16, 18, 21, 23}, weight = 1.000000} : 0
Edge[84] = {(18, 19), weight = 1.000000} (84), Net[0] = {name = net_0, terminals = {0, 2, 5, 7, 9, 11, 12, 14, 16, 18, 21, 23}, weight = 1.000000} : 0
Edge[85] = {(19, 18), weight = 1.000000} (85), Net[0] = {name = net_0, terminals = {0, 2, 5, 7, 9, 11, 12, 14, 16, 18, 21, 23}, weight = 1.000000} : 0.5
Edge[86] = {(19, 16), weight = 1.000000} (86), Net[0] = {name = net_0, terminals = {0, 2, 5, 7, 9, 11, 12, 14, 16, 18, 21, 23}, weight = 1.000000} : 0.5
Edge[87] = {(16, 19), weight = 1.000000} (87), Net[0] = {name = net_0, terminals = {0, 2, 5, 7, 9, 11, 12, 14, 16, 18, 21, 23}, weight = 1.000000} : 0
Edge[88] = {(20, 21), weight = 1.000000} (88), Net[0] = {name = net_0, terminals = {0, 2, 5, 7, 9, 11, 12, 14, 16, 18, 21, 23}, weight = 1.000000} : 0.5
Edge[89] = {(21, 20), weight = 1.000000} (89), Net[0] = {name = net_0, terminals = {0, 2, 5, 7, 9, 11, 12, 14, 16, 18, 21, 23}, weight = 1.000000} : 0
Edge[90] = {(21, 22), weight = 1.000000} (90), Net[0] = {name = net_0, terminals = {0, 2, 5, 7, 9, 11, 12, 14, 16, 18, 21, 23}, weight = 1.000000} : 0
Edge[91] = {(22, 21), weight = 1.000000} (91), Net[0] = {name = net_0, terminals = {0, 2, 5, 7, 9, 11, 12, 14, 16, 18, 21, 23}, weight = 1.000000} : 0
Edge[92] = {(22, 23), weight = 1.000000} (92), Net[0] = {name = net_0, terminals = {0, 2, 5, 7, 9, 11, 12, 14, 16, 18, 21, 23}, weight = 1.000000} : 0
Edge[93] = {(23, 22), weight = 1.000000} (93), Net[0] = {name = net_0, terminals = {0, 2, 5, 7, 9, 11, 12, 14, 16, 18, 21, 23}, weight = 1.000000} : 0
Edge[94] = {(23, 20), weight = 1.000000} (94), Net[0] = {name = net_0, terminals = {0, 2, 5, 7, 9, 11, 12, 14, 16, 18, 21, 23}, weight = 1.000000} : 0
Edge[95] = {(20, 23), weight = 1.000000} (95), Net[0] = {name = net_0, terminals = {0, 2, 5, 7, 9, 11, 12, 14, 16, 18, 21, 23}, weight = 1.000000} : 0.5
Edge[96] = {(16, 20), weight = 1.000000} (96), Net[0] = {name = net_0, terminals = {0, 2, 5, 7, 9, 11, 12, 14, 16, 18, 21, 23}, weight = 1.000000} : 0.5
Edge[97] = {(20, 16), weight = 1.000000} (97), Net[0] = {name = net_0, terminals = {0, 2, 5, 7, 9, 11, 12, 14, 16, 18, 21, 23}, weight = 1.000000} : 0
Edge[98] = {(17, 21), weight = 1.000000} (98), Net[0] = {name = net_0, terminals = {0, 2, 5, 7, 9, 11, 12, 14, 16, 18, 21, 23}, weight = 1.000000} : 0.5
Edge[99] = {(21, 17), weight = 1.000000} (99), Net[0] = {name = net_0, terminals = {0, 2, 5, 7, 9, 11, 12, 14, 16, 18, 21, 23}, weight = 1.000000} : 0
Edge[100] = {(18, 22), weight = 1.000000} (100), Net[0] = {name = net_0, terminals = {0, 2, 5, 7, 9, 11, 12, 14, 16, 18, 21, 23}, weight = 1.000000} : 0
Edge[101] = {(22, 18), weight = 1.000000} (101), Net[0] = {name = net_0, terminals = {0, 2, 5, 7, 9, 11, 12, 14, 16, 18, 21, 23}, weight = 1.000000} : 0
Edge[102] = {(19, 23), weight = 1.000000} (102), Net[0] = {name = net_0, terminals = {0, 2, 5, 7, 9, 11, 12, 14, 16, 18, 21, 23}, weight = 1.000000} : 0
Edge[103] = {(23, 19), weight = 1.000000} (103), Net[0] = {name = net_0, terminals = {0, 2, 5, 7, 9, 11, 12, 14, 16, 18, 21, 23}, weight = 1.000000} : 0.5

[GroupManager] compute solution for group GroupMultiCommodityFlow
[GroupManager] compute solution for group GroupEdgesMultiCommodityFlow
[GroupManager] add group GroupEdges
[GroupManager] add group GroupMultiCommodityFlow
[GroupManager] add group GroupEdgesMultiCommodityFlow
[MIPSolver] number of variables   = 1352
[MIPSolver] number of constraints = 1408
[MIPSolver] Problem solved in 553 milliseconds.
[MIPSolver] optimal objective value = 23
[GroupManager] compute solution for group GroupEdges

Solution GroupEdges
Edge[0] = {(0, 1), weight = 1.000000} (0), Net[0] = {name = net_0, terminals = {0, 2, 5, 7, 9, 11, 12, 14, 16, 18, 21, 23}, weight = 1.000000} : 1
Edge[1] = {(1, 0), weight = 1.000000} (1), Net[0] = {name = net_0, terminals = {0, 2, 5, 7, 9, 11, 12, 14, 16, 18, 21, 23}, weight = 1.000000} : 0
Edge[2] = {(1, 2), weight = 1.000000} (2), Net[0] = {name = net_0, terminals = {0, 2, 5, 7, 9, 11, 12, 14, 16, 18, 21, 23}, weight = 1.000000} : 1
Edge[3] = {(2, 1), weight = 1.000000} (3), Net[0] = {name = net_0, terminals = {0, 2, 5, 7, 9, 11, 12, 14, 16, 18, 21, 23}, weight = 1.000000} : 0
Edge[4] = {(2, 3), weight = 1.000000} (4), Net[0] = {name = net_0, terminals = {0, 2, 5, 7, 9, 11, 12, 14, 16, 18, 21, 23}, weight = 1.000000} : 0
Edge[5] = {(3, 2), weight = 1.000000} (5), Net[0] = {name = net_0, terminals = {0, 2, 5, 7, 9, 11, 12, 14, 16, 18, 21, 23}, weight = 1.000000} : 0
Edge[6] = {(3, 0), weight = 1.000000} (6), Net[0] = {name = net_0, terminals = {0, 2, 5, 7, 9, 11, 12, 14, 16, 18, 21, 23}, weight = 1.000000} : 0
Edge[7] = {(0, 3), weight = 1.000000} (7), Net[0] = {name = net_0, terminals = {0, 2, 5, 7, 9, 11, 12, 14, 16, 18, 21, 23}, weight = 1.000000} : 1
Edge[8] = {(4, 5), weight = 1.000000} (8), Net[0] = {name = net_0, terminals = {0, 2, 5, 7, 9, 11, 12, 14, 16, 18, 21, 23}, weight = 1.000000} : 0
Edge[9] = {(5, 4), weight = 1.000000} (9), Net[0] = {name = net_0, terminals = {0, 2, 5, 7, 9, 11, 12, 14, 16, 18, 21, 23}, weight = 1.000000} : 0
Edge[10] = {(5, 6), weight = 1.000000} (10), Net[0] = {name = net_0, terminals = {0, 2, 5, 7, 9, 11, 12, 14, 16, 18, 21, 23}, weight = 1.000000} : 0
Edge[11] = {(6, 5), weight = 1.000000} (11), Net[0] = {name = net_0, terminals = {0, 2, 5, 7, 9, 11, 12, 14, 16, 18, 21, 23}, weight = 1.000000} : 0
Edge[12] = {(6, 7), weight = 1.000000} (12), Net[0] = {name = net_0, terminals = {0, 2, 5, 7, 9, 11, 12, 14, 16, 18, 21, 23}, weight = 1.000000} : 0
Edge[13] = {(7, 6), weight = 1.000000} (13), Net[0] = {name = net_0, terminals = {0, 2, 5, 7, 9, 11, 12, 14, 16, 18, 21, 23}, weight = 1.000000} : 0
Edge[14] = {(7, 4), weight = 1.000000} (14), Net[0] = {name = net_0, terminals = {0, 2, 5, 7, 9, 11, 12, 14, 16, 18, 21, 23}, weight = 1.000000} : 0
Edge[15] = {(4, 7), weight = 1.000000} (15), Net[0] = {name = net_0, terminals = {0, 2, 5, 7, 9, 11, 12, 14, 16, 18, 21, 23}, weight = 1.000000} : 0
Edge[16] = {(0, 4), weight = 1.000000} (16), Net[0] = {name = net_0, terminals = {0, 2, 5, 7, 9, 11, 12, 14, 16, 18, 21, 23}, weight = 1.000000} : 0
Edge[17] = {(4, 0), weight = 1.000000} (17), Net[0] = {name = net_0, terminals = {0, 2, 5, 7, 9, 11, 12, 14, 16, 18, 21, 23}, weight = 1.000000} : 0
Edge[18] = {(1, 5), weight = 1.000000} (18), Net[0] = {name = net_0, terminals = {0, 2, 5, 7, 9, 11, 12, 14, 16, 18, 21, 23}, weight = 1.000000} : 1
Edge[19] = {(5, 1), weight = 1.000000} (19), Net[0] = {name = net_0, terminals = {0, 2, 5, 7, 9, 11, 12, 14, 16, 18, 21, 23}, weight = 1.000000} : 0
Edge[20] = {(2, 6), weight = 1.000000} (20), Net[0] = {name = net_0, terminals = {0, 2, 5, 7, 9, 11, 12, 14, 16, 18, 21, 23}, weight = 1.000000} : 0
Edge[21] = {(6, 2), weight = 1.000000} (21), Net[0] = {name = net_0, terminals = {0, 2, 5, 7, 9, 11, 12, 14, 16, 18, 21, 23}, weight = 1.000000} : 0
Edge[22] = {(3, 7), weight = 1.000000} (22), Net[0] = {name = net_0, terminals = {0, 2, 5, 7, 9, 11, 12, 14, 16, 18, 21, 23}, weight = 1.000000} : 1
Edge[23] = {(7, 3), weight = 1.000000} (23), Net[0] = {name = net_0, terminals = {0, 2, 5, 7, 9, 11, 12, 14, 16, 18, 21, 23}, weight = 1.000000} : 0
Edge[24] = {(0, 8), weight = 4.000000} (24), Net[0] = {name = net_0, terminals = {0, 2, 5, 7, 9, 11, 12, 14, 16, 18, 21, 23}, weight = 1.000000} : 0
Edge[25] = {(8, 0), weight = 4.000000} (25), Net[0] = {name = net_0, terminals = {0, 2, 5, 7, 9, 11, 12, 14, 16, 18, 21, 23}, weight = 1.000000} : 0
Edge[26] = {(1, 9), weight = 4.000000} (26), Net[0] = {name = net_0, terminals = {0, 2, 5, 7, 9, 11, 12, 14, 16, 18, 21, 23}, weight = 1.000000} : 0
Edge[27] = {(9, 1), weight = 4.000000} (27), Net[0] = {name = net_0, terminals = {0, 2, 5, 7, 9, 11, 12, 14, 16, 18, 21, 23}, weight = 1.000000} : 0
Edge[28] = {(2, 10), weight = 4.000000} (28), Net[0] = {name = net_0, terminals = {0, 2, 5, 7, 9, 11, 12, 14, 16, 18, 21, 23}, weight = 1.000000} : 0
Edge[29] = {(10, 2), weight = 4.000000} (29), Net[0] = {name = net_0, terminals = {0, 2, 5, 7, 9, 11, 12, 14, 16, 18, 21, 23}, weight = 1.000000} : 0
Edge[30] = {(3, 11), weight = 4.000000} (30), Net[0] = {name = net_0, terminals = {0, 2, 5, 7, 9, 11, 12, 14, 16, 18, 21, 23}, weight = 1.000000} : 1
Edge[31] = {(11, 3), weight = 4.000000} (31), Net[0] = {name = net_0, terminals = {0, 2, 5, 7, 9, 11, 12, 14, 16, 18, 21, 23}, weight = 1.000000} : 0
Edge[32] = {(4, 12), weight = 4.000000} (32), Net[0] = {name = net_0, terminals = {0, 2, 5, 7, 9, 11, 12, 14, 16, 18, 21, 23}, weight = 1.000000} : 0
Edge[33] = {(12, 4), weight = 4.000000} (33), Net[0] = {name = net_0, terminals = {0, 2, 5, 7, 9, 11, 12, 14, 16, 18, 21, 23}, weight = 1.000000} : 0
Edge[34] = {(5, 13), weight = 4.000000} (34), Net[0] = {name = net_0, terminals = {0, 2, 5, 7, 9, 11, 12, 14, 16, 18, 21, 23}, weight = 1.000000} : 0
Edge[35] = {(13, 5), weight = 4.000000} (35), Net[0] = {name = net_0, terminals = {0, 2, 5, 7, 9, 11, 12, 14, 16, 18, 21, 23}, weight = 1.000000} : 0
Edge[36] = {(6, 14), weight = 4.000000} (36), Net[0] = {name = net_0, terminals = {0, 2, 5, 7, 9, 11, 12, 14, 16, 18, 21, 23}, weight = 1.000000} : 0
Edge[37] = {(14, 6), weight = 4.000000} (37), Net[0] = {name = net_0, terminals = {0, 2, 5, 7, 9, 11, 12, 14, 16, 18, 21, 23}, weight = 1.000000} : 0
Edge[38] = {(7, 15), weight = 4.000000} (38), Net[0] = {name = net_0, terminals = {0, 2, 5, 7, 9, 11, 12, 14, 16, 18, 21, 23}, weight = 1.000000} : 0
Edge[39] = {(15, 7), weight = 4.000000} (39), Net[0] = {name = net_0, terminals = {0, 2, 5, 7, 9, 11, 12, 14, 16, 18, 21, 23}, weight = 1.000000} : 0
Edge[40] = {(8, 9), weight = 1.000000} (40), Net[0] = {name = net_0, terminals = {0, 2, 5, 7, 9, 11, 12, 14, 16, 18, 21, 23}, weight = 1.000000} : 0
Edge[41] = {(9, 8), weight = 1.000000} (41), Net[0] = {name = net_0, terminals = {0, 2, 5, 7, 9, 11, 12, 14, 16, 18, 21, 23}, weight = 1.000000} : 0
Edge[42] = {(9, 10), weight = 1.000000} (42), Net[0] = {name = net_0, terminals = {0, 2, 5, 7, 9, 11, 12, 14, 16, 18, 21, 23}, weight = 1.000000} : 0
Edge[43] = {(10, 9), weight = 1.000000} (43), Net[0] = {name = net_0, terminals = {0, 2, 5, 7, 9, 11, 12, 14, 16, 18, 21, 23}, weight = 1.000000} : 1
Edge[44] = {(10, 11), weight = 1.000000} (44), Net[0] = {name = net_0, terminals = {0, 2, 5, 7, 9, 11, 12, 14, 16, 18, 21, 23}, weight = 1.000000} : 0
Edge[45] = {(11, 10), weight = 1.000000} (45), Net[0] = {name = net_0, terminals = {0, 2, 5, 7, 9, 11, 12, 14, 16, 18, 21, 23}, weight = 1.000000} : 1
Edge[46] = {(11, 8), weight = 1.000000} (46), Net[0] = {name = net_0, terminals = {0, 2, 5, 7, 9, 11, 12, 14, 16, 18, 21, 23}, weight = 1.000000} : 0
Edge[47] = {(8, 11), weight = 1.000000} (47), Net[0] = {name = net_0, terminals = {0, 2, 5, 7, 9, 11, 12, 14, 16, 18, 21, 23}, weight = 1.000000} : 0
Edge[48] = {(12, 13), weight = 1.000000} (48), Net[0] = {name = net_0, terminals = {0, 2, 5, 7, 9, 11, 12, 14, 16, 18, 21, 23}, weight = 1.000000} : 0
Edge[49] = {(13, 12), weight = 1.000000} (49), Net[0] = {name = net_0, terminals = {0, 2, 5, 7, 9, 11, 12, 14, 16, 18, 21, 23}, weight = 1.000000} : 0
Edge[50] = {(13, 14), weight = 1.000000} (50), Net[0] = {name = net_0, terminals = {0, 2, 5, 7, 9, 11, 12, 14, 16, 18, 21, 23}, weight = 1.000000} : 0
Edge[51] = {(14, 13), weight = 1.000000} (51), Net[0] = {name = net_0, terminals = {0, 2, 5, 7, 9, 11, 12, 14, 16, 18, 21, 23}, weight = 1.000000} : 0
Edge[52] = {(14, 15), weight = 1.000000} (52), Net[0] = {name = net_0, terminals = {0, 2, 5, 7, 9, 11, 12, 14, 16, 18, 21, 23}, weight = 1.000000} : 0
Edge[53] = {(15, 14), weight = 1.000000} (53), Net[0] = {name = net_0, terminals = {0, 2, 5, 7, 9, 11, 12, 14, 16, 18, 21, 23}, weight = 1.000000} : 0
Edge[54] = {(15, 12), weight = 1.000000} (54), Net[0] = {name = net_0, terminals = {0, 2, 5, 7, 9, 11, 12, 14, 16, 18, 21, 23}, weight = 1.000000} : 1
Edge[55] = {(12, 15), weight = 1.000000} (55), Net[0] = {name = net_0, terminals = {0, 2, 5, 7, 9, 11, 12, 14, 16, 18, 21, 23}, weight = 1.000000} : 0
Edge[56] = {(8, 12), weight = 1.000000} (56), Net[0] = {name = net_0, terminals = {0, 2, 5, 7, 9, 11, 12, 14, 16, 18, 21, 23}, weight = 1.000000} : 0
Edge[57] = {(12, 8), weight = 1.000000} (57), Net[0] = {name = net_0, terminals = {0, 2, 5, 7, 9, 11, 12, 14, 16, 18, 21, 23}, weight = 1.000000} : 0
Edge[58] = {(9, 13), weight = 1.000000} (58), Net[0] = {name = net_0, terminals = {0, 2, 5, 7, 9, 11, 12, 14, 16, 18, 21, 23}, weight = 1.000000} : 0
Edge[59] = {(13, 9), weight = 1.000000} (59), Net[0] = {name = net_0, terminals = {0, 2, 5, 7, 9, 11, 12, 14, 16, 18, 21, 23}, weight = 1.000000} : 0
Edge[60] = {(10, 14), weight = 1.000000} (60), Net[0] = {name = net_0, terminals = {0, 2, 5, 7, 9, 11, 12, 14, 16, 18, 21, 23}, weight = 1.000000} : 1
Edge[61] = {(14, 10), weight = 1.000000} (61), Net[0] = {name = net_0, terminals = {0, 2, 5, 7, 9, 11, 12, 14, 16, 18, 21, 23}, weight = 1.000000} : 0
Edge[62] = {(11, 15), weight = 1.000000} (62), Net[0] = {name = net_0, terminals = {0, 2, 5, 7, 9, 11, 12, 14, 16, 18, 21, 23}, weight = 1.000000} : 1
Edge[63] = {(15, 11), weight = 1.000000} (63), Net[0] = {name = net_0, terminals = {0, 2, 5, 7, 9, 11, 12, 14, 16, 18, 21, 23}, weight = 1.000000} : 0
Edge[64] = {(8, 16), weight = 4.000000} (64), Net[0] = {name = net_0, terminals = {0, 2, 5, 7, 9, 11, 12, 14, 16, 18, 21, 23}, weight = 1.000000} : 0
Edge[65] = {(16, 8), weight = 4.000000} (65), Net[0] = {name = net_0, terminals = {0, 2, 5, 7, 9, 11, 12, 14, 16, 18, 21, 23}, weight = 1.000000} : 0
Edge[66] = {(9, 17), weight = 4.000000} (66), Net[0] = {name = net_0, terminals = {0, 2, 5, 7, 9, 11, 12, 14, 16, 18, 21, 23}, weight = 1.000000} : 0
Edge[67] = {(17, 9), weight = 4.000000} (67), Net[0] = {name = net_0, terminals = {0, 2, 5, 7, 9, 11, 12, 14, 16, 18, 21, 23}, weight = 1.000000} : 0
Edge[68] = {(10, 18), weight = 4.000000} (68), Net[0] = {name = net_0, terminals = {0, 2, 5, 7, 9, 11, 12, 14, 16, 18, 21, 23}, weight = 1.000000} : 0
Edge[69] = {(18, 10), weight = 4.000000} (69), Net[0] = {name = net_0, terminals = {0, 2, 5, 7, 9, 11, 12, 14, 16, 18, 21, 23}, weight = 1.000000} : 0
Edge[70] = {(11, 19), weight = 4.000000} (70), Net[0] = {name = net_0, terminals = {0, 2, 5, 7, 9, 11, 12, 14, 16, 18, 21, 23}, weight = 1.000000} : 1
Edge[71] = {(19, 11), weight = 4.000000} (71), Net[0] = {name = net_0, terminals = {0, 2, 5, 7, 9, 11, 12, 14, 16, 18, 21, 23}, weight = 1.000000} : 0
Edge[72] = {(12, 20), weight = 4.000000} (72), Net[0] = {name = net_0, terminals = {0, 2, 5, 7, 9, 11, 12, 14, 16, 18, 21, 23}, weight = 1.000000} : 0
Edge[73] = {(20, 12), weight = 4.000000} (73), Net[0] = {name = net_0, terminals = {0, 2, 5, 7, 9, 11, 12, 14, 16, 18, 21, 23}, weight = 1.000000} : 0
Edge[74] = {(13, 21), weight = 4.000000} (74), Net[0] = {name = net_0, terminals = {0, 2, 5, 7, 9, 11, 12, 14, 16, 18, 21, 23}, weight = 1.000000} : 0
Edge[75] = {(21, 13), weight = 4.000000} (75), Net[0] = {name = net_0, terminals = {0, 2, 5, 7, 9, 11, 12, 14, 16, 18, 21, 23}, weight = 1.000000} : 0
Edge[76] = {(14, 22), weight = 4.000000} (76), Net[0] = {name = net_0, terminals = {0, 2, 5, 7, 9, 11, 12, 14, 16, 18, 21, 23}, weight = 1.000000} : 0
Edge[77] = {(22, 14), weight = 4.000000} (77), Net[0] = {name = net_0, terminals = {0, 2, 5, 7, 9, 11, 12, 14, 16, 18, 21, 23}, weight = 1.000000} : 0
Edge[78] = {(15, 23), weight = 4.000000} (78), Net[0] = {name = net_0, terminals = {0, 2, 5, 7, 9, 11, 12, 14, 16, 18, 21, 23}, weight = 1.000000} : 0
Edge[79] = {(23, 15), weight = 4.000000} (79), Net[0] = {name = net_0, terminals = {0, 2, 5, 7, 9, 11, 12, 14, 16, 18, 21, 23}, weight = 1.000000} : 0
Edge[80] = {(16, 17), weight = 1.000000} (80), Net[0] = {name = net_0, terminals = {0, 2, 5, 7, 9, 11, 12, 14, 16, 18, 21, 23}, weight = 1.000000} : 0
Edge[81] = {(17, 16), weight = 1.000000} (81), Net[0] = {name = net_0, terminals = {0, 2, 5, 7, 9, 11, 12, 14, 16, 18, 21, 23}, weight = 1.000000} : 0
Edge[82] = {(17, 18), weight = 1.000000} (82), Net[0] = {name = net_0, terminals = {0, 2, 5, 7, 9, 11, 12, 14, 16, 18, 21, 23}, weight = 1.000000} : 0
Edge[83] = {(18, 17), weight = 1.000000} (83), Net[0] = {name = net_0, terminals = {0, 2, 5, 7, 9, 11, 12, 14, 16, 18, 21, 23}, weight = 1.000000} : 0
Edge[84] = {(18, 19), weight = 1.000000} (84), Net[0] = {name = net_0, terminals = {0, 2, 5, 7, 9, 11, 12, 14, 16, 18, 21, 23}, weight = 1.000000} : 0
Edge[85] = {(19, 18), weight = 1.000000} (85), Net[0] = {name = net_0, terminals = {0, 2, 5, 7, 9, 11, 12, 14, 16, 18, 21, 23}, weight = 1.000000} : 1
Edge[86] = {(19, 16), weight = 1.000000} (86), Net[0] = {name = net_0, terminals = {0, 2, 5, 7, 9, 11, 12, 14, 16, 18, 21, 23}, weight = 1.000000} : 1
Edge[87] = {(16, 19), weight = 1.000000} (87), Net[0] = {name = net_0, terminals = {0, 2, 5, 7, 9, 11, 12, 14, 16, 18, 21, 23}, weight = 1.000000} : 0
Edge[88] = {(20, 21), weight = 1.000000} (88), Net[0] = {name = net_0, terminals = {0, 2, 5, 7, 9, 11, 12, 14, 16, 18, 21, 23}, weight = 1.000000} : 0
Edge[89] = {(21, 20), weight = 1.000000} (89), Net[0] = {name = net_0, terminals = {0, 2, 5, 7, 9, 11, 12, 14, 16, 18, 21, 23}, weight = 1.000000} : 0
Edge[90] = {(21, 22), weight = 1.000000} (90), Net[0] = {name = net_0, terminals = {0, 2, 5, 7, 9, 11, 12, 14, 16, 18, 21, 23}, weight = 1.000000} : 0
Edge[91] = {(22, 21), weight = 1.000000} (91), Net[0] = {name = net_0, terminals = {0, 2, 5, 7, 9, 11, 12, 14, 16, 18, 21, 23}, weight = 1.000000} : 1
Edge[92] = {(22, 23), weight = 1.000000} (92), Net[0] = {name = net_0, terminals = {0, 2, 5, 7, 9, 11, 12, 14, 16, 18, 21, 23}, weight = 1.000000} : 0
Edge[93] = {(23, 22), weight = 1.000000} (93), Net[0] = {name = net_0, terminals = {0, 2, 5, 7, 9, 11, 12, 14, 16, 18, 21, 23}, weight = 1.000000} : 1
Edge[94] = {(23, 20), weight = 1.000000} (94), Net[0] = {name = net_0, terminals = {0, 2, 5, 7, 9, 11, 12, 14, 16, 18, 21, 23}, weight = 1.000000} : 0
Edge[95] = {(20, 23), weight = 1.000000} (95), Net[0] = {name = net_0, terminals = {0, 2, 5, 7, 9, 11, 12, 14, 16, 18, 21, 23}, weight = 1.000000} : 0
Edge[96] = {(16, 20), weight = 1.000000} (96), Net[0] = {name = net_0, terminals = {0, 2, 5, 7, 9, 11, 12, 14, 16, 18, 21, 23}, weight = 1.000000} : 0
Edge[97] = {(20, 16), weight = 1.000000} (97), Net[0] = {name = net_0, terminals = {0, 2, 5, 7, 9, 11, 12, 14, 16, 18, 21, 23}, weight = 1.000000} : 0
Edge[98] = {(17, 21), weight = 1.000000} (98), Net[0] = {name = net_0, terminals = {0, 2, 5, 7, 9, 11, 12, 14, 16, 18, 21, 23}, weight = 1.000000} : 0
Edge[99] = {(21, 17), weight = 1.000000} (99), Net[0] = {name = net_0, terminals = {0, 2, 5, 7, 9, 11, 12, 14, 16, 18, 21, 23}, weight = 1.000000} : 0
Edge[100] = {(18, 22), weight = 1.000000} (100), Net[0] = {name = net_0, terminals = {0, 2, 5, 7, 9, 11, 12, 14, 16, 18, 21, 23}, weight = 1.000000} : 0
Edge[101] = {(22, 18), weight = 1.000000} (101), Net[0] = {name = net_0, terminals = {0, 2, 5, 7, 9, 11, 12, 14, 16, 18, 21, 23}, weight = 1.000000} : 0
Edge[102] = {(19, 23), weight = 1.000000} (102), Net[0] = {name = net_0, terminals = {0, 2, 5, 7, 9, 11, 12, 14, 16, 18, 21, 23}, weight = 1.000000} : 1
Edge[103] = {(23, 19), weight = 1.000000} (103), Net[0] = {name = net_0, terminals = {0, 2, 5, 7, 9, 11, 12, 14, 16, 18, 21, 23}, weight = 1.000000} : 0

[GroupManager] compute solution for group GroupMultiCommodityFlow
[GroupManager] compute solution for group GroupEdgesMultiCommodityFlow
instances/directed_cut_based_01/solution_directed_cut_based_01.json
{
    "problem": {
        "graph": {
            "directed": true,
            "edges": [
                {
                    "head": 1,
                    "id": 0,
                    "tail": 0,
                    "weight": 1.0
                },
                {
                    "head": 0,
                    "id": 1,
                    "tail": 1,
                    "weight": 1.0
                },
                {
                    "head": 2,
                    "id": 2,
                    "tail": 1,
                    "weight": 1.0
                },
                {
                    "head": 1,
                    "id": 3,
                    "tail": 2,
                    "weight": 1.0
                },
                {
                    "head": 3,
                    "id": 4,
                    "tail": 2,
                    "weight": 1.0
                },
                {
                    "head": 2,
                    "id": 5,
                    "tail": 3,
                    "weight": 1.0
                },
                {
                    "head": 0,
                    "id": 6,
                    "tail": 3,
                    "weight": 1.0
                },
                {
                    "head": 3,
                    "id": 7,
                    "tail": 0,
                    "weight": 1.0
                },
                {
                    "head": 5,
                    "id": 8,
                    "tail": 4,
                    "weight": 1.0
                },
                {
                    "head": 4,
                    "id": 9,
                    "tail": 5,
                    "weight": 1.0
                },
                {
                    "head": 6,
                    "id": 10,
                    "tail": 5,
                    "weight": 1.0
                },
                {
                    "head": 5,
                    "id": 11,
                    "tail": 6,
                    "weight": 1.0
                },
                {
                    "head": 7,
                    "id": 12,
                    "tail": 6,
                    "weight": 1.0
                },
                {
                    "head": 6,
                    "id": 13,
                    "tail": 7,
                    "weight": 1.0
                },
                {
                    "head": 4,
                    "id": 14,
                    "tail": 7,
                    "weight": 1.0
                },
                {
                    "head": 7,
                    "id": 15,
                    "tail": 4,
                    "weight": 1.0
                },
                {
                    "head": 4,
                    "id": 16,
                    "tail": 0,
                    "weight": 1.0
                },
                {
                    "head": 0,
                    "id": 17,
                    "tail": 4,
                    "weight": 1.0
                },
                {
                    "head": 5,
                    "id": 18,
                    "tail": 1,
                    "weight": 1.0
                },
                {
                    "head": 1,
                    "id": 19,
                    "tail": 5,
                    "weight": 1.0
                },
                {
                    "head": 6,
                    "id": 20,
                    "tail": 2,
                    "weight": 1.0
                },
                {
                    "head": 2,
                    "id": 21,
                    "tail": 6,
                    "weight": 1.0
                },
                {
                    "head": 7,
                    "id": 22,
                    "tail": 3,
                    "weight": 1.0
                },
                {
                    "head": 3,
                    "id": 23,
                    "tail": 7,
                    "weight": 1.0
                },
                {
                    "head": 8,
                    "id": 24,
                    "tail": 0,
                    "weight": 4.0
                },
                {
                    "head": 0,
                    "id": 25,
                    "tail": 8,
                    "weight": 4.0
                },
                {
                    "head": 9,
                    "id": 26,
                    "tail": 1,
                    "weight": 4.0
                },
                {
                    "head": 1,
                    "id": 27,
                    "tail": 9,
                    "weight": 4.0
                },
                {
                    "head": 10,
                    "id": 28,
                    "tail": 2,
                    "weight": 4.0
                },
                {
                    "head": 2,
                    "id": 29,
                    "tail": 10,
                    "weight": 4.0
                },
                {
                    "head": 11,
                    "id": 30,
                    "tail": 3,
                    "weight": 4.0
                },
                {
                    "head": 3,
                    "id": 31,
                    "tail": 11,
                    "weight": 4.0
                },
                {
                    "head": 12,
                    "id": 32,
                    "tail": 4,
                    "weight": 4.0
                },
                {
                    "head": 4,
                    "id": 33,
                    "tail": 12,
                    "weight": 4.0
                },
                {
                    "head": 13,
                    "id": 34,
                    "tail": 5,
                    "weight": 4.0
                },
                {
                    "head": 5,
                    "id": 35,
                    "tail": 13,
                    "weight": 4.0
                },
                {
                    "head": 14,
                    "id": 36,
                    "tail": 6,
                    "weight": 4.0
                },
                {
                    "head": 6,
                    "id": 37,
                    "tail": 14,
                    "weight": 4.0
                },
                {
                    "head": 15,
                    "id": 38,
                    "tail": 7,
                    "weight": 4.0
                },
                {
                    "head": 7,
                    "id": 39,
                    "tail": 15,
                    "weight": 4.0
                },
                {
                    "head": 9,
                    "id": 40,
                    "tail": 8,
                    "weight": 1.0
                },
                {
                    "head": 8,
                    "id": 41,
                    "tail": 9,
                    "weight": 1.0
                },
                {
                    "head": 10,
                    "id": 42,
                    "tail": 9,
                    "weight": 1.0
                },
                {
                    "head": 9,
                    "id": 43,
                    "tail": 10,
                    "weight": 1.0
                },
                {
                    "head": 11,
                    "id": 44,
                    "tail": 10,
                    "weight": 1.0
                },
                {
                    "head": 10,
                    "id": 45,
                    "tail": 11,
                    "weight": 1.0
                },
                {
                    "head": 8,
                    "id": 46,
                    "tail": 11,
                    "weight": 1.0
                },
                {
                    "head": 11,
                    "id": 47,
                    "tail": 8,
                    "weight": 1.0
                },
                {
                    "head": 13,
                    "id": 48,
                    "tail": 12,
                    "weight": 1.0
                },
                {
                    "head": 12,
                    "id": 49,
                    "tail": 13,
                    "weight": 1.0
                },
                {
                    "head": 14,
                    "id": 50,
                    "tail": 13,
                    "weight": 1.0
                },
                {
                    "head": 13,
                    "id": 51,
                    "tail": 14,
                    "weight": 1.0
                },
                {
                    "head": 15,
                    "id": 52,
                    "tail": 14,
                    "weight": 1.0
                },
                {
                    "head": 14,
                    "id": 53,
                    "tail": 15,
                    "weight": 1.0
                },
                {
                    "head": 12,
                    "id": 54,
                    "tail": 15,
                    "weight": 1.0
                },
                {
                    "head": 15,
                    "id": 55,
                    "tail": 12,
                    "weight": 1.0
                },
                {
                    "head": 12,
                    "id": 56,
                    "tail": 8,
                    "weight": 1.0
                },
                {
                    "head": 8,
                    "id": 57,
                    "tail": 12,
                    "weight": 1.0
                },
                {
                    "head": 13,
                    "id": 58,
                    "tail": 9,
                    "weight": 1.0
                },
                {
                    "head": 9,
                    "id": 59,
                    "tail": 13,
                    "weight": 1.0
                },
                {
                    "head": 14,
                    "id": 60,
                    "tail": 10,
                    "weight": 1.0
                },
                {
                    "head": 10,
                    "id": 61,
                    "tail": 14,
                    "weight": 1.0
                },
                {
                    "head": 15,
                    "id": 62,
                    "tail": 11,
                    "weight": 1.0
                },
                {
                    "head": 11,
                    "id": 63,
                    "tail": 15,
                    "weight": 1.0
                },
                {
                    "head": 16,
                    "id": 64,
                    "tail": 8,
                    "weight": 4.0
                },
                {
                    "head": 8,
                    "id": 65,
                    "tail": 16,
                    "weight": 4.0
                },
                {
                    "head": 17,
                    "id": 66,
                    "tail": 9,
                    "weight": 4.0
                },
                {
                    "head": 9,
                    "id": 67,
                    "tail": 17,
                    "weight": 4.0
                },
                {
                    "head": 18,
                    "id": 68,
                    "tail": 10,
                    "weight": 4.0
                },
                {
                    "head": 10,
                    "id": 69,
                    "tail": 18,
                    "weight": 4.0
                },
                {
                    "head": 19,
                    "id": 70,
                    "tail": 11,
                    "weight": 4.0
                },
                {
                    "head": 11,
                    "id": 71,
                    "tail": 19,
                    "weight": 4.0
                },
                {
                    "head": 20,
                    "id": 72,
                    "tail": 12,
                    "weight": 4.0
                },
                {
                    "head": 12,
                    "id": 73,
                    "tail": 20,
                    "weight": 4.0
                },
                {
                    "head": 21,
                    "id": 74,
                    "tail": 13,
                    "weight": 4.0
                },
                {
                    "head": 13,
                    "id": 75,
                    "tail": 21,
                    "weight": 4.0
                },
                {
                    "head": 22,
                    "id": 76,
                    "tail": 14,
                    "weight": 4.0
                },
                {
                    "head": 14,
                    "id": 77,
                    "tail": 22,
                    "weight": 4.0
                },
                {
                    "head": 23,
                    "id": 78,
                    "tail": 15,
                    "weight": 4.0
                },
                {
                    "head": 15,
                    "id": 79,
                    "tail": 23,
                    "weight": 4.0
                },
                {
                    "head": 17,
                    "id": 80,
                    "tail": 16,
                    "weight": 1.0
                },
                {
                    "head": 16,
                    "id": 81,
                    "tail": 17,
                    "weight": 1.0
                },
                {
                    "head": 18,
                    "id": 82,
                    "tail": 17,
                    "weight": 1.0
                },
                {
                    "head": 17,
                    "id": 83,
                    "tail": 18,
                    "weight": 1.0
                },
                {
                    "head": 19,
                    "id": 84,
                    "tail": 18,
                    "weight": 1.0
                },
                {
                    "head": 18,
                    "id": 85,
                    "tail": 19,
                    "weight": 1.0
                },
                {
                    "head": 16,
                    "id": 86,
                    "tail": 19,
                    "weight": 1.0
                },
                {
                    "head": 19,
                    "id": 87,
                    "tail": 16,
                    "weight": 1.0
                },
                {
                    "head": 21,
                    "id": 88,
                    "tail": 20,
                    "weight": 1.0
                },
                {
                    "head": 20,
                    "id": 89,
                    "tail": 21,
                    "weight": 1.0
                },
                {
                    "head": 22,
                    "id": 90,
                    "tail": 21,
                    "weight": 1.0
                },
                {
                    "head": 21,
                    "id": 91,
                    "tail": 22,
                    "weight": 1.0
                },
                {
                    "head": 23,
                    "id": 92,
                    "tail": 22,
                    "weight": 1.0
                },
                {
                    "head": 22,
                    "id": 93,
                    "tail": 23,
                    "weight": 1.0
                },
                {
                    "head": 20,
                    "id": 94,
                    "tail": 23,
                    "weight": 1.0
                },
                {
                    "head": 23,
                    "id": 95,
                    "tail": 20,
                    "weight": 1.0
                },
                {
                    "head": 20,
                    "id": 96,
                    "tail": 16,
                    "weight": 1.0
                },
                {
                    "head": 16,
                    "id": 97,
                    "tail": 20,
                    "weight": 1.0
                },
                {
                    "head": 21,
                    "id": 98,
                    "tail": 17,
                    "weight": 1.0
                },
                {
                    "head": 17,
                    "id": 99,
                    "tail": 21,
                    "weight": 1.0
                },
                {
                    "head": 22,
                    "id": 100,
                    "tail": 18,
                    "weight": 1.0
                },
                {
                    "head": 18,
                    "id": 101,
                    "tail": 22,
                    "weight": 1.0
                },
                {
                    "head": 23,
                    "id": 102,
                    "tail": 19,
                    "weight": 1.0
                },
                {
                    "head": 19,
                    "id": 103,
                    "tail": 23,
                    "weight": 1.0
                }
            ],
            "weighted": true
        },
        "nets": [
            {
                "id": 0,
                "name": "net_0",
                "terminals": [
                    0,
                    2,
                    5,
                    7,
                    9,
                    11,
                    12,
                    14,
                    16,
                    18,
                    21,
                    23
                ]
            }
        ]
    },
    "solution": {
        "continuous": {
            "edges": {
                "0": 0.25,
                "1": 0.0,
                "10": 0.0,
                "100": 0.0,
                "101": 0.0,
                "102": 0.0,
                "103": 0.5,
                "11": 0.25,
                "12": 0.0,
                "13": 0.25,
                "14": 0.0,
                "15": 0.5,
                "16": 0.5,
                "17": 0.0,
                "18": 0.25,
                "19": 0.0,
                "2": 0.25,
                "20": 0.0,
                "21": 0.25,
                "22": 0.5,
                "23": 0.0,
                "24": 0.25,
                "25": 0.0,
                "26": 0.25,
                "27": 0.0,
                "28": 0.0,
                "29": 0.0,
                "3": 0.0,
                "30": 0.0,
                "31": 0.0,
                "32": 0.0,
                "33": 0.0,
                "34": 0.25,
                "35": 0.0,
                "36": 0.0,
                "37": 0.0,
                "38": 0.25,
                "39": 0.0,
                "4": 0.0,
                "40": 0.25,
                "41": 0.0,
                "42": 0.25,
                "43": 0.25,
                "44": 0.25,
                "45": 0.25,
                "46": 5.55111512312578e-17,
                "47": 0.25,
                "48": 0.0,
                "49": 0.25,
                "5": 0.5,
                "50": 0.25,
                "51": 0.0,
                "52": 0.25,
                "53": 0.25,
                "54": 0.5,
                "55": 0.0,
                "56": 0.25,
                "57": 0.0,
                "58": 0.0,
                "59": 0.25,
                "6": 0.0,
                "60": 0.5,
                "61": 0.0,
                "62": 0.0,
                "63": 0.5,
                "64": 0.0,
                "65": 0.0,
                "66": 0.5,
                "67": 0.0,
                "68": 0.0,
                "69": 0.0,
                "7": 0.5,
                "70": 0.0,
                "71": 0.0,
                "72": 0.0,
                "73": 0.0,
                "74": 0.0,
                "75": 0.0,
                "76": 0.0,
                "77": 0.0,
                "78": 0.5,
                "79": 0.0,
                "8": 0.5,
                "80": 0.0,
                "81": 0.5,
                "82": 0.5,
                "83": 0.0,
                "84": 0.0,
                "85": 0.5,
                "86": 0.5,
                "87": 0.0,
                "88": 0.5,
                "89": 0.0,
                "9": 0.0,
                "90": 0.0,
                "91": 0.0,
                "92": 0.0,
                "93": 0.0,
                "94": 0.0,
                "95": 0.5,
                "96": 0.5,
                "97": 0.0,
                "98": 0.5,
                "99": 0.0
            },
            "optimization": {
                "objective_value": 21.5,
                "problem": "LP",
                "type": "min"
            }
        },
        "integer": {
            "edges": {
                "0": 1.0,
                "1": 0.0,
                "10": 0.0,
                "100": 0.0,
                "101": 0.0,
                "102": 1.0,
                "103": 0.0,
                "11": 0.0,
                "12": 0.0,
                "13": 0.0,
                "14": 0.0,
                "15": 0.0,
                "16": 0.0,
                "17": 0.0,
                "18": 1.0,
                "19": 0.0,
                "2": 1.0,
                "20": 0.0,
                "21": 0.0,
                "22": 1.0,
                "23": 0.0,
                "24": 0.0,
                "25": 0.0,
                "26": 0.0,
                "27": 0.0,
                "28": 0.0,
                "29": 0.0,
                "3": 0.0,
                "30": 1.0,
                "31": 0.0,
                "32": 0.0,
                "33": 0.0,
                "34": 0.0,
                "35": 0.0,
                "36": 0.0,
                "37": 0.0,
                "38": 0.0,
                "39": 0.0,
                "4": 0.0,
                "40": 0.0,
                "41": 0.0,
                "42": 0.0,
                "43": 1.0,
                "44": 0.0,
                "45": 1.0,
                "46": 0.0,
                "47": 0.0,
                "48": 0.0,
                "49": 0.0,
                "5": 0.0,
                "50": 0.0,
                "51": 0.0,
                "52": 0.0,
                "53": 0.0,
                "54": 1.0,
                "55": 0.0,
                "56": 0.0,
                "57": 0.0,
                "58": 0.0,
                "59": 0.0,
                "6": 0.0,
                "60": 1.0,
                "61": 0.0,
                "62": 1.0,
                "63": 0.0,
                "64": 0.0,
                "65": 0.0,
                "66": 0.0,
                "67": 0.0,
                "68": 0.0,
                "69": 0.0,
                "7": 1.0,
                "70": 1.0,
                "71": 0.0,
                "72": 0.0,
                "73": 0.0,
                "74": 0.0,
                "75": 0.0,
                "76": 0.0,
                "77": 0.0,
                "78": 0.0,
                "79": 0.0,
                "8": 0.0,
                "80": 0.0,
                "81": 0.0,
                "82": 0.0,
                "83": 0.0,
                "84": 0.0,
                "85": 1.0,
                "86": 1.0,
                "87": 0.0,
                "88": 0.0,
                "89": 0.0,
                "9": 0.0,
                "90": 0.0,
                "91": 1.0,
                "92": 0.0,
                "93": 1.0,
                "94": 0.0,
                "95": 0.0,
                "96": 0.0,
                "97": 0.0,
                "98": 0.0,
                "99": 0.0
            },
            "optimization": {
                "objective_value": 23.0,
                "problem": "MIP",
                "type": "min"
            }
        }
    }
}

