Skutella LP/MIP Solver

program path  : /home/robert/Documents/studies/discrete_mathematics/steiner-trees/cmake-build-debug/steiner_trees
instance path : instances/skutella/instance_01
instance name : instance_01

instances/skutella/instance_01/instance_01.json
{
    "num_integral_trees": 3,
    "num_paths": 4,
    "num_terminals": 7
}


num_terminals      : 7
num_paths          : 4
num_integral_trees : 3

[GroupManager] add group GroupSkutella
set_cover {0, 1}
set_cover {0, 2}
set_cover {1, 2}
set_cover {0, 3}
set_cover {1, 3}
set_cover {2, 3}
set_cover {0, 4}
set_cover {1, 4}
set_cover {2, 4}
set_cover {3, 4}
set_cover {0, 5}
set_cover {1, 5}
set_cover {2, 5}
set_cover {3, 5}
set_cover {4, 5}
set_cover {0, 6}
set_cover {1, 6}
set_cover {2, 6}
set_cover {3, 6}
set_cover {4, 6}
set_cover {5, 6}
[MIPSolver] number of variables   = 197
[MIPSolver] number of constraints = 329
[MIPSolver] Problem solved in 55 milliseconds.
[MIPSolver] optimal objective value = 4
[GroupManager] compute solution for group GroupSkutella
instances/skutella/instance_01/solution_instance_01.json
{
    "problem": {
        "num_integral_trees": 3,
        "num_paths": 4,
        "num_terminals": 7
    },
    "solution": {
        "optimization": {
            "objective_value": 4.0,
            "problem": "MIP",
            "type": "max"
        },
        "variables": {
            "skutella": {
                "paths": 4.0,
                "set_covers": [
                    {
                        "set_cover": [
                            0,
                            1
                        ],
                        "terminals": [
                            0,
                            1,
                            3,
                            4,
                            5,
                            6
                        ]
                    },
                    {
                        "set_cover": [
                            0,
                            2
                        ],
                        "terminals": [
                            0,
                            1,
                            2,
                            3,
                            4,
                            5
                        ]
                    },
                    {
                        "set_cover": [
                            1,
                            2
                        ],
                        "terminals": [
                            0,
                            1,
                            2,
                            4,
                            5,
                            6
                        ]
                    },
                    {
                        "set_cover": [
                            0,
                            3
                        ],
                        "terminals": [
                            1,
                            2,
                            3,
                            4,
                            5,
                            6
                        ]
                    },
                    {
                        "set_cover": [
                            1,
                            3
                        ],
                        "terminals": [
                            0,
                            1,
                            2,
                            3,
                            5,
                            6
                        ]
                    },
                    {
                        "set_cover": [
                            2,
                            3
                        ],
                        "terminals": [
                            0,
                            2,
                            3,
                            4,
                            5,
                            6
                        ]
                    },
                    {
                        "set_cover": [
                            0,
                            4
                        ],
                        "terminals": [
                            0,
                            1,
                            2,
                            3,
                            4,
                            5
                        ]
                    },
                    {
                        "set_cover": [
                            1,
                            4
                        ],
                        "terminals": [
                            0,
                            1,
                            2,
                            3,
                            5,
                            6
                        ]
                    },
                    {
                        "set_cover": [
                            2,
                            4
                        ],
                        "terminals": [
                            0,
                            1,
                            2,
                            3,
                            4,
                            5
                        ]
                    },
                    {
                        "set_cover": [
                            3,
                            4
                        ],
                        "terminals": [
                            0,
                            1,
                            2,
                            3,
                            5,
                            6
                        ]
                    },
                    {
                        "set_cover": [
                            0,
                            5
                        ],
                        "terminals": [
                            1,
                            2,
                            3,
                            4,
                            5,
                            6
                        ]
                    },
                    {
                        "set_cover": [
                            1,
                            5
                        ],
                        "terminals": [
                            0,
                            1,
                            2,
                            4,
                            5,
                            6
                        ]
                    },
                    {
                        "set_cover": [
                            2,
                            5
                        ],
                        "terminals": [
                            0,
                            1,
                            2,
                            4,
                            5,
                            6
                        ]
                    },
                    {
                        "set_cover": [
                            3,
                            5
                        ],
                        "terminals": [
                            1,
                            2,
                            3,
                            4,
                            5,
                            6
                        ]
                    },
                    {
                        "set_cover": [
                            4,
                            5
                        ],
                        "terminals": [
                            0,
                            1,
                            2,
                            3,
                            4,
                            6
                        ]
                    },
                    {
                        "set_cover": [
                            0,
                            6
                        ],
                        "terminals": [
                            0,
                            1,
                            3,
                            4,
                            5,
                            6
                        ]
                    },
                    {
                        "set_cover": [
                            1,
                            6
                        ],
                        "terminals": [
                            0,
                            1,
                            3,
                            4,
                            5,
                            6
                        ]
                    },
                    {
                        "set_cover": [
                            2,
                            6
                        ],
                        "terminals": [
                            0,
                            2,
                            3,
                            4,
                            5,
                            6
                        ]
                    },
                    {
                        "set_cover": [
                            3,
                            6
                        ],
                        "terminals": [
                            0,
                            2,
                            3,
                            4,
                            5,
                            6
                        ]
                    },
                    {
                        "set_cover": [
                            4,
                            6
                        ],
                        "terminals": [
                            0,
                            1,
                            2,
                            3,
                            4,
                            6
                        ]
                    },
                    {
                        "set_cover": [
                            5,
                            6
                        ],
                        "terminals": [
                            0,
                            1,
                            2,
                            3,
                            4,
                            6
                        ]
                    }
                ],
                "sets": [
                    {
                        "set": 0,
                        "terminals": [
                            1,
                            3,
                            4,
                            5
                        ]
                    },
                    {
                        "set": 1,
                        "terminals": [
                            0,
                            1,
                            5,
                            6
                        ]
                    },
                    {
                        "set": 2,
                        "terminals": [
                            0,
                            2,
                            4,
                            5
                        ]
                    },
                    {
                        "set": 3,
                        "terminals": [
                            2,
                            3,
                            5,
                            6
                        ]
                    },
                    {
                        "set": 4,
                        "terminals": [
                            0,
                            1,
                            2,
                            3
                        ]
                    },
                    {
                        "set": 5,
                        "terminals": [
                            1,
                            2,
                            4,
                            6
                        ]
                    },
                    {
                        "set": 6,
                        "terminals": [
                            0,
                            3,
                            4,
                            6
                        ]
                    }
                ]
            }
        }
    }
}

