Steiner Tree LP/MIP Solver

program path  : /home/robert/Documents/studies/discrete_mathematics/steiner-trees/cmake-build-debug/steiner_trees
instance path : instances/emc_dual/example_02
instance name : example_02

instances/emc_dual/example_02/example_02.json
{
    "graph": {
        "directed": false,
        "edges": [
            {
                "head": 1,
                "tail": 0,
                "weight": 1
            },
            {
                "head": 2,
                "tail": 0,
                "weight": 1
            },
            {
                "head": 3,
                "tail": 0,
                "weight": 1
            },
            {
                "head": 4,
                "tail": 1,
                "weight": 1
            },
            {
                "head": 5,
                "tail": 1,
                "weight": 1
            },
            {
                "head": 5,
                "tail": 2,
                "weight": 1
            },
            {
                "head": 6,
                "tail": 2,
                "weight": 1
            },
            {
                "head": 6,
                "tail": 3,
                "weight": 1
            },
            {
                "head": 4,
                "tail": 3,
                "weight": 1
            }
        ],
        "nodes": [
            {
                "id": 0
            },
            {
                "id": 1
            },
            {
                "id": 2
            },
            {
                "id": 3
            },
            {
                "id": 4
            },
            {
                "id": 5
            },
            {
                "id": 6
            }
        ]
    },
    "nets": [
        {
            "name": "net_0",
            "terminals": [
                0,
                4,
                5,
                6
            ]
        }
    ]
}

Graph with 7 nodes and 9 edges

Node 0 with weight 0 and 3 incident edges
[0] = 0 --( 1 )-- 1
[1] = 0 --( 1 )-- 2
[2] = 0 --( 1 )-- 3

Node 1 with weight 0 and 3 incident edges
[0] = 0 --( 1 )-- 1
[3] = 1 --( 1 )-- 4
[4] = 1 --( 1 )-- 5

Node 2 with weight 0 and 3 incident edges
[1] = 0 --( 1 )-- 2
[5] = 2 --( 1 )-- 5
[6] = 2 --( 1 )-- 6

Node 3 with weight 0 and 3 incident edges
[2] = 0 --( 1 )-- 3
[7] = 3 --( 1 )-- 6
[8] = 3 --( 1 )-- 4

Node 4 with weight 0 and 2 incident edges
[3] = 1 --( 1 )-- 4
[8] = 3 --( 1 )-- 4

Node 5 with weight 0 and 2 incident edges
[4] = 1 --( 1 )-- 5
[5] = 2 --( 1 )-- 5

Node 6 with weight 0 and 2 incident edges
[6] = 2 --( 1 )-- 6
[7] = 3 --( 1 )-- 6

Nodes
[0] = (weight = 0)
[1] = (weight = 0)
[2] = (weight = 0)
[3] = (weight = 0)
[4] = (weight = 0)
[5] = (weight = 0)
[6] = (weight = 0)

Edges
[0] = 0 --( 1 )-- 1
[1] = 0 --( 1 )-- 2
[2] = 0 --( 1 )-- 3
[3] = 1 --( 1 )-- 4
[4] = 1 --( 1 )-- 5
[5] = 2 --( 1 )-- 5
[6] = 2 --( 1 )-- 6
[7] = 3 --( 1 )-- 6
[8] = 3 --( 1 )-- 4
[GroupManager] add group GroupMultiCommodityDual
[MIPSolver] number of variables   = 75
[MIPSolver] number of constraints = 72
[MIPSolver] Problem solved in 32 milliseconds.
[MIPSolver] optimal objective value = 4.5
[GroupManager] compute solution for group GroupMultiCommodityDual
[GroupManager] add group GroupMultiCommodityDual
[MIPSolver] number of variables   = 75
[MIPSolver] number of constraints = 72
[MIPSolver] Problem solved in 13 milliseconds.
[MIPSolver] optimal objective value = 4.5
[GroupManager] compute solution for group GroupMultiCommodityDual
instances/emc_dual/example_02/solution_example_02.json
{
    "problem": {
        "graph": {
            "directed": false,
            "edges": [
                {
                    "id": 0,
                    "weight": 0.0
                },
                {
                    "id": 1,
                    "weight": 0.0
                },
                {
                    "id": 2,
                    "weight": 0.0
                },
                {
                    "id": 3,
                    "weight": 0.0
                },
                {
                    "id": 4,
                    "weight": 0.0
                },
                {
                    "id": 5,
                    "weight": 0.0
                },
                {
                    "id": 6,
                    "weight": 0.0
                },
                {
                    "head": 1,
                    "id": 0,
                    "tail": 0,
                    "weight": 1.0
                },
                {
                    "head": 2,
                    "id": 1,
                    "tail": 0,
                    "weight": 1.0
                },
                {
                    "head": 3,
                    "id": 2,
                    "tail": 0,
                    "weight": 1.0
                },
                {
                    "head": 4,
                    "id": 3,
                    "tail": 1,
                    "weight": 1.0
                },
                {
                    "head": 5,
                    "id": 4,
                    "tail": 1,
                    "weight": 1.0
                },
                {
                    "head": 5,
                    "id": 5,
                    "tail": 2,
                    "weight": 1.0
                },
                {
                    "head": 6,
                    "id": 6,
                    "tail": 2,
                    "weight": 1.0
                },
                {
                    "head": 6,
                    "id": 7,
                    "tail": 3,
                    "weight": 1.0
                },
                {
                    "head": 4,
                    "id": 8,
                    "tail": 3,
                    "weight": 1.0
                }
            ]
        },
        "nets": [
            {
                "id": 0,
                "name": "net_0",
                "terminals": [
                    0,
                    4,
                    5,
                    6
                ]
            }
        ]
    },
    "solution": {
        "continuous": [
            {
                "nodes": [
                    {
                        "net": "net_0",
                        "node": 0,
                        "terminal": 1,
                        "value": 1.5
                    },
                    {
                        "net": "net_0",
                        "node": 0,
                        "terminal": 2,
                        "value": 1.5
                    },
                    {
                        "net": "net_0",
                        "node": 0,
                        "terminal": 3,
                        "value": 1.5
                    },
                    {
                        "net": "net_0",
                        "node": 1,
                        "terminal": 1,
                        "value": 1.0
                    },
                    {
                        "net": "net_0",
                        "node": 1,
                        "terminal": 2,
                        "value": 1.0
                    },
                    {
                        "net": "net_0",
                        "node": 1,
                        "terminal": 3,
                        "value": 1.5
                    },
                    {
                        "net": "net_0",
                        "node": 2,
                        "terminal": 1,
                        "value": 1.5
                    },
                    {
                        "net": "net_0",
                        "node": 2,
                        "terminal": 2,
                        "value": 1.0
                    },
                    {
                        "net": "net_0",
                        "node": 2,
                        "terminal": 3,
                        "value": 1.0
                    },
                    {
                        "net": "net_0",
                        "node": 3,
                        "terminal": 1,
                        "value": 1.0
                    },
                    {
                        "net": "net_0",
                        "node": 3,
                        "terminal": 2,
                        "value": 1.5
                    },
                    {
                        "net": "net_0",
                        "node": 3,
                        "terminal": 3,
                        "value": 1.0
                    },
                    {
                        "net": "net_0",
                        "node": 4,
                        "terminal": 1,
                        "value": 0.0
                    },
                    {
                        "net": "net_0",
                        "node": 4,
                        "terminal": 2,
                        "value": 1.5
                    },
                    {
                        "net": "net_0",
                        "node": 4,
                        "terminal": 3,
                        "value": 1.5
                    },
                    {
                        "net": "net_0",
                        "node": 5,
                        "terminal": 1,
                        "value": 1.5
                    },
                    {
                        "net": "net_0",
                        "node": 5,
                        "terminal": 2,
                        "value": 0.0
                    },
                    {
                        "net": "net_0",
                        "node": 5,
                        "terminal": 3,
                        "value": 1.5
                    },
                    {
                        "net": "net_0",
                        "node": 6,
                        "terminal": 1,
                        "value": 1.5
                    },
                    {
                        "net": "net_0",
                        "node": 6,
                        "terminal": 2,
                        "value": 1.5
                    },
                    {
                        "net": "net_0",
                        "node": 6,
                        "terminal": 3,
                        "value": 0.0
                    }
                ]
            },
            [
                "optimization",
                {
                    "objective_value": 4.5,
                    "problem": "LP",
                    "type": "max"
                }
            ]
        ],
        "integer": [
            {
                "nodes": [
                    {
                        "net": "net_0",
                        "node": 0,
                        "terminal": 1,
                        "value": 1.5
                    },
                    {
                        "net": "net_0",
                        "node": 0,
                        "terminal": 2,
                        "value": 1.5
                    },
                    {
                        "net": "net_0",
                        "node": 0,
                        "terminal": 3,
                        "value": 1.5
                    },
                    {
                        "net": "net_0",
                        "node": 1,
                        "terminal": 1,
                        "value": 1.0
                    },
                    {
                        "net": "net_0",
                        "node": 1,
                        "terminal": 2,
                        "value": 1.0
                    },
                    {
                        "net": "net_0",
                        "node": 1,
                        "terminal": 3,
                        "value": 1.5
                    },
                    {
                        "net": "net_0",
                        "node": 2,
                        "terminal": 1,
                        "value": 1.5
                    },
                    {
                        "net": "net_0",
                        "node": 2,
                        "terminal": 2,
                        "value": 1.0
                    },
                    {
                        "net": "net_0",
                        "node": 2,
                        "terminal": 3,
                        "value": 1.0
                    },
                    {
                        "net": "net_0",
                        "node": 3,
                        "terminal": 1,
                        "value": 1.0
                    },
                    {
                        "net": "net_0",
                        "node": 3,
                        "terminal": 2,
                        "value": 1.5
                    },
                    {
                        "net": "net_0",
                        "node": 3,
                        "terminal": 3,
                        "value": 1.0
                    },
                    {
                        "net": "net_0",
                        "node": 4,
                        "terminal": 1,
                        "value": 0.0
                    },
                    {
                        "net": "net_0",
                        "node": 4,
                        "terminal": 2,
                        "value": 1.5
                    },
                    {
                        "net": "net_0",
                        "node": 4,
                        "terminal": 3,
                        "value": 1.5
                    },
                    {
                        "net": "net_0",
                        "node": 5,
                        "terminal": 1,
                        "value": 1.5
                    },
                    {
                        "net": "net_0",
                        "node": 5,
                        "terminal": 2,
                        "value": 0.0
                    },
                    {
                        "net": "net_0",
                        "node": 5,
                        "terminal": 3,
                        "value": 1.5
                    },
                    {
                        "net": "net_0",
                        "node": 6,
                        "terminal": 1,
                        "value": 1.5
                    },
                    {
                        "net": "net_0",
                        "node": 6,
                        "terminal": 2,
                        "value": 1.5
                    },
                    {
                        "net": "net_0",
                        "node": 6,
                        "terminal": 3,
                        "value": 0.0
                    }
                ]
            },
            [
                "optimization",
                {
                    "objective_value": 4.5,
                    "problem": "MIP",
                    "type": "max"
                }
            ]
        ]
    }
}

