Steiner Tree LP/MIP Solver

program path  : /home/robert/Documents/studies/discrete_mathematics/steiner-trees/cmake-build-debug/steiner_trees
instance path : instances/integrality_gaps/skutella
instance name : skutella

instances/integrality_gaps/skutella/skutella.json
{
    "graph": {
        "directed": false,
        "edges": [
            {
                "head": 1,
                "tail": 0,
                "weight": 1
            },
            {
                "head": 2,
                "tail": 0,
                "weight": 1
            },
            {
                "head": 3,
                "tail": 0,
                "weight": 1
            },
            {
                "head": 4,
                "tail": 0,
                "weight": 1
            },
            {
                "head": 5,
                "tail": 0,
                "weight": 1
            },
            {
                "head": 6,
                "tail": 0,
                "weight": 1
            },
            {
                "head": 7,
                "tail": 0,
                "weight": 1
            },
            {
                "head": 9,
                "tail": 1,
                "weight": 1
            },
            {
                "head": 11,
                "tail": 1,
                "weight": 1
            },
            {
                "head": 12,
                "tail": 1,
                "weight": 1
            },
            {
                "head": 13,
                "tail": 1,
                "weight": 1
            },
            {
                "head": 8,
                "tail": 2,
                "weight": 1
            },
            {
                "head": 9,
                "tail": 2,
                "weight": 1
            },
            {
                "head": 13,
                "tail": 2,
                "weight": 1
            },
            {
                "head": 14,
                "tail": 2,
                "weight": 1
            },
            {
                "head": 8,
                "tail": 3,
                "weight": 1
            },
            {
                "head": 10,
                "tail": 3,
                "weight": 1
            },
            {
                "head": 12,
                "tail": 3,
                "weight": 1
            },
            {
                "head": 13,
                "tail": 3,
                "weight": 1
            },
            {
                "head": 10,
                "tail": 4,
                "weight": 1
            },
            {
                "head": 11,
                "tail": 4,
                "weight": 1
            },
            {
                "head": 13,
                "tail": 4,
                "weight": 1
            },
            {
                "head": 14,
                "tail": 4,
                "weight": 1
            },
            {
                "head": 8,
                "tail": 5,
                "weight": 1
            },
            {
                "head": 9,
                "tail": 5,
                "weight": 1
            },
            {
                "head": 10,
                "tail": 5,
                "weight": 1
            },
            {
                "head": 11,
                "tail": 5,
                "weight": 1
            },
            {
                "head": 9,
                "tail": 6,
                "weight": 1
            },
            {
                "head": 10,
                "tail": 6,
                "weight": 1
            },
            {
                "head": 12,
                "tail": 6,
                "weight": 1
            },
            {
                "head": 14,
                "tail": 6,
                "weight": 1
            },
            {
                "head": 8,
                "tail": 7,
                "weight": 1
            },
            {
                "head": 11,
                "tail": 7,
                "weight": 1
            },
            {
                "head": 12,
                "tail": 7,
                "weight": 1
            },
            {
                "head": 14,
                "tail": 7,
                "weight": 1
            }
        ],
        "nodes": [
            {
                "id": 0
            },
            {
                "id": 1
            },
            {
                "id": 2
            },
            {
                "id": 3
            },
            {
                "id": 4
            },
            {
                "id": 5
            },
            {
                "id": 6
            },
            {
                "id": 7
            },
            {
                "id": 8
            },
            {
                "id": 9
            },
            {
                "id": 10
            },
            {
                "id": 11
            },
            {
                "id": 12
            },
            {
                "id": 13
            },
            {
                "id": 14
            }
        ]
    },
    "nets": [
        {
            "name": "net_0",
            "terminals": [
                0,
                8,
                9,
                10,
                11,
                12,
                13,
                14
            ]
        }
    ]
}

Directed Graph with 15 nodes and 70 edges

Node 0 with weight 0 and 7 incoming edges and 7 outgoing edges
incoming:
[1] = 1 --( 1 )--> 0
[3] = 2 --( 1 )--> 0
[5] = 3 --( 1 )--> 0
[7] = 4 --( 1 )--> 0
[9] = 5 --( 1 )--> 0
[11] = 6 --( 1 )--> 0
[13] = 7 --( 1 )--> 0
outgoing:
[0] = 0 --( 1 )--> 1
[2] = 0 --( 1 )--> 2
[4] = 0 --( 1 )--> 3
[6] = 0 --( 1 )--> 4
[8] = 0 --( 1 )--> 5
[10] = 0 --( 1 )--> 6
[12] = 0 --( 1 )--> 7

Node 1 with weight 0 and 5 incoming edges and 5 outgoing edges
incoming:
[0] = 0 --( 1 )--> 1
[15] = 9 --( 1 )--> 1
[17] = 11 --( 1 )--> 1
[19] = 12 --( 1 )--> 1
[21] = 13 --( 1 )--> 1
outgoing:
[1] = 1 --( 1 )--> 0
[14] = 1 --( 1 )--> 9
[16] = 1 --( 1 )--> 11
[18] = 1 --( 1 )--> 12
[20] = 1 --( 1 )--> 13

Node 2 with weight 0 and 5 incoming edges and 5 outgoing edges
incoming:
[2] = 0 --( 1 )--> 2
[23] = 8 --( 1 )--> 2
[25] = 9 --( 1 )--> 2
[27] = 13 --( 1 )--> 2
[29] = 14 --( 1 )--> 2
outgoing:
[3] = 2 --( 1 )--> 0
[22] = 2 --( 1 )--> 8
[24] = 2 --( 1 )--> 9
[26] = 2 --( 1 )--> 13
[28] = 2 --( 1 )--> 14

Node 3 with weight 0 and 5 incoming edges and 5 outgoing edges
incoming:
[4] = 0 --( 1 )--> 3
[31] = 8 --( 1 )--> 3
[33] = 10 --( 1 )--> 3
[35] = 12 --( 1 )--> 3
[37] = 13 --( 1 )--> 3
outgoing:
[5] = 3 --( 1 )--> 0
[30] = 3 --( 1 )--> 8
[32] = 3 --( 1 )--> 10
[34] = 3 --( 1 )--> 12
[36] = 3 --( 1 )--> 13

Node 4 with weight 0 and 5 incoming edges and 5 outgoing edges
incoming:
[6] = 0 --( 1 )--> 4
[39] = 10 --( 1 )--> 4
[41] = 11 --( 1 )--> 4
[43] = 13 --( 1 )--> 4
[45] = 14 --( 1 )--> 4
outgoing:
[7] = 4 --( 1 )--> 0
[38] = 4 --( 1 )--> 10
[40] = 4 --( 1 )--> 11
[42] = 4 --( 1 )--> 13
[44] = 4 --( 1 )--> 14

Node 5 with weight 0 and 5 incoming edges and 5 outgoing edges
incoming:
[8] = 0 --( 1 )--> 5
[47] = 8 --( 1 )--> 5
[49] = 9 --( 1 )--> 5
[51] = 10 --( 1 )--> 5
[53] = 11 --( 1 )--> 5
outgoing:
[9] = 5 --( 1 )--> 0
[46] = 5 --( 1 )--> 8
[48] = 5 --( 1 )--> 9
[50] = 5 --( 1 )--> 10
[52] = 5 --( 1 )--> 11

Node 6 with weight 0 and 5 incoming edges and 5 outgoing edges
incoming:
[10] = 0 --( 1 )--> 6
[55] = 9 --( 1 )--> 6
[57] = 10 --( 1 )--> 6
[59] = 12 --( 1 )--> 6
[61] = 14 --( 1 )--> 6
outgoing:
[11] = 6 --( 1 )--> 0
[54] = 6 --( 1 )--> 9
[56] = 6 --( 1 )--> 10
[58] = 6 --( 1 )--> 12
[60] = 6 --( 1 )--> 14

Node 7 with weight 0 and 5 incoming edges and 5 outgoing edges
incoming:
[12] = 0 --( 1 )--> 7
[63] = 8 --( 1 )--> 7
[65] = 11 --( 1 )--> 7
[67] = 12 --( 1 )--> 7
[69] = 14 --( 1 )--> 7
outgoing:
[13] = 7 --( 1 )--> 0
[62] = 7 --( 1 )--> 8
[64] = 7 --( 1 )--> 11
[66] = 7 --( 1 )--> 12
[68] = 7 --( 1 )--> 14

Node 8 with weight 0 and 4 incoming edges and 4 outgoing edges
incoming:
[22] = 2 --( 1 )--> 8
[30] = 3 --( 1 )--> 8
[46] = 5 --( 1 )--> 8
[62] = 7 --( 1 )--> 8
outgoing:
[23] = 8 --( 1 )--> 2
[31] = 8 --( 1 )--> 3
[47] = 8 --( 1 )--> 5
[63] = 8 --( 1 )--> 7

Node 9 with weight 0 and 4 incoming edges and 4 outgoing edges
incoming:
[14] = 1 --( 1 )--> 9
[24] = 2 --( 1 )--> 9
[48] = 5 --( 1 )--> 9
[54] = 6 --( 1 )--> 9
outgoing:
[15] = 9 --( 1 )--> 1
[25] = 9 --( 1 )--> 2
[49] = 9 --( 1 )--> 5
[55] = 9 --( 1 )--> 6

Node 10 with weight 0 and 4 incoming edges and 4 outgoing edges
incoming:
[32] = 3 --( 1 )--> 10
[38] = 4 --( 1 )--> 10
[50] = 5 --( 1 )--> 10
[56] = 6 --( 1 )--> 10
outgoing:
[33] = 10 --( 1 )--> 3
[39] = 10 --( 1 )--> 4
[51] = 10 --( 1 )--> 5
[57] = 10 --( 1 )--> 6

Node 11 with weight 0 and 4 incoming edges and 4 outgoing edges
incoming:
[16] = 1 --( 1 )--> 11
[40] = 4 --( 1 )--> 11
[52] = 5 --( 1 )--> 11
[64] = 7 --( 1 )--> 11
outgoing:
[17] = 11 --( 1 )--> 1
[41] = 11 --( 1 )--> 4
[53] = 11 --( 1 )--> 5
[65] = 11 --( 1 )--> 7

Node 12 with weight 0 and 4 incoming edges and 4 outgoing edges
incoming:
[18] = 1 --( 1 )--> 12
[34] = 3 --( 1 )--> 12
[58] = 6 --( 1 )--> 12
[66] = 7 --( 1 )--> 12
outgoing:
[19] = 12 --( 1 )--> 1
[35] = 12 --( 1 )--> 3
[59] = 12 --( 1 )--> 6
[67] = 12 --( 1 )--> 7

Node 13 with weight 0 and 4 incoming edges and 4 outgoing edges
incoming:
[20] = 1 --( 1 )--> 13
[26] = 2 --( 1 )--> 13
[36] = 3 --( 1 )--> 13
[42] = 4 --( 1 )--> 13
outgoing:
[21] = 13 --( 1 )--> 1
[27] = 13 --( 1 )--> 2
[37] = 13 --( 1 )--> 3
[43] = 13 --( 1 )--> 4

Node 14 with weight 0 and 4 incoming edges and 4 outgoing edges
incoming:
[28] = 2 --( 1 )--> 14
[44] = 4 --( 1 )--> 14
[60] = 6 --( 1 )--> 14
[68] = 7 --( 1 )--> 14
outgoing:
[29] = 14 --( 1 )--> 2
[45] = 14 --( 1 )--> 4
[61] = 14 --( 1 )--> 6
[69] = 14 --( 1 )--> 7

Nodes
[0] = (weight = 0)
[1] = (weight = 0)
[2] = (weight = 0)
[3] = (weight = 0)
[4] = (weight = 0)
[5] = (weight = 0)
[6] = (weight = 0)
[7] = (weight = 0)
[8] = (weight = 0)
[9] = (weight = 0)
[10] = (weight = 0)
[11] = (weight = 0)
[12] = (weight = 0)
[13] = (weight = 0)
[14] = (weight = 0)

Edges
[0] = 0 --( 1 )--> 1
[1] = 1 --( 1 )--> 0
[2] = 0 --( 1 )--> 2
[3] = 2 --( 1 )--> 0
[4] = 0 --( 1 )--> 3
[5] = 3 --( 1 )--> 0
[6] = 0 --( 1 )--> 4
[7] = 4 --( 1 )--> 0
[8] = 0 --( 1 )--> 5
[9] = 5 --( 1 )--> 0
[10] = 0 --( 1 )--> 6
[11] = 6 --( 1 )--> 0
[12] = 0 --( 1 )--> 7
[13] = 7 --( 1 )--> 0
[14] = 1 --( 1 )--> 9
[15] = 9 --( 1 )--> 1
[16] = 1 --( 1 )--> 11
[17] = 11 --( 1 )--> 1
[18] = 1 --( 1 )--> 12
[19] = 12 --( 1 )--> 1
[20] = 1 --( 1 )--> 13
[21] = 13 --( 1 )--> 1
[22] = 2 --( 1 )--> 8
[23] = 8 --( 1 )--> 2
[24] = 2 --( 1 )--> 9
[25] = 9 --( 1 )--> 2
[26] = 2 --( 1 )--> 13
[27] = 13 --( 1 )--> 2
[28] = 2 --( 1 )--> 14
[29] = 14 --( 1 )--> 2
[30] = 3 --( 1 )--> 8
[31] = 8 --( 1 )--> 3
[32] = 3 --( 1 )--> 10
[33] = 10 --( 1 )--> 3
[34] = 3 --( 1 )--> 12
[35] = 12 --( 1 )--> 3
[36] = 3 --( 1 )--> 13
[37] = 13 --( 1 )--> 3
[38] = 4 --( 1 )--> 10
[39] = 10 --( 1 )--> 4
[40] = 4 --( 1 )--> 11
[41] = 11 --( 1 )--> 4
[42] = 4 --( 1 )--> 13
[43] = 13 --( 1 )--> 4
[44] = 4 --( 1 )--> 14
[45] = 14 --( 1 )--> 4
[46] = 5 --( 1 )--> 8
[47] = 8 --( 1 )--> 5
[48] = 5 --( 1 )--> 9
[49] = 9 --( 1 )--> 5
[50] = 5 --( 1 )--> 10
[51] = 10 --( 1 )--> 5
[52] = 5 --( 1 )--> 11
[53] = 11 --( 1 )--> 5
[54] = 6 --( 1 )--> 9
[55] = 9 --( 1 )--> 6
[56] = 6 --( 1 )--> 10
[57] = 10 --( 1 )--> 6
[58] = 6 --( 1 )--> 12
[59] = 12 --( 1 )--> 6
[60] = 6 --( 1 )--> 14
[61] = 14 --( 1 )--> 6
[62] = 7 --( 1 )--> 8
[63] = 8 --( 1 )--> 7
[64] = 7 --( 1 )--> 11
[65] = 11 --( 1 )--> 7
[66] = 7 --( 1 )--> 12
[67] = 12 --( 1 )--> 7
[68] = 7 --( 1 )--> 14
[69] = 14 --( 1 )--> 7
[GroupManager] add group GroupSimplexEmbedding
[MIPSolver] number of variables   = 681
[MIPSolver] number of constraints = 1205
[MIPSolver] Problem solved in 3382 milliseconds.
[MIPSolver] optimal objective value = 8.75
[GroupManager] compute solution for group GroupSimplexEmbedding
[GroupManager] add group GroupSimplexEmbedding
[MIPSolver] number of variables   = 681
[MIPSolver] number of constraints = 1205
[MIPSolver] Problem solved in 123 milliseconds.
[MIPSolver] optimal objective value = 8.75
[GroupManager] compute solution for group GroupSimplexEmbedding
instances/integrality_gaps/skutella/solution_skutella.json
{
    "solution": {
        "continuous": {
            "optimization": {
                "objective_value": 8.75,
                "problem": "LP",
                "type": "max"
            },
            "variables": {
                "GroupSimplexEmbedding": {
                    "nodes": [
                        {
                            "node": "0",
                            "value_per_terminal": [
                                1.0,
                                0.25,
                                0.25,
                                0.0,
                                0.25,
                                0.0,
                                0.25,
                                0.25
                            ]
                        },
                        {
                            "node": "1",
                            "value_per_terminal": [
                                0.0,
                                0.250000000000001,
                                0.5,
                                0.0,
                                0.5,
                                0.250000000000001,
                                0.499999999999999,
                                0.25
                            ]
                        },
                        {
                            "node": "2",
                            "value_per_terminal": [
                                0.0,
                                0.5,
                                0.500000000000001,
                                0.0,
                                0.250000000000001,
                                0.0,
                                0.499999999999999,
                                0.499999999999999
                            ]
                        },
                        {
                            "node": "3",
                            "value_per_terminal": [
                                0.0,
                                0.5,
                                0.25,
                                0.25,
                                0.249999999999999,
                                0.250000000000001,
                                0.5,
                                0.25
                            ]
                        },
                        {
                            "node": "4",
                            "value_per_terminal": [
                                0.0,
                                0.250000000000001,
                                0.25,
                                0.25,
                                0.5,
                                0.0,
                                0.499999999999999,
                                0.499999999999999
                            ]
                        },
                        {
                            "node": "5",
                            "value_per_terminal": [
                                0.0,
                                0.5,
                                0.5,
                                0.25,
                                0.5,
                                4.85722573273506e-17,
                                0.25,
                                0.25
                            ]
                        },
                        {
                            "node": "6",
                            "value_per_terminal": [
                                0.0,
                                0.250000000000001,
                                0.500000000000001,
                                0.25,
                                0.249999999999999,
                                0.25,
                                0.25,
                                0.499999999999999
                            ]
                        },
                        {
                            "node": "7",
                            "value_per_terminal": [
                                0.0,
                                0.5,
                                0.25,
                                0.0,
                                0.500000000000001,
                                0.250000000000001,
                                0.25,
                                0.499999999999999
                            ]
                        },
                        {
                            "node": "8",
                            "value_per_terminal": [
                                0.0,
                                1.5,
                                0.25,
                                0.0,
                                5.55111512312578e-17,
                                0.0,
                                0.25,
                                0.25
                            ]
                        },
                        {
                            "node": "9",
                            "value_per_terminal": [
                                0.0,
                                0.250000000000001,
                                1.5,
                                0.0,
                                0.250000000000001,
                                4.85722573273506e-17,
                                0.0,
                                0.25
                            ]
                        },
                        {
                            "node": "10",
                            "value_per_terminal": [
                                0.0,
                                0.250000000000001,
                                0.25,
                                1.25,
                                0.0,
                                4.85722573273506e-17,
                                0.25,
                                0.25
                            ]
                        },
                        {
                            "node": "11",
                            "value_per_terminal": [
                                0.0,
                                0.0,
                                0.25,
                                0.0,
                                1.5,
                                4.85722573273506e-17,
                                0.25,
                                0.25
                            ]
                        },
                        {
                            "node": "12",
                            "value_per_terminal": [
                                0.0,
                                0.250000000000001,
                                0.25,
                                0.0,
                                0.249999999999999,
                                1.25,
                                0.25,
                                0.0
                            ]
                        },
                        {
                            "node": "13",
                            "value_per_terminal": [
                                0.0,
                                0.250000000000001,
                                0.25,
                                0.0,
                                0.0,
                                0.0,
                                1.5,
                                0.25
                            ]
                        },
                        {
                            "node": "14",
                            "value_per_terminal": [
                                0.0,
                                0.250000000000001,
                                0.0,
                                0.0,
                                0.250000000000001,
                                0.0,
                                0.25,
                                1.5
                            ]
                        }
                    ],
                    "simplex": 2.25
                }
            }
        },
        "integer": {
            "optimization": {
                "objective_value": 8.75,
                "problem": "MIP",
                "type": "max"
            },
            "variables": {
                "GroupSimplexEmbedding": {
                    "nodes": [
                        {
                            "node": "0",
                            "value_per_terminal": [
                                1.25,
                                0.0,
                                0.0,
                                0.0,
                                0.0,
                                0.0,
                                0.0,
                                0.0
                            ]
                        },
                        {
                            "node": "1",
                            "value_per_terminal": [
                                0.25,
                                0.0,
                                0.25,
                                0.0,
                                0.25,
                                0.25,
                                0.25,
                                0.0
                            ]
                        },
                        {
                            "node": "2",
                            "value_per_terminal": [
                                0.25,
                                0.25,
                                0.25,
                                0.0,
                                0.0,
                                0.0,
                                0.25,
                                0.25
                            ]
                        },
                        {
                            "node": "3",
                            "value_per_terminal": [
                                0.25,
                                0.25,
                                0.0,
                                0.25,
                                0.0,
                                0.25,
                                0.25,
                                0.0
                            ]
                        },
                        {
                            "node": "4",
                            "value_per_terminal": [
                                0.25,
                                0.0,
                                0.0,
                                0.25,
                                0.25,
                                0.0,
                                0.25,
                                0.25
                            ]
                        },
                        {
                            "node": "5",
                            "value_per_terminal": [
                                0.25,
                                0.25,
                                0.25,
                                0.25,
                                0.25,
                                0.0,
                                0.0,
                                0.0
                            ]
                        },
                        {
                            "node": "6",
                            "value_per_terminal": [
                                0.25,
                                0.0,
                                0.25,
                                0.25,
                                0.0,
                                0.25,
                                0.0,
                                0.25
                            ]
                        },
                        {
                            "node": "7",
                            "value_per_terminal": [
                                0.25,
                                0.25,
                                0.0,
                                0.0,
                                0.25,
                                0.25,
                                0.0,
                                0.25
                            ]
                        },
                        {
                            "node": "8",
                            "value_per_terminal": [
                                0.0,
                                1.25,
                                0.0,
                                0.0,
                                0.0,
                                0.0,
                                0.0,
                                0.0
                            ]
                        },
                        {
                            "node": "9",
                            "value_per_terminal": [
                                0.0,
                                0.0,
                                1.25,
                                0.0,
                                0.0,
                                0.0,
                                0.0,
                                0.0
                            ]
                        },
                        {
                            "node": "10",
                            "value_per_terminal": [
                                0.0,
                                0.0,
                                0.0,
                                1.25,
                                0.0,
                                0.0,
                                0.0,
                                0.0
                            ]
                        },
                        {
                            "node": "11",
                            "value_per_terminal": [
                                0.0,
                                0.0,
                                0.0,
                                0.0,
                                1.25,
                                0.0,
                                0.0,
                                0.0
                            ]
                        },
                        {
                            "node": "12",
                            "value_per_terminal": [
                                0.0,
                                0.0,
                                0.0,
                                0.0,
                                0.0,
                                1.25,
                                0.0,
                                0.0
                            ]
                        },
                        {
                            "node": "13",
                            "value_per_terminal": [
                                0.0,
                                0.0,
                                0.0,
                                0.0,
                                0.0,
                                0.0,
                                1.25,
                                0.0
                            ]
                        },
                        {
                            "node": "14",
                            "value_per_terminal": [
                                0.0,
                                0.0,
                                0.0,
                                0.0,
                                0.0,
                                0.0,
                                0.0,
                                1.25
                            ]
                        }
                    ],
                    "simplex": 1.25
                }
            }
        }
    }
}

